{"C:\\Users\\JenniferThorpe\\Desktop\\Nackademin\\JavaScript4\\GitHunt\\githunt\\src\\components\\alert\\index.js":{"path":"C:\\Users\\JenniferThorpe\\Desktop\\Nackademin\\JavaScript4\\GitHunt\\githunt\\src\\components\\alert\\index.js","statementMap":{"0":{"start":{"line":3,"column":0},"end":{"line":5,"column":3}},"1":{"start":{"line":6,"column":0},"end":{"line":6,"column":25}},"2":{"start":{"line":8,"column":13},"end":{"line":8,"column":53}},"3":{"start":{"line":10,"column":17},"end":{"line":10,"column":62}},"4":{"start":{"line":12,"column":18},"end":{"line":12,"column":63}},"5":{"start":{"line":14,"column":39},"end":{"line":14,"column":93}},"6":{"start":{"line":16,"column":12},"end":{"line":20,"column":1}},"7":{"start":{"line":17,"column":2},"end":{"line":19,"column":21}},"8":{"start":{"line":22,"column":0},"end":{"line":24,"column":2}},"9":{"start":{"line":25,"column":15},"end":{"line":25,"column":20}},"10":{"start":{"line":26,"column":0},"end":{"line":26,"column":27}}},"fnMap":{"0":{"name":"_interopRequireDefault","decl":{"start":{"line":14,"column":9},"end":{"line":14,"column":31}},"loc":{"start":{"line":14,"column":37},"end":{"line":14,"column":95}},"line":14},"1":{"name":"Alert","decl":{"start":{"line":16,"column":21},"end":{"line":16,"column":26}},"loc":{"start":{"line":16,"column":34},"end":{"line":20,"column":1}},"line":16}},"branchMap":{"0":{"loc":{"start":{"line":14,"column":46},"end":{"line":14,"column":92}},"type":"cond-expr","locations":[{"start":{"line":14,"column":70},"end":{"line":14,"column":73}},{"start":{"line":14,"column":76},"end":{"line":14,"column":92}}],"line":14},"1":{"loc":{"start":{"line":14,"column":46},"end":{"line":14,"column":67}},"type":"binary-expr","locations":[{"start":{"line":14,"column":46},"end":{"line":14,"column":49}},{"start":{"line":14,"column":53},"end":{"line":14,"column":67}}],"line":14}},"s":{"0":1,"1":1,"2":1,"3":1,"4":1,"5":3,"6":1,"7":1,"8":1,"9":1,"10":1},"f":{"0":3,"1":1},"b":{"0":[0,3],"1":[3,3]},"inputSourceMap":{"version":3,"sources":["index.js"],"names":["Alert","props","type","children","propTypes","PropTypes","string","isRequired"],"mappings":";;;;;;;AAAA;;AACA;;AACA;;;;AAEA,IAAMA,KAAK,GAAG,SAARA,KAAQ,CAACC,KAAD;AAAA,SACZ;AAAK,IAAA,SAAS,EAAE,yBAAW,OAAX,kBAA6BA,KAAK,CAACC,IAAnC;AAAhB,KAA6DD,KAAK,CAACE,QAAnE,CADY;AAAA,CAAd;;AAIAH,KAAK,CAACI,SAAN,GAAkB;AAChBF,EAAAA,IAAI,EAAEG,mBAAUC,MAAV,CAAiBC;AADP,CAAlB;eAIeP,K","sourceRoot":"C:\\Users\\JenniferThorpe\\Desktop\\Nackademin\\JavaScript4\\GitHunt\\githunt\\src\\components\\alert","sourcesContent":["import React from 'react';\r\nimport PropTypes from 'prop-types';\r\nimport classnames from 'classnames';\r\n\r\nconst Alert = (props) => (\r\n  <div className={classnames('alert', `alert-${props.type}`)}>{props.children}</div>\r\n);\r\n\r\nAlert.propTypes = {\r\n  type: PropTypes.string.isRequired\r\n};\r\n\r\nexport default Alert;\r\n"]},"_coverageSchema":"1a1c01bbd47fc00a2c39e90264f33305004495a9","hash":"1ac80c43d2a509de9c42df7b9da4d6e08e96fa2f","contentHash":"42f833a9a0e01c1c20b8604a31a867805ad41be451f92d5ff92c1ae77bc51646"},"C:\\Users\\JenniferThorpe\\Desktop\\Nackademin\\JavaScript4\\GitHunt\\githunt\\src\\components\\filters\\date-jump-filter\\index.js":{"path":"C:\\Users\\JenniferThorpe\\Desktop\\Nackademin\\JavaScript4\\GitHunt\\githunt\\src\\components\\filters\\date-jump-filter\\index.js","statementMap":{"0":{"start":{"line":3,"column":0},"end":{"line":5,"column":3}},"1":{"start":{"line":6,"column":0},"end":{"line":6,"column":25}},"2":{"start":{"line":8,"column":13},"end":{"line":8,"column":53}},"3":{"start":{"line":10,"column":17},"end":{"line":10,"column":62}},"4":{"start":{"line":12,"column":18},"end":{"line":12,"column":39}},"5":{"start":{"line":14,"column":0},"end":{"line":14,"column":24}},"6":{"start":{"line":16,"column":39},"end":{"line":16,"column":93}},"7":{"start":{"line":18,"column":24},"end":{"line":18,"column":328}},"8":{"start":{"line":18,"column":99},"end":{"line":18,"column":154}},"9":{"start":{"line":18,"column":133},"end":{"line":18,"column":151}},"10":{"start":{"line":18,"column":164},"end":{"line":18,"column":326}},"11":{"start":{"line":18,"column":198},"end":{"line":18,"column":323}},"12":{"start":{"line":18,"column":329},"end":{"line":18,"column":349}},"13":{"start":{"line":20,"column":50},"end":{"line":20,"column":151}},"14":{"start":{"line":20,"column":92},"end":{"line":20,"column":149}},"15":{"start":{"line":22,"column":44},"end":{"line":22,"column":315}},"16":{"start":{"line":22,"column":57},"end":{"line":22,"column":58}},"17":{"start":{"line":22,"column":102},"end":{"line":22,"column":110}},"18":{"start":{"line":22,"column":112},"end":{"line":22,"column":167}},"19":{"start":{"line":22,"column":168},"end":{"line":22,"column":199}},"20":{"start":{"line":22,"column":200},"end":{"line":22,"column":254}},"21":{"start":{"line":22,"column":227},"end":{"line":22,"column":254}},"22":{"start":{"line":22,"column":255},"end":{"line":22,"column":313}},"23":{"start":{"line":24,"column":62},"end":{"line":24,"column":131}},"24":{"start":{"line":24,"column":78},"end":{"line":24,"column":131}},"25":{"start":{"line":24,"column":132},"end":{"line":24,"column":193}},"26":{"start":{"line":24,"column":149},"end":{"line":24,"column":193}},"27":{"start":{"line":24,"column":194},"end":{"line":24,"column":213}},"28":{"start":{"line":26,"column":50},"end":{"line":26,"column":138}},"29":{"start":{"line":26,"column":124},"end":{"line":26,"column":136}},"30":{"start":{"line":26,"column":139},"end":{"line":26,"column":175}},"31":{"start":{"line":28,"column":30},"end":{"line":28,"column":176}},"32":{"start":{"line":28,"column":126},"end":{"line":28,"column":173}},"33":{"start":{"line":28,"column":177},"end":{"line":28,"column":203}},"34":{"start":{"line":30,"column":40},"end":{"line":30,"column":151}},"35":{"start":{"line":30,"column":63},"end":{"line":30,"column":149}},"36":{"start":{"line":30,"column":152},"end":{"line":30,"column":164}},"37":{"start":{"line":32,"column":43},"end":{"line":32,"column":182}},"38":{"start":{"line":32,"column":106},"end":{"line":32,"column":180}},"39":{"start":{"line":32,"column":183},"end":{"line":32,"column":328}},"40":{"start":{"line":32,"column":329},"end":{"line":32,"column":383}},"41":{"start":{"line":32,"column":345},"end":{"line":32,"column":383}},"42":{"start":{"line":34,"column":33},"end":{"line":34,"column":138}},"43":{"start":{"line":34,"column":109},"end":{"line":34,"column":125}},"44":{"start":{"line":34,"column":126},"end":{"line":34,"column":135}},"45":{"start":{"line":34,"column":139},"end":{"line":34,"column":168}},"46":{"start":{"line":36,"column":44},"end":{"line":36,"column":195}},"47":{"start":{"line":36,"column":62},"end":{"line":36,"column":166}},"48":{"start":{"line":36,"column":176},"end":{"line":36,"column":193}},"49":{"start":{"line":36,"column":196},"end":{"line":36,"column":207}},"50":{"start":{"line":40,"column":0},"end":{"line":133,"column":27}},"51":{"start":{"line":41,"column":2},"end":{"line":41,"column":46}},"52":{"start":{"line":48,"column":4},"end":{"line":48,"column":42}},"53":{"start":{"line":50,"column":4},"end":{"line":52,"column":5}},"54":{"start":{"line":50,"column":20},"end":{"line":50,"column":36}},"55":{"start":{"line":50,"column":45},"end":{"line":50,"column":60}},"56":{"start":{"line":50,"column":69},"end":{"line":50,"column":70}},"57":{"start":{"line":51,"column":6},"end":{"line":51,"column":35}},"58":{"start":{"line":54,"column":4},"end":{"line":54,"column":149}},"59":{"start":{"line":56,"column":4},"end":{"line":58,"column":7}},"60":{"start":{"line":60,"column":4},"end":{"line":66,"column":7}},"61":{"start":{"line":61,"column":6},"end":{"line":63,"column":7}},"62":{"start":{"line":62,"column":8},"end":{"line":62,"column":15}},"63":{"start":{"line":65,"column":6},"end":{"line":65,"column":43}},"64":{"start":{"line":68,"column":4},"end":{"line":74,"column":7}},"65":{"start":{"line":69,"column":6},"end":{"line":73,"column":9}},"66":{"start":{"line":70,"column":8},"end":{"line":72,"column":10}},"67":{"start":{"line":76,"column":4},"end":{"line":76,"column":17}},"68":{"start":{"line":79,"column":2},"end":{"line":130,"column":6}},"69":{"start":{"line":82,"column":6},"end":{"line":97,"column":7}},"70":{"start":{"line":84,"column":10},"end":{"line":84,"column":25}},"71":{"start":{"line":87,"column":10},"end":{"line":87,"column":27}},"72":{"start":{"line":90,"column":10},"end":{"line":90,"column":26}},"73":{"start":{"line":93,"column":10},"end":{"line":93,"column":26}},"74":{"start":{"line":96,"column":10},"end":{"line":96,"column":26}},"75":{"start":{"line":102,"column":19},"end":{"line":102,"column":23}},"76":{"start":{"line":104,"column":6},"end":{"line":128,"column":20}},"77":{"start":{"line":114,"column":10},"end":{"line":114,"column":47}},"78":{"start":{"line":118,"column":10},"end":{"line":118,"column":48}},"79":{"start":{"line":122,"column":10},"end":{"line":122,"column":47}},"80":{"start":{"line":126,"column":10},"end":{"line":126,"column":46}},"81":{"start":{"line":132,"column":2},"end":{"line":132,"column":24}},"82":{"start":{"line":135,"column":0},"end":{"line":138,"column":2}},"83":{"start":{"line":139,"column":15},"end":{"line":139,"column":29}},"84":{"start":{"line":140,"column":0},"end":{"line":140,"column":27}}},"fnMap":{"0":{"name":"_interopRequireDefault","decl":{"start":{"line":16,"column":9},"end":{"line":16,"column":31}},"loc":{"start":{"line":16,"column":37},"end":{"line":16,"column":95}},"line":16},"1":{"name":"_typeof","decl":{"start":{"line":18,"column":9},"end":{"line":18,"column":16}},"loc":{"start":{"line":18,"column":22},"end":{"line":18,"column":351}},"line":18},"2":{"name":"_typeof","decl":{"start":{"line":18,"column":118},"end":{"line":18,"column":125}},"loc":{"start":{"line":18,"column":131},"end":{"line":18,"column":153}},"line":18},"3":{"name":"_typeof","decl":{"start":{"line":18,"column":183},"end":{"line":18,"column":190}},"loc":{"start":{"line":18,"column":196},"end":{"line":18,"column":325}},"line":18},"4":{"name":"_classCallCheck","decl":{"start":{"line":20,"column":9},"end":{"line":20,"column":24}},"loc":{"start":{"line":20,"column":48},"end":{"line":20,"column":153}},"line":20},"5":{"name":"_defineProperties","decl":{"start":{"line":22,"column":9},"end":{"line":22,"column":26}},"loc":{"start":{"line":22,"column":42},"end":{"line":22,"column":317}},"line":22},"6":{"name":"_createClass","decl":{"start":{"line":24,"column":9},"end":{"line":24,"column":21}},"loc":{"start":{"line":24,"column":60},"end":{"line":24,"column":215}},"line":24},"7":{"name":"_possibleConstructorReturn","decl":{"start":{"line":26,"column":9},"end":{"line":26,"column":35}},"loc":{"start":{"line":26,"column":48},"end":{"line":26,"column":177}},"line":26},"8":{"name":"_getPrototypeOf","decl":{"start":{"line":28,"column":9},"end":{"line":28,"column":24}},"loc":{"start":{"line":28,"column":28},"end":{"line":28,"column":205}},"line":28},"9":{"name":"_getPrototypeOf","decl":{"start":{"line":28,"column":105},"end":{"line":28,"column":120}},"loc":{"start":{"line":28,"column":124},"end":{"line":28,"column":175}},"line":28},"10":{"name":"_assertThisInitialized","decl":{"start":{"line":30,"column":9},"end":{"line":30,"column":31}},"loc":{"start":{"line":30,"column":38},"end":{"line":30,"column":166}},"line":30},"11":{"name":"_inherits","decl":{"start":{"line":32,"column":9},"end":{"line":32,"column":18}},"loc":{"start":{"line":32,"column":41},"end":{"line":32,"column":385}},"line":32},"12":{"name":"_setPrototypeOf","decl":{"start":{"line":34,"column":9},"end":{"line":34,"column":24}},"loc":{"start":{"line":34,"column":31},"end":{"line":34,"column":170}},"line":34},"13":{"name":"_setPrototypeOf","decl":{"start":{"line":34,"column":85},"end":{"line":34,"column":100}},"loc":{"start":{"line":34,"column":107},"end":{"line":34,"column":137}},"line":34},"14":{"name":"_defineProperty","decl":{"start":{"line":36,"column":9},"end":{"line":36,"column":24}},"loc":{"start":{"line":36,"column":42},"end":{"line":36,"column":209}},"line":36},"15":{"name":"(anonymous_15)","decl":{"start":{"line":40,"column":0},"end":{"line":40,"column":1}},"loc":{"start":{"line":40,"column":28},"end":{"line":133,"column":1}},"line":40},"16":{"name":"DateJumpFilter","decl":{"start":{"line":43,"column":11},"end":{"line":43,"column":25}},"loc":{"start":{"line":43,"column":28},"end":{"line":77,"column":3}},"line":43},"17":{"name":"(anonymous_17)","decl":{"start":{"line":60,"column":69},"end":{"line":60,"column":70}},"loc":{"start":{"line":60,"column":89},"end":{"line":66,"column":5}},"line":60},"18":{"name":"(anonymous_18)","decl":{"start":{"line":68,"column":61},"end":{"line":68,"column":62}},"loc":{"start":{"line":68,"column":73},"end":{"line":74,"column":5}},"line":68},"19":{"name":"(anonymous_19)","decl":{"start":{"line":69,"column":21},"end":{"line":69,"column":22}},"loc":{"start":{"line":69,"column":42},"end":{"line":73,"column":7}},"line":69},"20":{"name":"getSelectedDateJump","decl":{"start":{"line":81,"column":20},"end":{"line":81,"column":39}},"loc":{"start":{"line":81,"column":42},"end":{"line":98,"column":5}},"line":81},"21":{"name":"render","decl":{"start":{"line":101,"column":20},"end":{"line":101,"column":26}},"loc":{"start":{"line":101,"column":29},"end":{"line":129,"column":5}},"line":101},"22":{"name":"onClick","decl":{"start":{"line":113,"column":26},"end":{"line":113,"column":33}},"loc":{"start":{"line":113,"column":36},"end":{"line":115,"column":9}},"line":113},"23":{"name":"onClick","decl":{"start":{"line":117,"column":26},"end":{"line":117,"column":33}},"loc":{"start":{"line":117,"column":36},"end":{"line":119,"column":9}},"line":117},"24":{"name":"onClick","decl":{"start":{"line":121,"column":26},"end":{"line":121,"column":33}},"loc":{"start":{"line":121,"column":36},"end":{"line":123,"column":9}},"line":121},"25":{"name":"onClick","decl":{"start":{"line":125,"column":26},"end":{"line":125,"column":33}},"loc":{"start":{"line":125,"column":36},"end":{"line":127,"column":9}},"line":125}},"branchMap":{"0":{"loc":{"start":{"line":16,"column":46},"end":{"line":16,"column":92}},"type":"cond-expr","locations":[{"start":{"line":16,"column":70},"end":{"line":16,"column":73}},{"start":{"line":16,"column":76},"end":{"line":16,"column":92}}],"line":16},"1":{"loc":{"start":{"line":16,"column":46},"end":{"line":16,"column":67}},"type":"binary-expr","locations":[{"start":{"line":16,"column":46},"end":{"line":16,"column":49}},{"start":{"line":16,"column":53},"end":{"line":16,"column":67}}],"line":16},"2":{"loc":{"start":{"line":18,"column":24},"end":{"line":18,"column":328}},"type":"if","locations":[{"start":{"line":18,"column":24},"end":{"line":18,"column":328}},{"start":{"line":18,"column":24},"end":{"line":18,"column":328}}],"line":18},"3":{"loc":{"start":{"line":18,"column":28},"end":{"line":18,"column":95}},"type":"binary-expr","locations":[{"start":{"line":18,"column":28},"end":{"line":18,"column":56}},{"start":{"line":18,"column":60},"end":{"line":18,"column":95}}],"line":18},"4":{"loc":{"start":{"line":18,"column":205},"end":{"line":18,"column":322}},"type":"cond-expr","locations":[{"start":{"line":18,"column":301},"end":{"line":18,"column":309}},{"start":{"line":18,"column":312},"end":{"line":18,"column":322}}],"line":18},"5":{"loc":{"start":{"line":18,"column":205},"end":{"line":18,"column":298}},"type":"binary-expr","locations":[{"start":{"line":18,"column":205},"end":{"line":18,"column":208}},{"start":{"line":18,"column":212},"end":{"line":18,"column":240}},{"start":{"line":18,"column":244},"end":{"line":18,"column":270}},{"start":{"line":18,"column":274},"end":{"line":18,"column":298}}],"line":18},"6":{"loc":{"start":{"line":20,"column":50},"end":{"line":20,"column":151}},"type":"if","locations":[{"start":{"line":20,"column":50},"end":{"line":20,"column":151}},{"start":{"line":20,"column":50},"end":{"line":20,"column":151}}],"line":20},"7":{"loc":{"start":{"line":22,"column":136},"end":{"line":22,"column":166}},"type":"binary-expr","locations":[{"start":{"line":22,"column":136},"end":{"line":22,"column":157}},{"start":{"line":22,"column":161},"end":{"line":22,"column":166}}],"line":22},"8":{"loc":{"start":{"line":22,"column":200},"end":{"line":22,"column":254}},"type":"if","locations":[{"start":{"line":22,"column":200},"end":{"line":22,"column":254}},{"start":{"line":22,"column":200},"end":{"line":22,"column":254}}],"line":22},"9":{"loc":{"start":{"line":24,"column":62},"end":{"line":24,"column":131}},"type":"if","locations":[{"start":{"line":24,"column":62},"end":{"line":24,"column":131}},{"start":{"line":24,"column":62},"end":{"line":24,"column":131}}],"line":24},"10":{"loc":{"start":{"line":24,"column":132},"end":{"line":24,"column":193}},"type":"if","locations":[{"start":{"line":24,"column":132},"end":{"line":24,"column":193}},{"start":{"line":24,"column":132},"end":{"line":24,"column":193}}],"line":24},"11":{"loc":{"start":{"line":26,"column":50},"end":{"line":26,"column":138}},"type":"if","locations":[{"start":{"line":26,"column":50},"end":{"line":26,"column":138}},{"start":{"line":26,"column":50},"end":{"line":26,"column":138}}],"line":26},"12":{"loc":{"start":{"line":26,"column":54},"end":{"line":26,"column":120}},"type":"binary-expr","locations":[{"start":{"line":26,"column":54},"end":{"line":26,"column":58}},{"start":{"line":26,"column":63},"end":{"line":26,"column":89}},{"start":{"line":26,"column":93},"end":{"line":26,"column":119}}],"line":26},"13":{"loc":{"start":{"line":28,"column":48},"end":{"line":28,"column":175}},"type":"cond-expr","locations":[{"start":{"line":28,"column":72},"end":{"line":28,"column":93}},{"start":{"line":28,"column":96},"end":{"line":28,"column":175}}],"line":28},"14":{"loc":{"start":{"line":28,"column":133},"end":{"line":28,"column":172}},"type":"binary-expr","locations":[{"start":{"line":28,"column":133},"end":{"line":28,"column":144}},{"start":{"line":28,"column":148},"end":{"line":28,"column":172}}],"line":28},"15":{"loc":{"start":{"line":30,"column":40},"end":{"line":30,"column":151}},"type":"if","locations":[{"start":{"line":30,"column":40},"end":{"line":30,"column":151}},{"start":{"line":30,"column":40},"end":{"line":30,"column":151}}],"line":30},"16":{"loc":{"start":{"line":32,"column":43},"end":{"line":32,"column":182}},"type":"if","locations":[{"start":{"line":32,"column":43},"end":{"line":32,"column":182}},{"start":{"line":32,"column":43},"end":{"line":32,"column":182}}],"line":32},"17":{"loc":{"start":{"line":32,"column":47},"end":{"line":32,"column":102}},"type":"binary-expr","locations":[{"start":{"line":32,"column":47},"end":{"line":32,"column":79}},{"start":{"line":32,"column":83},"end":{"line":32,"column":102}}],"line":32},"18":{"loc":{"start":{"line":32,"column":218},"end":{"line":32,"column":252}},"type":"binary-expr","locations":[{"start":{"line":32,"column":218},"end":{"line":32,"column":228}},{"start":{"line":32,"column":232},"end":{"line":32,"column":252}}],"line":32},"19":{"loc":{"start":{"line":32,"column":329},"end":{"line":32,"column":383}},"type":"if","locations":[{"start":{"line":32,"column":329},"end":{"line":32,"column":383}},{"start":{"line":32,"column":329},"end":{"line":32,"column":383}}],"line":32},"20":{"loc":{"start":{"line":34,"column":51},"end":{"line":34,"column":137}},"type":"binary-expr","locations":[{"start":{"line":34,"column":51},"end":{"line":34,"column":72}},{"start":{"line":34,"column":76},"end":{"line":34,"column":137}}],"line":34},"21":{"loc":{"start":{"line":36,"column":44},"end":{"line":36,"column":195}},"type":"if","locations":[{"start":{"line":36,"column":44},"end":{"line":36,"column":195}},{"start":{"line":36,"column":44},"end":{"line":36,"column":195}}],"line":36},"22":{"loc":{"start":{"line":61,"column":6},"end":{"line":63,"column":7}},"type":"if","locations":[{"start":{"line":61,"column":6},"end":{"line":63,"column":7}},{"start":{"line":61,"column":6},"end":{"line":63,"column":7}}],"line":61},"23":{"loc":{"start":{"line":82,"column":6},"end":{"line":97,"column":7}},"type":"switch","locations":[{"start":{"line":83,"column":8},"end":{"line":84,"column":25}},{"start":{"line":86,"column":8},"end":{"line":87,"column":27}},{"start":{"line":89,"column":8},"end":{"line":90,"column":26}},{"start":{"line":92,"column":8},"end":{"line":93,"column":26}},{"start":{"line":95,"column":8},"end":{"line":96,"column":26}}],"line":82}},"s":{"0":1,"1":1,"2":1,"3":1,"4":1,"5":1,"6":2,"7":0,"8":0,"9":0,"10":0,"11":0,"12":0,"13":5,"14":0,"15":1,"16":1,"17":2,"18":2,"19":2,"20":2,"21":2,"22":2,"23":1,"24":1,"25":1,"26":0,"27":1,"28":5,"29":0,"30":5,"31":1,"32":0,"33":1,"34":20,"35":0,"36":20,"37":1,"38":0,"39":1,"40":1,"41":1,"42":1,"43":0,"44":0,"45":1,"46":15,"47":0,"48":15,"49":15,"50":1,"51":1,"52":5,"53":5,"54":5,"55":5,"56":5,"57":15,"58":5,"59":5,"60":5,"61":2,"62":1,"63":1,"64":5,"65":1,"66":1,"67":5,"68":1,"69":15,"70":2,"71":2,"72":2,"73":7,"74":2,"75":10,"76":10,"77":0,"78":0,"79":0,"80":0,"81":1,"82":1,"83":1,"84":1},"f":{"0":2,"1":0,"2":0,"3":0,"4":5,"5":1,"6":1,"7":5,"8":1,"9":0,"10":20,"11":1,"12":1,"13":0,"14":15,"15":1,"16":5,"17":2,"18":1,"19":1,"20":15,"21":10,"22":0,"23":0,"24":0,"25":0},"b":{"0":[0,2],"1":[2,2],"2":[0,0],"3":[0,0],"4":[0,0],"5":[0,0,0,0],"6":[0,5],"7":[2,2],"8":[2,0],"9":[1,0],"10":[0,1],"11":[0,5],"12":[5,0,0],"13":[1,0],"14":[0,0],"15":[0,20],"16":[0,1],"17":[1,0],"18":[1,1],"19":[1,0],"20":[1,0],"21":[0,15],"22":[1,1],"23":[2,2,2,7,2]},"inputSourceMap":{"version":3,"sources":["index.js"],"names":["DateJumpFilter","dropdownOpen","dateJump","props","selectedDateJump","updateDateJump","setState","prevState","state","toggle","getSelectedDateJump","React","Component","propTypes","PropTypes","func","isRequired","string"],"mappings":";;;;;;;AAAA;;AACA;;AACA;;AAEA;;;;;;;;;;;;;;;;;;;;;;;;IAEMA,c;;;;;;;;;;;;;;;;;;4DACI;AACNC,MAAAA,YAAY,EAAE;AADR,K;;qEAIS,UAACC,QAAD,EAAc;AAC7B,UAAIA,QAAQ,KAAK,MAAKC,KAAL,CAAWC,gBAA5B,EAA8C;AAC5C;AACD;;AAED,YAAKD,KAAL,CAAWE,cAAX,CAA0BH,QAA1B;AACD,K;;6DAEQ,YAAM;AACb,YAAKI,QAAL,CAAc,UAAAC,SAAS;AAAA,eAAK;AAC1BN,UAAAA,YAAY,EAAE,CAACM,SAAS,CAACN;AADC,SAAL;AAAA,OAAvB;AAGD,K;;;;;;;0CAEqB;AACpB,cAAQ,KAAKE,KAAL,CAAWC,gBAAnB;AACE,aAAK,KAAL;AACE,iBAAO,OAAP;;AACF,aAAK,OAAL;AACE,iBAAO,SAAP;;AACF,aAAK,MAAL;AACE,iBAAO,QAAP;;AACF,aAAK,MAAL;AACE,iBAAO,QAAP;;AACF;AACE,iBAAO,QAAP;AAVJ;AAYD;;;6BAEQ;AAAA;;AACP,aACE,6BAAC,oBAAD;AAAU,QAAA,SAAS,EAAC,gBAApB;AAAqC,QAAA,MAAM,EAAE,KAAKI,KAAL,CAAWP,YAAxD;AAAsE,QAAA,MAAM,EAAE,KAAKQ;AAAnF,SACE,6BAAC,0BAAD;AAAgB,QAAA,SAAS,EAAC;AAA1B,SACE;AAAG,QAAA,SAAS,EAAC;AAAb,QADF,EAEG,KAAKC,mBAAL,EAFH,CADF,EAKE,6BAAC,wBAAD,QACE,6BAAC,wBAAD;AAAc,QAAA,OAAO,EAAE;AAAA,iBAAM,MAAI,CAACL,cAAL,CAAoB,MAApB,CAAN;AAAA;AAAvB,kBADF,EAEE,6BAAC,wBAAD;AAAc,QAAA,OAAO,EAAE;AAAA,iBAAM,MAAI,CAACA,cAAL,CAAoB,OAApB,CAAN;AAAA;AAAvB,mBAFF,EAGE,6BAAC,wBAAD;AAAc,QAAA,OAAO,EAAE;AAAA,iBAAM,MAAI,CAACA,cAAL,CAAoB,MAApB,CAAN;AAAA;AAAvB,kBAHF,EAIE,6BAAC,wBAAD;AAAc,QAAA,OAAO,EAAE;AAAA,iBAAM,MAAI,CAACA,cAAL,CAAoB,KAApB,CAAN;AAAA;AAAvB,iBAJF,CALF,CADF;AAcD;;;;EAjD0BM,eAAMC,S;;AAoDnCZ,cAAc,CAACa,SAAf,GAA2B;AACzBR,EAAAA,cAAc,EAAES,mBAAUC,IAAV,CAAeC,UADN;AAEzBZ,EAAAA,gBAAgB,EAAEU,mBAAUG;AAFH,CAA3B;eAKejB,c","sourceRoot":"C:\\Users\\JenniferThorpe\\Desktop\\Nackademin\\JavaScript4\\GitHunt\\githunt\\src\\components\\filters\\date-jump-filter","sourcesContent":["import React from 'react';\r\nimport PropTypes from 'prop-types';\r\nimport { Dropdown, DropdownItem, DropdownMenu, DropdownToggle } from 'reactstrap';\r\n\r\nimport './styles.css';\r\n\r\nclass DateJumpFilter extends React.Component {\r\n  state = {\r\n    dropdownOpen: false\r\n  };\r\n\r\n  updateDateJump = (dateJump) => {\r\n    if (dateJump === this.props.selectedDateJump) {\r\n      return;\r\n    }\r\n\r\n    this.props.updateDateJump(dateJump);\r\n  };\r\n\r\n  toggle = () => {\r\n    this.setState(prevState => ({\r\n      dropdownOpen: !prevState.dropdownOpen\r\n    }));\r\n  };\r\n\r\n  getSelectedDateJump() {\r\n    switch (this.props.selectedDateJump) {\r\n      case 'day':\r\n        return 'Daily';\r\n      case 'month':\r\n        return 'Monthly';\r\n      case 'year':\r\n        return 'Yearly';\r\n      case 'week':\r\n        return 'Weekly';\r\n      default:\r\n        return 'Weekly';\r\n    }\r\n  }\r\n\r\n  render() {\r\n    return (\r\n      <Dropdown className='date-jump-wrap' isOpen={this.state.dropdownOpen} toggle={this.toggle}>\r\n        <DropdownToggle className='date-jump-type shadowed'>\r\n          <i className=\"fa fa-calendar mr-2\"></i>\r\n          {this.getSelectedDateJump()}\r\n        </DropdownToggle>\r\n        <DropdownMenu>\r\n          <DropdownItem onClick={() => this.updateDateJump('year')}>Yearly</DropdownItem>\r\n          <DropdownItem onClick={() => this.updateDateJump('month')}>Monthly</DropdownItem>\r\n          <DropdownItem onClick={() => this.updateDateJump('week')}>Weekly</DropdownItem>\r\n          <DropdownItem onClick={() => this.updateDateJump('day')}>Daily</DropdownItem>\r\n        </DropdownMenu>\r\n      </Dropdown>\r\n    );\r\n  }\r\n}\r\n\r\nDateJumpFilter.propTypes = {\r\n  updateDateJump: PropTypes.func.isRequired,\r\n  selectedDateJump: PropTypes.string\r\n};\r\n\r\nexport default DateJumpFilter;\r\n"]},"_coverageSchema":"1a1c01bbd47fc00a2c39e90264f33305004495a9","hash":"94b81bdda28ef17529ceafaed898e4a70b73de1b","contentHash":"d9b848c153e560061cf9c20d76eb442ddcbc0ad5006283c0983dd3e6a2301d3a"},"C:\\Users\\JenniferThorpe\\Desktop\\Nackademin\\JavaScript4\\GitHunt\\githunt\\src\\components\\filters\\index.js":{"path":"C:\\Users\\JenniferThorpe\\Desktop\\Nackademin\\JavaScript4\\GitHunt\\githunt\\src\\components\\filters\\index.js","statementMap":{"0":{"start":{"line":3,"column":0},"end":{"line":5,"column":3}},"1":{"start":{"line":6,"column":0},"end":{"line":6,"column":25}},"2":{"start":{"line":8,"column":13},"end":{"line":8,"column":53}},"3":{"start":{"line":10,"column":17},"end":{"line":10,"column":62}},"4":{"start":{"line":12,"column":22},"end":{"line":12,"column":74}},"5":{"start":{"line":14,"column":18},"end":{"line":14,"column":66}},"6":{"start":{"line":16,"column":0},"end":{"line":16,"column":24}},"7":{"start":{"line":18,"column":22},"end":{"line":18,"column":75}},"8":{"start":{"line":20,"column":39},"end":{"line":20,"column":93}},"9":{"start":{"line":22,"column":14},"end":{"line":36,"column":1}},"10":{"start":{"line":23,"column":2},"end":{"line":35,"column":7}},"11":{"start":{"line":38,"column":0},"end":{"line":43,"column":2}},"12":{"start":{"line":44,"column":15},"end":{"line":44,"column":22}},"13":{"start":{"line":45,"column":0},"end":{"line":45,"column":27}}},"fnMap":{"0":{"name":"_interopRequireDefault","decl":{"start":{"line":20,"column":9},"end":{"line":20,"column":31}},"loc":{"start":{"line":20,"column":37},"end":{"line":20,"column":95}},"line":20},"1":{"name":"Filters","decl":{"start":{"line":22,"column":23},"end":{"line":22,"column":30}},"loc":{"start":{"line":22,"column":38},"end":{"line":36,"column":1}},"line":22}},"branchMap":{"0":{"loc":{"start":{"line":20,"column":46},"end":{"line":20,"column":92}},"type":"cond-expr","locations":[{"start":{"line":20,"column":70},"end":{"line":20,"column":73}},{"start":{"line":20,"column":76},"end":{"line":20,"column":92}}],"line":20},"1":{"loc":{"start":{"line":20,"column":46},"end":{"line":20,"column":67}},"type":"binary-expr","locations":[{"start":{"line":20,"column":46},"end":{"line":20,"column":49}},{"start":{"line":20,"column":53},"end":{"line":20,"column":67}}],"line":20}},"s":{"0":1,"1":1,"2":1,"3":1,"4":1,"5":1,"6":1,"7":1,"8":5,"9":1,"10":2,"11":1,"12":1,"13":1},"f":{"0":5,"1":2},"b":{"0":[2,3],"1":[5,5]},"inputSourceMap":{"version":3,"sources":["index.js"],"names":["Filters","props","updateDateJump","selectedDateJump","selectedViewType","updateViewType","propTypes","PropTypes","func","isRequired","string"],"mappings":";;;;;;;AAAA;;AACA;;AAEA;;AACA;;AACA;;AACA;;;;AAEA,IAAMA,OAAO,GAAG,SAAVA,OAAU,CAACC,KAAD;AAAA,SACd;AAAK,IAAA,SAAS,EAAC;AAAf,KACE;AAAK,IAAA,SAAS,EAAC;AAAf,KACE,6BAAC,uBAAD;AACE,IAAA,cAAc,EAAEA,KAAK,CAACC,cADxB;AAEE,IAAA,gBAAgB,EAAED,KAAK,CAACE;AAF1B,IADF,CADF,EAOE;AAAK,IAAA,SAAS,EAAC;AAAf,KACE,6BAAC,mBAAD;AACE,IAAA,gBAAgB,EAAEF,KAAK,CAACG,gBAD1B;AAEE,IAAA,cAAc,EAAEH,KAAK,CAACI;AAFxB,IADF,CAPF,CADc;AAAA,CAAhB;;AAiBAL,OAAO,CAACM,SAAR,GAAoB;AAClBD,EAAAA,cAAc,EAAEE,mBAAUC,IAAV,CAAeC,UADb;AAElBP,EAAAA,cAAc,EAAEK,mBAAUC,IAAV,CAAeC,UAFb;AAGlBL,EAAAA,gBAAgB,EAAEG,mBAAUG,MAHV;AAIlBP,EAAAA,gBAAgB,EAAEI,mBAAUG;AAJV,CAApB;eAOeV,O","sourceRoot":"C:\\Users\\JenniferThorpe\\Desktop\\Nackademin\\JavaScript4\\GitHunt\\githunt\\src\\components\\filters","sourcesContent":["import React from 'react';\r\nimport PropTypes from 'prop-types';\r\n\r\nimport LanguageFilter from './language-filter';\r\nimport ViewFilter from './view-filter';\r\nimport './styles.css';\r\nimport DateJumpFilter from './date-jump-filter';\r\n\r\nconst Filters = (props) => (\r\n  <div className=\"filters-wrap mt-3 mt-sm-3 mt-md-0 mt-xl-0 mt-lg-0\">\r\n    <div className=\"filter-item\">\r\n      <DateJumpFilter\r\n        updateDateJump={props.updateDateJump}\r\n        selectedDateJump={props.selectedDateJump}\r\n      />\r\n    </div>\r\n    <div className=\"filter-item d-none d-sm-none d-md-none d-xl-block d-lg-block\">\r\n      <ViewFilter\r\n        selectedViewType={props.selectedViewType}\r\n        updateViewType={props.updateViewType}\r\n      />\r\n    </div>\r\n  </div>\r\n);\r\n\r\nFilters.propTypes = {\r\n  updateViewType: PropTypes.func.isRequired,\r\n  updateDateJump: PropTypes.func.isRequired,\r\n  selectedViewType: PropTypes.string,\r\n  selectedDateJump: PropTypes.string\r\n};\r\n\r\nexport default Filters;\r\n"]},"_coverageSchema":"1a1c01bbd47fc00a2c39e90264f33305004495a9","hash":"7ad947bab37552a1472c0a09c6f5875036cca738","contentHash":"5b438dd97493232a626065b0f0f43bf98b3640e4b44a83328a76208718e97697"},"C:\\Users\\JenniferThorpe\\Desktop\\Nackademin\\JavaScript4\\GitHunt\\githunt\\src\\components\\filters\\language-filter\\index.js":{"path":"C:\\Users\\JenniferThorpe\\Desktop\\Nackademin\\JavaScript4\\GitHunt\\githunt\\src\\components\\filters\\language-filter\\index.js","statementMap":{},"fnMap":{},"branchMap":{},"s":{},"f":{},"b":{},"inputSourceMap":{"version":3,"sources":["index.js"],"names":[],"mappings":"AAAA;AACA;AACA;AACA;AAEA;AACA;AAEA;AACA;AAEA;AACA;AACA;AACA;AACA;AAEA;AACA;AACA;AAEA;AACA;AACA;AACA;AACA;AAEA;AACA;AACA;AACA;AACA;AAEA;AACA;AACA;AACA;AACA;AAEA;AACA;AACA;AACA;AAEA;AACA;AAEA;AACA;AAEA;AACA;AACA;AACA;AAEA;AACA;AACA;AAEA;AACA;AAEA;AACA;AAEA;AACA;AAEA;AACA;AAEA;AACA;AACA;AACA;AACA;AACA;AACA;AACA;AACA;AACA;AAEA;AACA;AAEA;AACA;AACA;AAEA;AACA;AACA;AAEA;AACA;AAEA;AACA;AACA;AACA;AACA;AACA;AACA;AACA;AACA;AACA;AACA;AACA;AACA;AAEA;AACA;AACA;AACA;AACA;AACA;AAEA;AACA;AACA;AACA;AAEA;AACA;AAEA;AACA;AACA;AACA;AACA;AACA;AAEA;AACA;AACA;AACA;AACA;AACA;AAEA;AACA;AACA;AACA;AACA;AACA;AACA;AACA;AACA;AACA;AACA;AACA;AACA;AACA;AACA;AACA;AACA;AACA;AACA;AACA;AACA;AACA;AACA;AACA;AAEA;AACA;AACA;AACA;AACA;AAEA;AACA;AACA;AACA;AACA;AACA;AACA;AACA;AACA;AACA;AACA;AACA;AAEA;AACA;AACA;AACA;AAEA","sourceRoot":"C:\\Users\\JenniferThorpe\\Desktop\\Nackademin\\JavaScript4\\GitHunt\\githunt\\src\\components\\filters\\language-filter","sourcesContent":["// import React from 'react';\r\n// import ReactDOM from 'react-dom';\r\n// import PropTypes from 'prop-types';\r\n// import classNames from 'classnames';\r\n\r\n// import './styles.css';\r\n// import languages from './languages';\r\n\r\n// class LanguageFilter extends React.Component {\r\n//   filterInputRef = React.createRef();\r\n\r\n//   state = {\r\n//     filterText: '',\r\n//     selectedIndex: 0,\r\n//     showDropdown: false\r\n//   };\r\n\r\n//   focusFilterInput = () => {\r\n//     this.filterInputRef.current.focus();\r\n//   };\r\n\r\n//   componentDidUpdate(prevProps, prevState) {\r\n//     // only scroll into view if the active item changed since last render\r\n//     if (prevState.selectedIndex !== this.state.selectedIndex) {\r\n//       this.ensureSelectedVisible();\r\n//     }\r\n\r\n//     // If the dropdown has just been made visible focus the input\r\n//     if (this.state.showDropdown && !prevState.showDropdown) {\r\n//       this.focusFilterInput();\r\n//     }\r\n//   }\r\n\r\n//   ensureSelectedVisible() {\r\n//     const itemComponent = this.refs.activeItem;\r\n//     if (!itemComponent) {\r\n//       return;\r\n//     }\r\n\r\n//     const domNode = ReactDOM.findDOMNode(itemComponent);\r\n//     if (!domNode) {\r\n//       return;\r\n//     }\r\n\r\n//     domNode.scrollIntoView({ block: 'end' });\r\n//   }\r\n\r\n//   getFilteredLanguages() {\r\n//     let availableLanguages = [...languages];\r\n\r\n//     if (this.state.filterText) {\r\n//       availableLanguages = availableLanguages.filter(language => {\r\n//         const languageText = language.title.toLowerCase();\r\n//         const selectedText = this.state.filterText.toLowerCase();\r\n\r\n//         return languageText.indexOf(selectedText) >= 0;\r\n//       });\r\n//     }\r\n\r\n//     return availableLanguages;\r\n//   }\r\n\r\n//   renderLanguages() {\r\n//     let availableLanguages = this.getFilteredLanguages();\r\n\r\n//     return availableLanguages.map((language, counter) => {\r\n//       const isSelectedIndex = counter === this.state.selectedIndex;\r\n\r\n//       // This will be used in making sure of the element visibility\r\n//       const refProp = isSelectedIndex ? { ref: 'activeItem' } : {};\r\n\r\n//       return (\r\n//         <a className={ classNames('select-menu-item', { 'active-item': isSelectedIndex }) }\r\n//            { ...refProp }\r\n//            onMouseDown={ () => this.selectLanguage(counter) }\r\n//            key={ counter }>\r\n//           <span className=\"select-menu-item-text\">{ language.title }</span>\r\n//         </a>\r\n//       );\r\n//     });\r\n//   }\r\n\r\n//   onKeyDown = e => {\r\n//     const { selectedIndex } = this.state;\r\n\r\n//     const isEnterKey = e.keyCode === 13;\r\n//     const isUpKey = e.keyCode === 38;\r\n//     const isDownKey = e.keyCode === 40;\r\n\r\n//     if (!isUpKey && !isDownKey && !isEnterKey) {\r\n//       return;\r\n//     }\r\n\r\n//     const filteredLanguages = this.getFilteredLanguages();\r\n//     e.preventDefault();\r\n\r\n//     // arrow up/down button should select next/previous list element\r\n//     if (isUpKey && selectedIndex > 0) {\r\n//       this.setState(prevState => ({\r\n//         selectedIndex: prevState.selectedIndex - 1\r\n//       }));\r\n//     } else if (isDownKey && selectedIndex < (filteredLanguages.length - 1)) {\r\n//       this.setState(prevState => ({\r\n//         selectedIndex: prevState.selectedIndex + 1\r\n//       }));\r\n//     } else if (isEnterKey && filteredLanguages[selectedIndex]) {\r\n//       this.selectLanguage(selectedIndex);\r\n//     }\r\n//   };\r\n\r\n//   selectLanguage = (selectedIndex) => {\r\n//     const filteredLanguages = this.getFilteredLanguages();\r\n//     const selectedLanguage = filteredLanguages[selectedIndex];\r\n//     if (!selectedLanguage) {\r\n//       return;\r\n//     }\r\n\r\n//     this.setState({\r\n//       filterText: '',\r\n//       showDropdown: false\r\n//     });\r\n\r\n//     this.props.updateLanguage(selectedLanguage.value);\r\n//   };\r\n\r\n//   hideDropdown = () => {\r\n//     this.setState({\r\n//       showDropdown: false,\r\n//       filterText: ''\r\n//     });\r\n//   };\r\n\r\n//   filterLanguages = (e) => {\r\n//     this.setState({\r\n//       filterText: e.target.value,\r\n//       selectedIndex: 0      // Reset and select the first language\r\n//     });\r\n//   };\r\n\r\n//   getLanguageDropdown() {\r\n//     return (\r\n//       <div className=\"language-select\">\r\n//         <div className=\"select-menu-header\">\r\n//           <span className=\"select-menu-title\">Search Language</span>\r\n//         </div>\r\n//         <div className=\"select-menu-filters\">\r\n//           <div className=\"select-menu-text-filter\">\r\n//             <input type=\"text\"\r\n//                    className=\"form-control\"\r\n//                    placeholder=\"Filter Languages\"\r\n//                    ref={ this.filterInputRef }\r\n//                    onBlur={ this.hideDropdown }\r\n//                    onChange={ this.filterLanguages }\r\n//                    onKeyDown={ this.onKeyDown }\r\n//             />\r\n//           </div>\r\n//         </div>\r\n//         <div className=\"select-menu-list\">\r\n//           { this.renderLanguages() }\r\n//         </div>\r\n//       </div>\r\n//     );\r\n//   }\r\n\r\n//   toggleDropdown = () => {\r\n//     this.setState(prevState => ({\r\n//       showDropdown: !prevState.showDropdown\r\n//     }));\r\n//   };\r\n\r\n//   render() {\r\n//     return (\r\n//       <div className='language-filter-wrap'>\r\n//         <button onClick={ this.toggleDropdown } className=\"btn btn-light language-filter shadowed\">\r\n//           <i className=\"fa fa-filter mr-2\"></i>\r\n//           { this.props.selectedLanguage || 'All Languages' }\r\n//         </button>\r\n//         { this.state.showDropdown && this.getLanguageDropdown() }\r\n//       </div>\r\n//     );\r\n//   }\r\n// }\r\n\r\n// LanguageFilter.propTypes = {\r\n//   updateLanguage: PropTypes.func.isRequired,\r\n//   selectedLanguage: PropTypes.string\r\n// };\r\n\r\n// export default LanguageFilter;\r\n"]},"_coverageSchema":"1a1c01bbd47fc00a2c39e90264f33305004495a9","hash":"067b51ec68e37eb90bc658d5e84838ea168c89e8","contentHash":"7788e2626ac037c55d95f278cdc28bfc83476fcc3c115cd03b29949186e281af"},"C:\\Users\\JenniferThorpe\\Desktop\\Nackademin\\JavaScript4\\GitHunt\\githunt\\src\\components\\filters\\view-filter\\index.js":{"path":"C:\\Users\\JenniferThorpe\\Desktop\\Nackademin\\JavaScript4\\GitHunt\\githunt\\src\\components\\filters\\view-filter\\index.js","statementMap":{"0":{"start":{"line":3,"column":0},"end":{"line":5,"column":3}},"1":{"start":{"line":6,"column":0},"end":{"line":6,"column":25}},"2":{"start":{"line":8,"column":13},"end":{"line":8,"column":53}},"3":{"start":{"line":10,"column":18},"end":{"line":10,"column":63}},"4":{"start":{"line":12,"column":17},"end":{"line":12,"column":62}},"5":{"start":{"line":14,"column":0},"end":{"line":14,"column":24}},"6":{"start":{"line":16,"column":39},"end":{"line":16,"column":93}},"7":{"start":{"line":18,"column":24},"end":{"line":18,"column":328}},"8":{"start":{"line":18,"column":99},"end":{"line":18,"column":154}},"9":{"start":{"line":18,"column":133},"end":{"line":18,"column":151}},"10":{"start":{"line":18,"column":164},"end":{"line":18,"column":326}},"11":{"start":{"line":18,"column":198},"end":{"line":18,"column":323}},"12":{"start":{"line":18,"column":329},"end":{"line":18,"column":349}},"13":{"start":{"line":20,"column":50},"end":{"line":20,"column":151}},"14":{"start":{"line":20,"column":92},"end":{"line":20,"column":149}},"15":{"start":{"line":22,"column":44},"end":{"line":22,"column":315}},"16":{"start":{"line":22,"column":57},"end":{"line":22,"column":58}},"17":{"start":{"line":22,"column":102},"end":{"line":22,"column":110}},"18":{"start":{"line":22,"column":112},"end":{"line":22,"column":167}},"19":{"start":{"line":22,"column":168},"end":{"line":22,"column":199}},"20":{"start":{"line":22,"column":200},"end":{"line":22,"column":254}},"21":{"start":{"line":22,"column":227},"end":{"line":22,"column":254}},"22":{"start":{"line":22,"column":255},"end":{"line":22,"column":313}},"23":{"start":{"line":24,"column":62},"end":{"line":24,"column":131}},"24":{"start":{"line":24,"column":78},"end":{"line":24,"column":131}},"25":{"start":{"line":24,"column":132},"end":{"line":24,"column":193}},"26":{"start":{"line":24,"column":149},"end":{"line":24,"column":193}},"27":{"start":{"line":24,"column":194},"end":{"line":24,"column":213}},"28":{"start":{"line":26,"column":50},"end":{"line":26,"column":138}},"29":{"start":{"line":26,"column":124},"end":{"line":26,"column":136}},"30":{"start":{"line":26,"column":139},"end":{"line":26,"column":175}},"31":{"start":{"line":28,"column":30},"end":{"line":28,"column":176}},"32":{"start":{"line":28,"column":126},"end":{"line":28,"column":173}},"33":{"start":{"line":28,"column":177},"end":{"line":28,"column":203}},"34":{"start":{"line":30,"column":40},"end":{"line":30,"column":151}},"35":{"start":{"line":30,"column":63},"end":{"line":30,"column":149}},"36":{"start":{"line":30,"column":152},"end":{"line":30,"column":164}},"37":{"start":{"line":32,"column":43},"end":{"line":32,"column":182}},"38":{"start":{"line":32,"column":106},"end":{"line":32,"column":180}},"39":{"start":{"line":32,"column":183},"end":{"line":32,"column":328}},"40":{"start":{"line":32,"column":329},"end":{"line":32,"column":383}},"41":{"start":{"line":32,"column":345},"end":{"line":32,"column":383}},"42":{"start":{"line":34,"column":33},"end":{"line":34,"column":138}},"43":{"start":{"line":34,"column":109},"end":{"line":34,"column":125}},"44":{"start":{"line":34,"column":126},"end":{"line":34,"column":135}},"45":{"start":{"line":34,"column":139},"end":{"line":34,"column":168}},"46":{"start":{"line":36,"column":44},"end":{"line":36,"column":195}},"47":{"start":{"line":36,"column":62},"end":{"line":36,"column":166}},"48":{"start":{"line":36,"column":176},"end":{"line":36,"column":193}},"49":{"start":{"line":36,"column":196},"end":{"line":36,"column":207}},"50":{"start":{"line":40,"column":0},"end":{"line":97,"column":27}},"51":{"start":{"line":41,"column":2},"end":{"line":41,"column":42}},"52":{"start":{"line":48,"column":4},"end":{"line":48,"column":38}},"53":{"start":{"line":50,"column":4},"end":{"line":52,"column":5}},"54":{"start":{"line":50,"column":20},"end":{"line":50,"column":36}},"55":{"start":{"line":50,"column":45},"end":{"line":50,"column":60}},"56":{"start":{"line":50,"column":69},"end":{"line":50,"column":70}},"57":{"start":{"line":51,"column":6},"end":{"line":51,"column":35}},"58":{"start":{"line":54,"column":4},"end":{"line":54,"column":145}},"59":{"start":{"line":56,"column":4},"end":{"line":56,"column":64}},"60":{"start":{"line":58,"column":4},"end":{"line":60,"column":7}},"61":{"start":{"line":59,"column":6},"end":{"line":59,"column":43}},"62":{"start":{"line":62,"column":4},"end":{"line":62,"column":17}},"63":{"start":{"line":65,"column":2},"end":{"line":94,"column":6}},"64":{"start":{"line":68,"column":19},"end":{"line":68,"column":23}},"65":{"start":{"line":70,"column":6},"end":{"line":92,"column":20}},"66":{"start":{"line":76,"column":10},"end":{"line":76,"column":47}},"67":{"start":{"line":85,"column":10},"end":{"line":85,"column":47}},"68":{"start":{"line":96,"column":2},"end":{"line":96,"column":20}},"69":{"start":{"line":99,"column":0},"end":{"line":102,"column":2}},"70":{"start":{"line":103,"column":15},"end":{"line":103,"column":25}},"71":{"start":{"line":104,"column":0},"end":{"line":104,"column":27}}},"fnMap":{"0":{"name":"_interopRequireDefault","decl":{"start":{"line":16,"column":9},"end":{"line":16,"column":31}},"loc":{"start":{"line":16,"column":37},"end":{"line":16,"column":95}},"line":16},"1":{"name":"_typeof","decl":{"start":{"line":18,"column":9},"end":{"line":18,"column":16}},"loc":{"start":{"line":18,"column":22},"end":{"line":18,"column":351}},"line":18},"2":{"name":"_typeof","decl":{"start":{"line":18,"column":118},"end":{"line":18,"column":125}},"loc":{"start":{"line":18,"column":131},"end":{"line":18,"column":153}},"line":18},"3":{"name":"_typeof","decl":{"start":{"line":18,"column":183},"end":{"line":18,"column":190}},"loc":{"start":{"line":18,"column":196},"end":{"line":18,"column":325}},"line":18},"4":{"name":"_classCallCheck","decl":{"start":{"line":20,"column":9},"end":{"line":20,"column":24}},"loc":{"start":{"line":20,"column":48},"end":{"line":20,"column":153}},"line":20},"5":{"name":"_defineProperties","decl":{"start":{"line":22,"column":9},"end":{"line":22,"column":26}},"loc":{"start":{"line":22,"column":42},"end":{"line":22,"column":317}},"line":22},"6":{"name":"_createClass","decl":{"start":{"line":24,"column":9},"end":{"line":24,"column":21}},"loc":{"start":{"line":24,"column":60},"end":{"line":24,"column":215}},"line":24},"7":{"name":"_possibleConstructorReturn","decl":{"start":{"line":26,"column":9},"end":{"line":26,"column":35}},"loc":{"start":{"line":26,"column":48},"end":{"line":26,"column":177}},"line":26},"8":{"name":"_getPrototypeOf","decl":{"start":{"line":28,"column":9},"end":{"line":28,"column":24}},"loc":{"start":{"line":28,"column":28},"end":{"line":28,"column":205}},"line":28},"9":{"name":"_getPrototypeOf","decl":{"start":{"line":28,"column":105},"end":{"line":28,"column":120}},"loc":{"start":{"line":28,"column":124},"end":{"line":28,"column":175}},"line":28},"10":{"name":"_assertThisInitialized","decl":{"start":{"line":30,"column":9},"end":{"line":30,"column":31}},"loc":{"start":{"line":30,"column":38},"end":{"line":30,"column":166}},"line":30},"11":{"name":"_inherits","decl":{"start":{"line":32,"column":9},"end":{"line":32,"column":18}},"loc":{"start":{"line":32,"column":41},"end":{"line":32,"column":385}},"line":32},"12":{"name":"_setPrototypeOf","decl":{"start":{"line":34,"column":9},"end":{"line":34,"column":24}},"loc":{"start":{"line":34,"column":31},"end":{"line":34,"column":170}},"line":34},"13":{"name":"_setPrototypeOf","decl":{"start":{"line":34,"column":85},"end":{"line":34,"column":100}},"loc":{"start":{"line":34,"column":107},"end":{"line":34,"column":137}},"line":34},"14":{"name":"_defineProperty","decl":{"start":{"line":36,"column":9},"end":{"line":36,"column":24}},"loc":{"start":{"line":36,"column":42},"end":{"line":36,"column":209}},"line":36},"15":{"name":"(anonymous_15)","decl":{"start":{"line":40,"column":0},"end":{"line":40,"column":1}},"loc":{"start":{"line":40,"column":28},"end":{"line":97,"column":1}},"line":40},"16":{"name":"ViewFilter","decl":{"start":{"line":43,"column":11},"end":{"line":43,"column":21}},"loc":{"start":{"line":43,"column":24},"end":{"line":63,"column":3}},"line":43},"17":{"name":"(anonymous_17)","decl":{"start":{"line":58,"column":69},"end":{"line":58,"column":70}},"loc":{"start":{"line":58,"column":89},"end":{"line":60,"column":5}},"line":58},"18":{"name":"render","decl":{"start":{"line":67,"column":20},"end":{"line":67,"column":26}},"loc":{"start":{"line":67,"column":29},"end":{"line":93,"column":5}},"line":67},"19":{"name":"onClick","decl":{"start":{"line":75,"column":26},"end":{"line":75,"column":33}},"loc":{"start":{"line":75,"column":36},"end":{"line":77,"column":9}},"line":75},"20":{"name":"onClick","decl":{"start":{"line":84,"column":26},"end":{"line":84,"column":33}},"loc":{"start":{"line":84,"column":36},"end":{"line":86,"column":9}},"line":84}},"branchMap":{"0":{"loc":{"start":{"line":16,"column":46},"end":{"line":16,"column":92}},"type":"cond-expr","locations":[{"start":{"line":16,"column":70},"end":{"line":16,"column":73}},{"start":{"line":16,"column":76},"end":{"line":16,"column":92}}],"line":16},"1":{"loc":{"start":{"line":16,"column":46},"end":{"line":16,"column":67}},"type":"binary-expr","locations":[{"start":{"line":16,"column":46},"end":{"line":16,"column":49}},{"start":{"line":16,"column":53},"end":{"line":16,"column":67}}],"line":16},"2":{"loc":{"start":{"line":18,"column":24},"end":{"line":18,"column":328}},"type":"if","locations":[{"start":{"line":18,"column":24},"end":{"line":18,"column":328}},{"start":{"line":18,"column":24},"end":{"line":18,"column":328}}],"line":18},"3":{"loc":{"start":{"line":18,"column":28},"end":{"line":18,"column":95}},"type":"binary-expr","locations":[{"start":{"line":18,"column":28},"end":{"line":18,"column":56}},{"start":{"line":18,"column":60},"end":{"line":18,"column":95}}],"line":18},"4":{"loc":{"start":{"line":18,"column":205},"end":{"line":18,"column":322}},"type":"cond-expr","locations":[{"start":{"line":18,"column":301},"end":{"line":18,"column":309}},{"start":{"line":18,"column":312},"end":{"line":18,"column":322}}],"line":18},"5":{"loc":{"start":{"line":18,"column":205},"end":{"line":18,"column":298}},"type":"binary-expr","locations":[{"start":{"line":18,"column":205},"end":{"line":18,"column":208}},{"start":{"line":18,"column":212},"end":{"line":18,"column":240}},{"start":{"line":18,"column":244},"end":{"line":18,"column":270}},{"start":{"line":18,"column":274},"end":{"line":18,"column":298}}],"line":18},"6":{"loc":{"start":{"line":20,"column":50},"end":{"line":20,"column":151}},"type":"if","locations":[{"start":{"line":20,"column":50},"end":{"line":20,"column":151}},{"start":{"line":20,"column":50},"end":{"line":20,"column":151}}],"line":20},"7":{"loc":{"start":{"line":22,"column":136},"end":{"line":22,"column":166}},"type":"binary-expr","locations":[{"start":{"line":22,"column":136},"end":{"line":22,"column":157}},{"start":{"line":22,"column":161},"end":{"line":22,"column":166}}],"line":22},"8":{"loc":{"start":{"line":22,"column":200},"end":{"line":22,"column":254}},"type":"if","locations":[{"start":{"line":22,"column":200},"end":{"line":22,"column":254}},{"start":{"line":22,"column":200},"end":{"line":22,"column":254}}],"line":22},"9":{"loc":{"start":{"line":24,"column":62},"end":{"line":24,"column":131}},"type":"if","locations":[{"start":{"line":24,"column":62},"end":{"line":24,"column":131}},{"start":{"line":24,"column":62},"end":{"line":24,"column":131}}],"line":24},"10":{"loc":{"start":{"line":24,"column":132},"end":{"line":24,"column":193}},"type":"if","locations":[{"start":{"line":24,"column":132},"end":{"line":24,"column":193}},{"start":{"line":24,"column":132},"end":{"line":24,"column":193}}],"line":24},"11":{"loc":{"start":{"line":26,"column":50},"end":{"line":26,"column":138}},"type":"if","locations":[{"start":{"line":26,"column":50},"end":{"line":26,"column":138}},{"start":{"line":26,"column":50},"end":{"line":26,"column":138}}],"line":26},"12":{"loc":{"start":{"line":26,"column":54},"end":{"line":26,"column":120}},"type":"binary-expr","locations":[{"start":{"line":26,"column":54},"end":{"line":26,"column":58}},{"start":{"line":26,"column":63},"end":{"line":26,"column":89}},{"start":{"line":26,"column":93},"end":{"line":26,"column":119}}],"line":26},"13":{"loc":{"start":{"line":28,"column":48},"end":{"line":28,"column":175}},"type":"cond-expr","locations":[{"start":{"line":28,"column":72},"end":{"line":28,"column":93}},{"start":{"line":28,"column":96},"end":{"line":28,"column":175}}],"line":28},"14":{"loc":{"start":{"line":28,"column":133},"end":{"line":28,"column":172}},"type":"binary-expr","locations":[{"start":{"line":28,"column":133},"end":{"line":28,"column":144}},{"start":{"line":28,"column":148},"end":{"line":28,"column":172}}],"line":28},"15":{"loc":{"start":{"line":30,"column":40},"end":{"line":30,"column":151}},"type":"if","locations":[{"start":{"line":30,"column":40},"end":{"line":30,"column":151}},{"start":{"line":30,"column":40},"end":{"line":30,"column":151}}],"line":30},"16":{"loc":{"start":{"line":32,"column":43},"end":{"line":32,"column":182}},"type":"if","locations":[{"start":{"line":32,"column":43},"end":{"line":32,"column":182}},{"start":{"line":32,"column":43},"end":{"line":32,"column":182}}],"line":32},"17":{"loc":{"start":{"line":32,"column":47},"end":{"line":32,"column":102}},"type":"binary-expr","locations":[{"start":{"line":32,"column":47},"end":{"line":32,"column":79}},{"start":{"line":32,"column":83},"end":{"line":32,"column":102}}],"line":32},"18":{"loc":{"start":{"line":32,"column":218},"end":{"line":32,"column":252}},"type":"binary-expr","locations":[{"start":{"line":32,"column":218},"end":{"line":32,"column":228}},{"start":{"line":32,"column":232},"end":{"line":32,"column":252}}],"line":32},"19":{"loc":{"start":{"line":32,"column":329},"end":{"line":32,"column":383}},"type":"if","locations":[{"start":{"line":32,"column":329},"end":{"line":32,"column":383}},{"start":{"line":32,"column":329},"end":{"line":32,"column":383}}],"line":32},"20":{"loc":{"start":{"line":34,"column":51},"end":{"line":34,"column":137}},"type":"binary-expr","locations":[{"start":{"line":34,"column":51},"end":{"line":34,"column":72}},{"start":{"line":34,"column":76},"end":{"line":34,"column":137}}],"line":34},"21":{"loc":{"start":{"line":36,"column":44},"end":{"line":36,"column":195}},"type":"if","locations":[{"start":{"line":36,"column":44},"end":{"line":36,"column":195}},{"start":{"line":36,"column":44},"end":{"line":36,"column":195}}],"line":36}},"s":{"0":1,"1":1,"2":1,"3":1,"4":1,"5":1,"6":3,"7":0,"8":0,"9":0,"10":0,"11":0,"12":0,"13":4,"14":0,"15":1,"16":1,"17":1,"18":1,"19":1,"20":1,"21":1,"22":1,"23":1,"24":1,"25":1,"26":0,"27":1,"28":4,"29":0,"30":4,"31":1,"32":0,"33":1,"34":12,"35":0,"36":12,"37":1,"38":0,"39":1,"40":1,"41":1,"42":1,"43":0,"44":0,"45":1,"46":8,"47":0,"48":8,"49":8,"50":1,"51":1,"52":4,"53":4,"54":4,"55":4,"56":4,"57":12,"58":4,"59":4,"60":4,"61":2,"62":4,"63":1,"64":5,"65":5,"66":1,"67":1,"68":1,"69":1,"70":1,"71":1},"f":{"0":3,"1":0,"2":0,"3":0,"4":4,"5":1,"6":1,"7":4,"8":1,"9":0,"10":12,"11":1,"12":1,"13":0,"14":8,"15":1,"16":4,"17":2,"18":5,"19":1,"20":1},"b":{"0":[0,3],"1":[3,3],"2":[0,0],"3":[0,0],"4":[0,0],"5":[0,0,0,0],"6":[0,4],"7":[1,1],"8":[1,0],"9":[1,0],"10":[0,1],"11":[0,4],"12":[4,0,0],"13":[1,0],"14":[0,0],"15":[0,12],"16":[0,1],"17":[1,0],"18":[1,1],"19":[1,0],"20":[1,0],"21":[0,8]},"inputSourceMap":{"version":3,"sources":["index.js"],"names":["ViewFilter","viewType","props","updateViewType","changeSelected","active","selectedViewType","React","Component","propTypes","PropTypes","func","isRequired","string"],"mappings":";;;;;;;AAAA;;AACA;;AACA;;AAEA;;;;;;;;;;;;;;;;;;;;;;;;IAEMA,U;;;;;;;;;;;;;;;;;;4DACI,E;;qEAES,UAACC,QAAD,EAAc;AAC7B,YAAKC,KAAL,CAAWC,cAAX,CAA0BF,QAA1B;AACD,K;;;;;;;6BAEQ;AAAA;;AACP,aACE;AAAK,QAAA,SAAS,EAAC;AAAf,SACE;AAAK,QAAA,SAAS,EAAC;AAAf,SACE;AAAQ,QAAA,OAAO,EAAE;AAAA,iBAAM,MAAI,CAACG,cAAL,CAAoB,MAApB,CAAN;AAAA,SAAjB;AAAoD,QAAA,SAAS,EAAE,yBAAW;AAAEC,UAAAA,MAAM,EAAE,KAAKH,KAAL,CAAWI,gBAAX,KAAgC;AAA1C,SAAX;AAA/D,SACE;AAAG,QAAA,SAAS,EAAC;AAAb,QADF,SADF,EAKE;AAAQ,QAAA,OAAO,EAAE;AAAA,iBAAM,MAAI,CAACF,cAAL,CAAoB,MAApB,CAAN;AAAA,SAAjB;AAAoD,QAAA,SAAS,EAAE,yBAAW;AAAEC,UAAAA,MAAM,EAAE,KAAKH,KAAL,CAAWI,gBAAX,KAAgC;AAA1C,SAAX;AAA/D,SACE;AAAG,QAAA,SAAS,EAAC;AAAb,QADF,SALF,CADF,CADF;AAcD;;;;EAtBsBC,eAAMC,S;;AAyB/BR,UAAU,CAACS,SAAX,GAAuB;AACrBN,EAAAA,cAAc,EAAEO,mBAAUC,IAAV,CAAeC,UADV;AAErBN,EAAAA,gBAAgB,EAAEI,mBAAUG;AAFP,CAAvB;eAKeb,U","sourceRoot":"C:\\Users\\JenniferThorpe\\Desktop\\Nackademin\\JavaScript4\\GitHunt\\githunt\\src\\components\\filters\\view-filter","sourcesContent":["import React from 'react';\r\nimport classNames from 'classnames';\r\nimport PropTypes from 'prop-types';\r\n\r\nimport './styles.css';\r\n\r\nclass ViewFilter extends React.Component {\r\n  state = {};\r\n\r\n  changeSelected = (viewType) => {\r\n    this.props.updateViewType(viewType);\r\n  };\r\n\r\n  render() {\r\n    return (\r\n      <div className=\"view-type-wrap\">\r\n        <div className=\"view-type btn shadowed cursor-default\">\r\n          <button onClick={() => this.changeSelected('grid')} className={classNames({ active: this.props.selectedViewType === 'grid' })}>\r\n            <i className=\"fa fa-table mr-2\"></i>\r\n            Grid\r\n          </button>\r\n          <button onClick={() => this.changeSelected('list')} className={classNames({ active: this.props.selectedViewType === 'list' })}>\r\n            <i className=\"fa fa-list mr-2\"></i>\r\n            List\r\n          </button>\r\n        </div>\r\n      </div>\r\n    );\r\n  }\r\n}\r\n\r\nViewFilter.propTypes = {\r\n  updateViewType: PropTypes.func.isRequired,\r\n  selectedViewType: PropTypes.string,\r\n};\r\n\r\nexport default ViewFilter;\r\n"]},"_coverageSchema":"1a1c01bbd47fc00a2c39e90264f33305004495a9","hash":"1e84b23046ed9533a9d248d312f1933468a45386","contentHash":"fbd6dd3f879f53d0d24ccbb8d53953ba6fbb61ab4a16e0358c75859c31b83cb3"},"C:\\Users\\JenniferThorpe\\Desktop\\Nackademin\\JavaScript4\\GitHunt\\githunt\\src\\components\\group-heading\\index.js":{"path":"C:\\Users\\JenniferThorpe\\Desktop\\Nackademin\\JavaScript4\\GitHunt\\githunt\\src\\components\\group-heading\\index.js","statementMap":{"0":{"start":{"line":3,"column":0},"end":{"line":5,"column":3}},"1":{"start":{"line":6,"column":0},"end":{"line":6,"column":25}},"2":{"start":{"line":8,"column":13},"end":{"line":8,"column":53}},"3":{"start":{"line":10,"column":14},"end":{"line":10,"column":55}},"4":{"start":{"line":12,"column":17},"end":{"line":12,"column":62}},"5":{"start":{"line":14,"column":0},"end":{"line":14,"column":24}},"6":{"start":{"line":16,"column":39},"end":{"line":16,"column":93}},"7":{"start":{"line":18,"column":24},"end":{"line":18,"column":328}},"8":{"start":{"line":18,"column":99},"end":{"line":18,"column":154}},"9":{"start":{"line":18,"column":133},"end":{"line":18,"column":151}},"10":{"start":{"line":18,"column":164},"end":{"line":18,"column":326}},"11":{"start":{"line":18,"column":198},"end":{"line":18,"column":323}},"12":{"start":{"line":18,"column":329},"end":{"line":18,"column":349}},"13":{"start":{"line":20,"column":50},"end":{"line":20,"column":151}},"14":{"start":{"line":20,"column":92},"end":{"line":20,"column":149}},"15":{"start":{"line":22,"column":44},"end":{"line":22,"column":315}},"16":{"start":{"line":22,"column":57},"end":{"line":22,"column":58}},"17":{"start":{"line":22,"column":102},"end":{"line":22,"column":110}},"18":{"start":{"line":22,"column":112},"end":{"line":22,"column":167}},"19":{"start":{"line":22,"column":168},"end":{"line":22,"column":199}},"20":{"start":{"line":22,"column":200},"end":{"line":22,"column":254}},"21":{"start":{"line":22,"column":227},"end":{"line":22,"column":254}},"22":{"start":{"line":22,"column":255},"end":{"line":22,"column":313}},"23":{"start":{"line":24,"column":62},"end":{"line":24,"column":131}},"24":{"start":{"line":24,"column":78},"end":{"line":24,"column":131}},"25":{"start":{"line":24,"column":132},"end":{"line":24,"column":193}},"26":{"start":{"line":24,"column":149},"end":{"line":24,"column":193}},"27":{"start":{"line":24,"column":194},"end":{"line":24,"column":213}},"28":{"start":{"line":26,"column":50},"end":{"line":26,"column":138}},"29":{"start":{"line":26,"column":124},"end":{"line":26,"column":136}},"30":{"start":{"line":26,"column":139},"end":{"line":26,"column":175}},"31":{"start":{"line":28,"column":40},"end":{"line":28,"column":151}},"32":{"start":{"line":28,"column":63},"end":{"line":28,"column":149}},"33":{"start":{"line":28,"column":152},"end":{"line":28,"column":164}},"34":{"start":{"line":30,"column":30},"end":{"line":30,"column":176}},"35":{"start":{"line":30,"column":126},"end":{"line":30,"column":173}},"36":{"start":{"line":30,"column":177},"end":{"line":30,"column":203}},"37":{"start":{"line":32,"column":43},"end":{"line":32,"column":182}},"38":{"start":{"line":32,"column":106},"end":{"line":32,"column":180}},"39":{"start":{"line":32,"column":183},"end":{"line":32,"column":328}},"40":{"start":{"line":32,"column":329},"end":{"line":32,"column":383}},"41":{"start":{"line":32,"column":345},"end":{"line":32,"column":383}},"42":{"start":{"line":34,"column":33},"end":{"line":34,"column":138}},"43":{"start":{"line":34,"column":109},"end":{"line":34,"column":125}},"44":{"start":{"line":34,"column":126},"end":{"line":34,"column":135}},"45":{"start":{"line":34,"column":139},"end":{"line":34,"column":168}},"46":{"start":{"line":38,"column":0},"end":{"line":103,"column":27}},"47":{"start":{"line":39,"column":2},"end":{"line":39,"column":44}},"48":{"start":{"line":42,"column":4},"end":{"line":42,"column":40}},"49":{"start":{"line":44,"column":4},"end":{"line":44,"column":98}},"50":{"start":{"line":47,"column":2},"end":{"line":100,"column":6}},"51":{"start":{"line":50,"column":24},"end":{"line":50,"column":62}},"52":{"start":{"line":51,"column":26},"end":{"line":51,"column":48}},"53":{"start":{"line":52,"column":28},"end":{"line":52,"column":69}},"54":{"start":{"line":54,"column":6},"end":{"line":62,"column":7}},"55":{"start":{"line":55,"column":8},"end":{"line":59,"column":9}},"56":{"start":{"line":56,"column":10},"end":{"line":56,"column":25}},"57":{"start":{"line":57,"column":15},"end":{"line":59,"column":9}},"58":{"start":{"line":58,"column":10},"end":{"line":58,"column":29}},"59":{"start":{"line":61,"column":8},"end":{"line":61,"column":42}},"60":{"start":{"line":65,"column":26},"end":{"line":65,"column":47}},"61":{"start":{"line":67,"column":6},"end":{"line":73,"column":7}},"62":{"start":{"line":68,"column":8},"end":{"line":68,"column":27}},"63":{"start":{"line":69,"column":13},"end":{"line":73,"column":7}},"64":{"start":{"line":70,"column":8},"end":{"line":70,"column":27}},"65":{"start":{"line":71,"column":13},"end":{"line":73,"column":7}},"66":{"start":{"line":72,"column":8},"end":{"line":72,"column":27}},"67":{"start":{"line":75,"column":6},"end":{"line":75,"column":27}},"68":{"start":{"line":80,"column":24},"end":{"line":80,"column":62}},"69":{"start":{"line":81,"column":22},"end":{"line":81,"column":58}},"70":{"start":{"line":83,"column":6},"end":{"line":85,"column":7}},"71":{"start":{"line":84,"column":8},"end":{"line":84,"column":50}},"72":{"start":{"line":87,"column":6},"end":{"line":87,"column":91}},"73":{"start":{"line":92,"column":6},"end":{"line":98,"column":31}},"74":{"start":{"line":102,"column":2},"end":{"line":102,"column":22}},"75":{"start":{"line":105,"column":0},"end":{"line":109,"column":2}},"76":{"start":{"line":110,"column":15},"end":{"line":110,"column":27}},"77":{"start":{"line":111,"column":0},"end":{"line":111,"column":27}}},"fnMap":{"0":{"name":"_interopRequireDefault","decl":{"start":{"line":16,"column":9},"end":{"line":16,"column":31}},"loc":{"start":{"line":16,"column":37},"end":{"line":16,"column":95}},"line":16},"1":{"name":"_typeof","decl":{"start":{"line":18,"column":9},"end":{"line":18,"column":16}},"loc":{"start":{"line":18,"column":22},"end":{"line":18,"column":351}},"line":18},"2":{"name":"_typeof","decl":{"start":{"line":18,"column":118},"end":{"line":18,"column":125}},"loc":{"start":{"line":18,"column":131},"end":{"line":18,"column":153}},"line":18},"3":{"name":"_typeof","decl":{"start":{"line":18,"column":183},"end":{"line":18,"column":190}},"loc":{"start":{"line":18,"column":196},"end":{"line":18,"column":325}},"line":18},"4":{"name":"_classCallCheck","decl":{"start":{"line":20,"column":9},"end":{"line":20,"column":24}},"loc":{"start":{"line":20,"column":48},"end":{"line":20,"column":153}},"line":20},"5":{"name":"_defineProperties","decl":{"start":{"line":22,"column":9},"end":{"line":22,"column":26}},"loc":{"start":{"line":22,"column":42},"end":{"line":22,"column":317}},"line":22},"6":{"name":"_createClass","decl":{"start":{"line":24,"column":9},"end":{"line":24,"column":21}},"loc":{"start":{"line":24,"column":60},"end":{"line":24,"column":215}},"line":24},"7":{"name":"_possibleConstructorReturn","decl":{"start":{"line":26,"column":9},"end":{"line":26,"column":35}},"loc":{"start":{"line":26,"column":48},"end":{"line":26,"column":177}},"line":26},"8":{"name":"_assertThisInitialized","decl":{"start":{"line":28,"column":9},"end":{"line":28,"column":31}},"loc":{"start":{"line":28,"column":38},"end":{"line":28,"column":166}},"line":28},"9":{"name":"_getPrototypeOf","decl":{"start":{"line":30,"column":9},"end":{"line":30,"column":24}},"loc":{"start":{"line":30,"column":28},"end":{"line":30,"column":205}},"line":30},"10":{"name":"_getPrototypeOf","decl":{"start":{"line":30,"column":105},"end":{"line":30,"column":120}},"loc":{"start":{"line":30,"column":124},"end":{"line":30,"column":175}},"line":30},"11":{"name":"_inherits","decl":{"start":{"line":32,"column":9},"end":{"line":32,"column":18}},"loc":{"start":{"line":32,"column":41},"end":{"line":32,"column":385}},"line":32},"12":{"name":"_setPrototypeOf","decl":{"start":{"line":34,"column":9},"end":{"line":34,"column":24}},"loc":{"start":{"line":34,"column":31},"end":{"line":34,"column":170}},"line":34},"13":{"name":"_setPrototypeOf","decl":{"start":{"line":34,"column":85},"end":{"line":34,"column":100}},"loc":{"start":{"line":34,"column":107},"end":{"line":34,"column":137}},"line":34},"14":{"name":"(anonymous_14)","decl":{"start":{"line":38,"column":0},"end":{"line":38,"column":1}},"loc":{"start":{"line":38,"column":28},"end":{"line":103,"column":1}},"line":38},"15":{"name":"GroupHeading","decl":{"start":{"line":41,"column":11},"end":{"line":41,"column":23}},"loc":{"start":{"line":41,"column":26},"end":{"line":45,"column":3}},"line":41},"16":{"name":"getTitle","decl":{"start":{"line":49,"column":20},"end":{"line":49,"column":28}},"loc":{"start":{"line":49,"column":31},"end":{"line":76,"column":5}},"line":49},"17":{"name":"getSubtitle","decl":{"start":{"line":79,"column":20},"end":{"line":79,"column":31}},"loc":{"start":{"line":79,"column":34},"end":{"line":88,"column":5}},"line":79},"18":{"name":"render","decl":{"start":{"line":91,"column":20},"end":{"line":91,"column":26}},"loc":{"start":{"line":91,"column":29},"end":{"line":99,"column":5}},"line":91}},"branchMap":{"0":{"loc":{"start":{"line":16,"column":46},"end":{"line":16,"column":92}},"type":"cond-expr","locations":[{"start":{"line":16,"column":70},"end":{"line":16,"column":73}},{"start":{"line":16,"column":76},"end":{"line":16,"column":92}}],"line":16},"1":{"loc":{"start":{"line":16,"column":46},"end":{"line":16,"column":67}},"type":"binary-expr","locations":[{"start":{"line":16,"column":46},"end":{"line":16,"column":49}},{"start":{"line":16,"column":53},"end":{"line":16,"column":67}}],"line":16},"2":{"loc":{"start":{"line":18,"column":24},"end":{"line":18,"column":328}},"type":"if","locations":[{"start":{"line":18,"column":24},"end":{"line":18,"column":328}},{"start":{"line":18,"column":24},"end":{"line":18,"column":328}}],"line":18},"3":{"loc":{"start":{"line":18,"column":28},"end":{"line":18,"column":95}},"type":"binary-expr","locations":[{"start":{"line":18,"column":28},"end":{"line":18,"column":56}},{"start":{"line":18,"column":60},"end":{"line":18,"column":95}}],"line":18},"4":{"loc":{"start":{"line":18,"column":205},"end":{"line":18,"column":322}},"type":"cond-expr","locations":[{"start":{"line":18,"column":301},"end":{"line":18,"column":309}},{"start":{"line":18,"column":312},"end":{"line":18,"column":322}}],"line":18},"5":{"loc":{"start":{"line":18,"column":205},"end":{"line":18,"column":298}},"type":"binary-expr","locations":[{"start":{"line":18,"column":205},"end":{"line":18,"column":208}},{"start":{"line":18,"column":212},"end":{"line":18,"column":240}},{"start":{"line":18,"column":244},"end":{"line":18,"column":270}},{"start":{"line":18,"column":274},"end":{"line":18,"column":298}}],"line":18},"6":{"loc":{"start":{"line":20,"column":50},"end":{"line":20,"column":151}},"type":"if","locations":[{"start":{"line":20,"column":50},"end":{"line":20,"column":151}},{"start":{"line":20,"column":50},"end":{"line":20,"column":151}}],"line":20},"7":{"loc":{"start":{"line":22,"column":136},"end":{"line":22,"column":166}},"type":"binary-expr","locations":[{"start":{"line":22,"column":136},"end":{"line":22,"column":157}},{"start":{"line":22,"column":161},"end":{"line":22,"column":166}}],"line":22},"8":{"loc":{"start":{"line":22,"column":200},"end":{"line":22,"column":254}},"type":"if","locations":[{"start":{"line":22,"column":200},"end":{"line":22,"column":254}},{"start":{"line":22,"column":200},"end":{"line":22,"column":254}}],"line":22},"9":{"loc":{"start":{"line":24,"column":62},"end":{"line":24,"column":131}},"type":"if","locations":[{"start":{"line":24,"column":62},"end":{"line":24,"column":131}},{"start":{"line":24,"column":62},"end":{"line":24,"column":131}}],"line":24},"10":{"loc":{"start":{"line":24,"column":132},"end":{"line":24,"column":193}},"type":"if","locations":[{"start":{"line":24,"column":132},"end":{"line":24,"column":193}},{"start":{"line":24,"column":132},"end":{"line":24,"column":193}}],"line":24},"11":{"loc":{"start":{"line":26,"column":50},"end":{"line":26,"column":138}},"type":"if","locations":[{"start":{"line":26,"column":50},"end":{"line":26,"column":138}},{"start":{"line":26,"column":50},"end":{"line":26,"column":138}}],"line":26},"12":{"loc":{"start":{"line":26,"column":54},"end":{"line":26,"column":120}},"type":"binary-expr","locations":[{"start":{"line":26,"column":54},"end":{"line":26,"column":58}},{"start":{"line":26,"column":63},"end":{"line":26,"column":89}},{"start":{"line":26,"column":93},"end":{"line":26,"column":119}}],"line":26},"13":{"loc":{"start":{"line":28,"column":40},"end":{"line":28,"column":151}},"type":"if","locations":[{"start":{"line":28,"column":40},"end":{"line":28,"column":151}},{"start":{"line":28,"column":40},"end":{"line":28,"column":151}}],"line":28},"14":{"loc":{"start":{"line":30,"column":48},"end":{"line":30,"column":175}},"type":"cond-expr","locations":[{"start":{"line":30,"column":72},"end":{"line":30,"column":93}},{"start":{"line":30,"column":96},"end":{"line":30,"column":175}}],"line":30},"15":{"loc":{"start":{"line":30,"column":133},"end":{"line":30,"column":172}},"type":"binary-expr","locations":[{"start":{"line":30,"column":133},"end":{"line":30,"column":144}},{"start":{"line":30,"column":148},"end":{"line":30,"column":172}}],"line":30},"16":{"loc":{"start":{"line":32,"column":43},"end":{"line":32,"column":182}},"type":"if","locations":[{"start":{"line":32,"column":43},"end":{"line":32,"column":182}},{"start":{"line":32,"column":43},"end":{"line":32,"column":182}}],"line":32},"17":{"loc":{"start":{"line":32,"column":47},"end":{"line":32,"column":102}},"type":"binary-expr","locations":[{"start":{"line":32,"column":47},"end":{"line":32,"column":79}},{"start":{"line":32,"column":83},"end":{"line":32,"column":102}}],"line":32},"18":{"loc":{"start":{"line":32,"column":218},"end":{"line":32,"column":252}},"type":"binary-expr","locations":[{"start":{"line":32,"column":218},"end":{"line":32,"column":228}},{"start":{"line":32,"column":232},"end":{"line":32,"column":252}}],"line":32},"19":{"loc":{"start":{"line":32,"column":329},"end":{"line":32,"column":383}},"type":"if","locations":[{"start":{"line":32,"column":329},"end":{"line":32,"column":383}},{"start":{"line":32,"column":329},"end":{"line":32,"column":383}}],"line":32},"20":{"loc":{"start":{"line":34,"column":51},"end":{"line":34,"column":137}},"type":"binary-expr","locations":[{"start":{"line":34,"column":51},"end":{"line":34,"column":72}},{"start":{"line":34,"column":76},"end":{"line":34,"column":137}}],"line":34},"21":{"loc":{"start":{"line":54,"column":6},"end":{"line":62,"column":7}},"type":"if","locations":[{"start":{"line":54,"column":6},"end":{"line":62,"column":7}},{"start":{"line":54,"column":6},"end":{"line":62,"column":7}}],"line":54},"22":{"loc":{"start":{"line":55,"column":8},"end":{"line":59,"column":9}},"type":"if","locations":[{"start":{"line":55,"column":8},"end":{"line":59,"column":9}},{"start":{"line":55,"column":8},"end":{"line":59,"column":9}}],"line":55},"23":{"loc":{"start":{"line":57,"column":15},"end":{"line":59,"column":9}},"type":"if","locations":[{"start":{"line":57,"column":15},"end":{"line":59,"column":9}},{"start":{"line":57,"column":15},"end":{"line":59,"column":9}}],"line":57},"24":{"loc":{"start":{"line":67,"column":6},"end":{"line":73,"column":7}},"type":"if","locations":[{"start":{"line":67,"column":6},"end":{"line":73,"column":7}},{"start":{"line":67,"column":6},"end":{"line":73,"column":7}}],"line":67},"25":{"loc":{"start":{"line":69,"column":13},"end":{"line":73,"column":7}},"type":"if","locations":[{"start":{"line":69,"column":13},"end":{"line":73,"column":7}},{"start":{"line":69,"column":13},"end":{"line":73,"column":7}}],"line":69},"26":{"loc":{"start":{"line":71,"column":13},"end":{"line":73,"column":7}},"type":"if","locations":[{"start":{"line":71,"column":13},"end":{"line":73,"column":7}},{"start":{"line":71,"column":13},"end":{"line":73,"column":7}}],"line":71},"27":{"loc":{"start":{"line":83,"column":6},"end":{"line":85,"column":7}},"type":"if","locations":[{"start":{"line":83,"column":6},"end":{"line":85,"column":7}},{"start":{"line":83,"column":6},"end":{"line":85,"column":7}}],"line":83},"28":{"loc":{"start":{"line":83,"column":10},"end":{"line":83,"column":79}},"type":"binary-expr","locations":[{"start":{"line":83,"column":10},"end":{"line":83,"column":46}},{"start":{"line":83,"column":50},"end":{"line":83,"column":79}}],"line":83}},"s":{"0":1,"1":1,"2":1,"3":1,"4":1,"5":1,"6":3,"7":0,"8":0,"9":0,"10":0,"11":0,"12":0,"13":5,"14":0,"15":1,"16":1,"17":3,"18":3,"19":3,"20":3,"21":3,"22":3,"23":1,"24":1,"25":1,"26":0,"27":1,"28":5,"29":0,"30":5,"31":5,"32":0,"33":5,"34":1,"35":0,"36":1,"37":1,"38":0,"39":1,"40":1,"41":1,"42":1,"43":0,"44":0,"45":1,"46":1,"47":1,"48":5,"49":5,"50":1,"51":16,"52":16,"53":16,"54":16,"55":8,"56":2,"57":6,"58":2,"59":4,"60":8,"61":8,"62":2,"63":6,"64":2,"65":4,"66":2,"67":2,"68":14,"69":14,"70":14,"71":10,"72":4,"73":11,"74":1,"75":1,"76":1,"77":1},"f":{"0":3,"1":0,"2":0,"3":0,"4":5,"5":1,"6":1,"7":5,"8":5,"9":1,"10":0,"11":1,"12":1,"13":0,"14":1,"15":5,"16":16,"17":14,"18":11},"b":{"0":[0,3],"1":[3,3],"2":[0,0],"3":[0,0],"4":[0,0],"5":[0,0,0,0],"6":[0,5],"7":[3,3],"8":[3,0],"9":[1,0],"10":[0,1],"11":[0,5],"12":[5,0,0],"13":[0,5],"14":[1,0],"15":[0,0],"16":[0,1],"17":[1,0],"18":[1,1],"19":[1,0],"20":[1,0],"21":[8,8],"22":[2,6],"23":[2,4],"24":[2,6],"25":[2,4],"26":[2,2],"27":[10,4],"28":[14,6]},"inputSourceMap":{"version":3,"sources":["index.js"],"names":["GroupHeading","startMoment","props","start","currentMoment","yesterdayMoment","subtract","dateJump","isSame","format","formattedDate","fromNow","endMoment","end","getTitle","getSubtitle","React","Component","propTypes","PropTypes","string","oneOf"],"mappings":";;;;;;;AAAA;;AACA;;AACA;;AAEA;;;;;;;;;;;;;;;;;;;;;;IAEMA,Y;;;;;;;;;;;;;+BACO;AACT,UAAMC,WAAW,GAAG,qBAAO,KAAKC,KAAL,CAAWC,KAAlB,CAApB;AACA,UAAMC,aAAa,GAAG,sBAAtB;AACA,UAAMC,eAAe,GAAG,uBAASC,QAAT,CAAkB,CAAlB,EAAqB,KAArB,CAAxB,CAHS,CAKT;;AACA,UAAI,KAAKJ,KAAL,CAAWK,QAAX,KAAwB,KAA5B,EAAmC;AACjC,YAAIN,WAAW,CAACO,MAAZ,CAAmBJ,aAAnB,EAAkC,KAAlC,CAAJ,EAA8C;AAC5C,iBAAO,OAAP;AACD,SAFD,MAEO,IAAIH,WAAW,CAACO,MAAZ,CAAmBH,eAAnB,EAAoC,KAApC,CAAJ,EAAgD;AACrD,iBAAO,WAAP;AACD;;AAED,eAAOJ,WAAW,CAACQ,MAAZ,CAAmB,MAAnB,CAAP;AACD,OAdQ,CAgBT;;;AACA,UAAMC,aAAa,GAAGT,WAAW,CAACU,OAAZ,EAAtB;;AACA,UAAID,aAAa,KAAK,YAAtB,EAAoC;AAClC,eAAO,WAAP;AACD,OAFD,MAEO,IAAIA,aAAa,KAAK,YAAtB,EAAoC;AACzC,eAAO,WAAP;AACD,OAFM,MAEA,IAAIA,aAAa,KAAK,aAAtB,EAAqC;AAC1C,eAAO,WAAP;AACD;;AAED,aAAOA,aAAP;AACD;;;kCAEa;AACZ,UAAMT,WAAW,GAAG,qBAAO,KAAKC,KAAL,CAAWC,KAAlB,CAApB;AACA,UAAMS,SAAS,GAAG,qBAAO,KAAKV,KAAL,CAAWW,GAAlB,CAAlB;;AAEA,UAAIZ,WAAW,CAACO,MAAZ,CAAmBI,SAAnB,EAA8B,KAA9B,KAAwC,KAAKV,KAAL,CAAWK,QAAX,KAAwB,KAApE,EAA2E;AACzE,eAAON,WAAW,CAACQ,MAAZ,CAAmB,cAAnB,CAAP;AACD;;AAED,aAAOR,WAAW,CAACQ,MAAZ,CAAmB,cAAnB,IAAqC,KAArC,GAA6CG,SAAS,CAACH,MAAV,CAAiB,cAAjB,CAApD;AACD;;;6BAEQ;AACP,aACE;AAAK,QAAA,SAAS,EAAC;AAAf,SACE,yCACE;AAAM,QAAA,SAAS,EAAC;AAAhB,SAAoC,KAAKK,QAAL,EAApC,CADF,EAEE;AAAM,QAAA,SAAS,EAAC;AAAhB,SACG,KAAKC,WAAL,EADH,CAFF,CADF,CADF;AAUD;;;;EApDwBC,eAAMC,S;;AAuDjCjB,YAAY,CAACkB,SAAb,GAAyB;AACvBf,EAAAA,KAAK,EAAEgB,mBAAUC,MADM;AAEvBP,EAAAA,GAAG,EAAEM,mBAAUC,MAFQ;AAGvBb,EAAAA,QAAQ,EAAEY,mBAAUE,KAAV,CAAgB,CAAC,MAAD,EAAS,OAAT,EAAkB,MAAlB,EAA0B,KAA1B,CAAhB;AAHa,CAAzB;eAMerB,Y","sourceRoot":"C:\\Users\\JenniferThorpe\\Desktop\\Nackademin\\JavaScript4\\GitHunt\\githunt\\src\\components\\group-heading","sourcesContent":["import React from 'react';\r\nimport moment from 'moment';\r\nimport PropTypes from 'prop-types';\r\n\r\nimport './styles.css';\r\n\r\nclass GroupHeading extends React.Component {\r\n  getTitle() {\r\n    const startMoment = moment(this.props.start);\r\n    const currentMoment = moment();\r\n    const yesterdayMoment = moment().subtract(1, 'day');\r\n\r\n    // For \"day\" jumps return the day name\r\n    if (this.props.dateJump === 'day') {\r\n      if (startMoment.isSame(currentMoment, 'day')) {\r\n        return 'Today';\r\n      } else if (startMoment.isSame(yesterdayMoment, 'day')) {\r\n        return 'Yesterday';\r\n      }\r\n\r\n      return startMoment.format('dddd');\r\n    }\r\n\r\n    // Return the relative date\r\n    const formattedDate = startMoment.fromNow();\r\n    if (formattedDate === 'a year ago') {\r\n      return 'Last year';\r\n    } else if (formattedDate === '7 days ago') {\r\n      return 'This week';\r\n    } else if (formattedDate === '14 days ago') {\r\n      return 'Last week';\r\n    }\r\n\r\n    return formattedDate;\r\n  }\r\n\r\n  getSubtitle() {\r\n    const startMoment = moment(this.props.start);\r\n    const endMoment = moment(this.props.end);\r\n\r\n    if (startMoment.isSame(endMoment, 'day') || this.props.dateJump === 'day') {\r\n      return startMoment.format('MMMM D, YYYY');\r\n    }\r\n\r\n    return startMoment.format('MMMM D, YYYY') + ' – ' + endMoment.format('MMMM D, YYYY');\r\n  }\r\n\r\n  render() {\r\n    return (\r\n      <div className=\"group-heading\">\r\n        <h4>\r\n          <span className=\"text-capitalizes\">{this.getTitle()}</span>\r\n          <span className=\"small text-muted ml-2\">\r\n            {this.getSubtitle()}\r\n          </span>\r\n        </h4>\r\n      </div>\r\n    );\r\n  }\r\n}\r\n\r\nGroupHeading.propTypes = {\r\n  start: PropTypes.string,\r\n  end: PropTypes.string,\r\n  dateJump: PropTypes.oneOf(['week', 'month', 'year', 'day'])\r\n};\r\n\r\nexport default GroupHeading;\r\n"]},"_coverageSchema":"1a1c01bbd47fc00a2c39e90264f33305004495a9","hash":"d6edbd402c653c4d7615e640ac0ddb7250ddb340","contentHash":"e8581278bdec4c65111f82c24f7e274f45bba5c989e76c8cb528f4266619358b"},"C:\\Users\\JenniferThorpe\\Desktop\\Nackademin\\JavaScript4\\GitHunt\\githunt\\src\\components\\icons\\fork.js":{"path":"C:\\Users\\JenniferThorpe\\Desktop\\Nackademin\\JavaScript4\\GitHunt\\githunt\\src\\components\\icons\\fork.js","statementMap":{"0":{"start":{"line":3,"column":0},"end":{"line":5,"column":3}},"1":{"start":{"line":6,"column":0},"end":{"line":6,"column":25}},"2":{"start":{"line":8,"column":13},"end":{"line":8,"column":53}},"3":{"start":{"line":10,"column":39},"end":{"line":10,"column":93}},"4":{"start":{"line":12,"column":11},"end":{"line":23,"column":1}},"5":{"start":{"line":13,"column":2},"end":{"line":22,"column":6}},"6":{"start":{"line":25,"column":15},"end":{"line":25,"column":19}},"7":{"start":{"line":26,"column":0},"end":{"line":26,"column":27}}},"fnMap":{"0":{"name":"_interopRequireDefault","decl":{"start":{"line":10,"column":9},"end":{"line":10,"column":31}},"loc":{"start":{"line":10,"column":37},"end":{"line":10,"column":95}},"line":10},"1":{"name":"Fork","decl":{"start":{"line":12,"column":20},"end":{"line":12,"column":24}},"loc":{"start":{"line":12,"column":32},"end":{"line":23,"column":1}},"line":12}},"branchMap":{"0":{"loc":{"start":{"line":10,"column":46},"end":{"line":10,"column":92}},"type":"cond-expr","locations":[{"start":{"line":10,"column":70},"end":{"line":10,"column":73}},{"start":{"line":10,"column":76},"end":{"line":10,"column":92}}],"line":10},"1":{"loc":{"start":{"line":10,"column":46},"end":{"line":10,"column":67}},"type":"binary-expr","locations":[{"start":{"line":10,"column":46},"end":{"line":10,"column":49}},{"start":{"line":10,"column":53},"end":{"line":10,"column":67}}],"line":10}},"s":{"0":1,"1":1,"2":1,"3":1,"4":1,"5":1,"6":1,"7":1},"f":{"0":1,"1":1},"b":{"0":[0,1],"1":[1,1]},"inputSourceMap":{"version":3,"sources":["fork.js"],"names":["Fork","props"],"mappings":";;;;;;;AAAA;;;;AAEA,IAAMA,IAAI,GAAG,SAAPA,IAAO,CAACC,KAAD;AAAA,SACX;AAAK,IAAA,OAAO,EAAC,WAAb;AAAyB,IAAA,OAAO,EAAC,KAAjC;AAAuC,IAAA,KAAK,EAAC,IAA7C;AAAkD,IAAA,MAAM,EAAC,IAAzD;AAA8D,IAAA,IAAI,EAAC;AAAnE,KACE;AAAM,IAAA,QAAQ,EAAC,SAAf;AACE,IAAA,CAAC,EAAC;AADJ,IADF,CADW;AAAA,CAAb;;eAOeD,I","sourceRoot":"C:\\Users\\JenniferThorpe\\Desktop\\Nackademin\\JavaScript4\\GitHunt\\githunt\\src\\components\\icons","sourcesContent":["import React from 'react';\r\n\r\nconst Fork = (props) => (\r\n  <svg viewBox=\"0 0 10 16\" version=\"1.1\" width=\"10\" height=\"16\" role=\"img\">\r\n    <path fillRule=\"evenodd\"\r\n      d=\"M8 1a1.993 1.993 0 0 0-1 3.72V6L5 8 3 6V4.72A1.993 1.993 0 0 0 2 1a1.993 1.993 
[...]
expr","locations":[{"start":{"line":22,"column":70},"end":{"line":22,"column":73}},{"start":{"line":22,"column":76},"end":{"line":22,"column":92}}],"line":22},"1":{"loc":{"start":{"line":22,"column":46},"end":{"line":22,"column":67}},"type":"binary-expr","locations":[{"start":{"line":22,"column":46},"end":{"line":22,"column":49}},{"start":{"line":22,"column":53},"end":{"line":22,"column":67}}],"line":22},"2":{"loc":{"start":{"line":24,"column":24},"end":{"line":24,"column":328}},"type":"if","locations":[{"start":{"line":24,"column":24},"end":{"line":24,"column":328}},{"start":{"line":24,"column":24},"end":{"line":24,"column":328}}],"line":24},"3":{"loc":{"start":{"line":24,"column":28},"end":{"line":24,"column":95}},"type":"binary-expr","locations":[{"start":{"line":24,"column":28},"end":{"line":24,"column":56}},{"start":{"line":24,"column":60},"end":{"line":24,"column":95}}],"line":24},"4":{"loc":{"start":{"line":24,"column":205},"end":{"line":24,"column":322}},"type":"cond-expr","locations":[{"start":{"line":24,"column":301},"end":{"line":24,"column":309}},{"start":{"line":24,"column":312},"end":{"line":24,"column":322}}],"line":24},"5":{"loc":{"start":{"line":24,"column":205},"end":{"line":24,"column":298}},"type":"binary-expr","locations":[{"start":{"line":24,"column":205},"end":{"line":24,"column":208}},{"start":{"line":24,"column":212},"end":{"line":24,"column":240}},{"start":{"line":24,"column":244},"end":{"line":24,"column":270}},{"start":{"line":24,"column":274},"end":{"line":24,"column":298}}],"line":24},"6":{"loc":{"start":{"line":26,"column":50},"end":{"line":26,"column":151}},"type":"if","locations":[{"start":{"line":26,"column":50},"end":{"line":26,"column":151}},{"start":{"line":26,"column":50},"end":{"line":26,"column":151}}],"line":26},"7":{"loc":{"start":{"line":28,"column":136},"end":{"line":28,"column":166}},"type":"binary-expr","locations":[{"start":{"line":28,"column":136},"end":{"line":28,"column":157}},{"start":{"line":28,"column":161},"end":{"line":28,"column":166}}],"line":28},"8":{"loc":{"start":{"line":28,"column":200},"end":{"line":28,"column":254}},"type":"if","locations":[{"start":{"line":28,"column":200},"end":{"line":28,"column":254}},{"start":{"line":28,"column":200},"end":{"line":28,"column":254}}],"line":28},"9":{"loc":{"start":{"line":30,"column":62},"end":{"line":30,"column":131}},"type":"if","locations":[{"start":{"line":30,"column":62},"end":{"line":30,"column":131}},{"start":{"line":30,"column":62},"end":{"line":30,"column":131}}],"line":30},"10":{"loc":{"start":{"line":30,"column":132},"end":{"line":30,"column":193}},"type":"if","locations":[{"start":{"line":30,"column":132},"end":{"line":30,"column":193}},{"start":{"line":30,"column":132},"end":{"line":30,"column":193}}],"line":30},"11":{"loc":{"start":{"line":32,"column":50},"end":{"line":32,"column":138}},"type":"if","locations":[{"start":{"line":32,"column":50},"end":{"line":32,"column":138}},{"start":{"line":32,"column":50},"end":{"line":32,"column":138}}],"line":32},"12":{"loc":{"start":{"line":32,"column":54},"end":{"line":32,"column":120}},"type":"binary-expr","locations":[{"start":{"line":32,"column":54},"end":{"line":32,"column":58}},{"start":{"line":32,"column":63},"end":{"line":32,"column":89}},{"start":{"line":32,"column":93},"end":{"line":32,"column":119}}],"line":32},"13":{"loc":{"start":{"line":34,"column":40},"end":{"line":34,"column":151}},"type":"if","locations":[{"start":{"line":34,"column":40},"end":{"line":34,"column":151}},{"start":{"line":34,"column":40},"end":{"line":34,"column":151}}],"line":34},"14":{"loc":{"start":{"line":36,"column":48},"end":{"line":36,"column":175}},"type":"cond-expr","locations":[{"start":{"line":36,"column":72},"end":{"line":36,"column":93}},{"start":{"line":36,"column":96},"end":{"line":36,"column":175}}],"line":36},"15":{"loc":{"start":{"line":36,"column":133},"end":{"line":36,"column":172}},"type":"binary-expr","locations":[{"start":{"line":36,"column":133},"end":{"line":36,"column":144}},{"start":{"line":36,"column":148},"end":{"line":36,"column":172}}],"line":36},"16":{"loc":{"start":{"line":38,"column":43},"end":{"line":38,"column":182}},"type":"if","locations":[{"start":{"line":38,"column":43},"end":{"line":38,"column":182}},{"start":{"line":38,"column":43},"end":{"line":38,"column":182}}],"line":38},"17":{"loc":{"start":{"line":38,"column":47},"end":{"line":38,"column":102}},"type":"binary-expr","locations":[{"start":{"line":38,"column":47},"end":{"line":38,"column":79}},{"start":{"line":38,"column":83},"end":{"line":38,"column":102}}],"line":38},"18":{"loc":{"start":{"line":38,"column":218},"end":{"line":38,"column":252}},"type":"binary-expr","locations":[{"start":{"line":38,"column":218},"end":{"line":38,"column":228}},{"start":{"line":38,"column":232},"end":{"line":38,"column":252}}],"line":38},"19":{"loc":{"start":{"line":38,"column":329},"end":{"line":38,"column":383}},"type":"if","locations":[{"start":{"line":38,"column":329},"end":{"line":38,"column":383}},{"start":{"line":38,"column":329},"end":{"line":38,"column":383}}],"line":38},"20":{"loc":{"start":{"line":40,"column":51},"end":{"line":40,"column":137}},"type":"binary-expr","locations":[{"start":{"line":40,"column":51},"end":{"line":40,"column":72}},{"start":{"line":40,"column":76},"end":{"line":40,"column":137}}],"line":40},"21":{"loc":{"start":{"line":76,"column":49},"end":{"line":76,"column":109}},"type":"binary-expr","locations":[{"start":{"line":76,"column":49},"end":{"line":76,"column":82}},{"start":{"line":76,"column":86},"end":{"line":76,"column":109}}],"line":76},"22":{"loc":{"start":{"line":78,"column":9},"end":{"line":84,"column":41}},"type":"binary-expr","locations":[{"start":{"line":78,"column":9},"end":{"line":78,"column":39}},{"start":{"line":78,"column":43},"end":{"line":84,"column":41}}],"line":78},"23":{"loc":{"start":{"line":94,"column":60},"end":{"line":94,"column":138}},"type":"cond-expr","locations":[{"start":{"line":94,"column":90},"end":{"line":94,"column":134}},{"start":{"line":94,"column":137},"end":{"line":94,"column":138}}],"line":94},"24":{"loc":{"start":{"line":99,"column":61},"end":{"line":99,"column":151}},"type":"cond-expr","locations":[{"start":{"line":99,"column":97},"end":{"line":99,"column":147}},{"start":{"line":99,"column":150},"end":{"line":99,"column":151}}],"line":99}},"s":{"0":1,"1":1,"2":1,"3":1,"4":1,"5":1,"6":1,"7":1,"8":1,"9":6,"10":0,"11":0,"12":0,"13":0,"14":0,"15":0,"16":0,"17":0,"18":1,"19":1,"20":1,"21":1,"22":1,"23":1,"24":1,"25":1,"26":1,"27":1,"28":1,"29":0,"30":1,"31":0,"32":0,"33":0,"34":0,"35":0,"36":0,"37":0,"38":0,"39":0,"40":1,"41":0,"42":1,"43":1,"44":1,"45":1,"46":0,"47":0,"48":1,"49":1,"50":1,"51":0,"52":0,"53":1,"54":0,"55":0,"56":1,"57":1,"58":1,"59":1},"f":{"0":6,"1":0,"2":0,"3":0,"4":0,"5":1,"6":1,"7":0,"8":0,"9":0,"10":0,"11":1,"12":1,"13":0,"14":1,"15":0,"16":0,"17":0},"b":{"0":[3,3],"1":[6,6],"2":[0,0],"3":[0,0],"4":[0,0],"5":[0,0,0,0],"6":[0,0],"7":[1,1],"8":[1,0],"9":[1,0],"10":[0,1],"11":[0,0],"12":[0,0,0],"13":[0,0],"14":[0,0],"15":[0,0],"16":[0,1],"17":[1,0],"18":[1,1],"19":[1,0],"20":[1,0],"21":[0,0],"22":[0,0],"23":[0,0],"24":[0,0]},"inputSourceMap":{"version":3,"sources":["index.js"],"names":["ListItem","props","repository","html_url","owner","login","name","created_at","format","description","language","stargazers_count","toLocaleString","forks","open_issues","avatar_url","e","target","src","React","Component","propTypes","PropTypes","object","isRequired"],"mappings":";;;;;;;AAAA;;AACA;;AAEA;;AACA;;AACA;;AACA;;AACA;;;;;;;;;;;;;;;;;;;;;;IAEMA,Q;;;;;;;;;;;;;6BACK;AACP,aACE;AAAK,QAAA,SAAS,EAAC;AAAf,SACE;AAAK,QAAA,SAAS,EAAC;AAAf,SACE;AAAK,QAAA,SAAS,EAAC;AAAf,SACE,yCACE;AAAG,QAAA,IAAI,EAAG,KAAKC,KAAL,CAAWC,UAAX,CAAsBC,QAAhC;AAA2C,QAAA,GAAG,EAAC,qBAA/C;AAAqE,QAAA,MAAM,EAAC;AAA5E,SACE;AAAM,QAAA,SAAS,EAAC;AAAhB,SAAgC,KAAKF,KAAL,CAAWC,UAAX,CAAsBE,KAAtB,CAA4BC,KAA5D,QADF,EAEI,KAAKJ,KAAL,CAAWC,UAAX,CAAsBI,IAF1B,CADF,CADF,EAOE;AAAG,QAAA,SAAS,EAAC;AAAb,2BAA4D;AAAG,QAAA,IAAI,EAAG,KAAKL,KAAL,CAAWC,UAAX,CAAsBE,KAAtB,CAA4BD,QAAtC;AAAiD,QAAA,GAAG,EAAC,qBAArD;AAA2E,QAAA,MAAM,EAAC;AAAlF,SAA6F,KAAKF,KAAL,CAAWC,UAAX,CAAsBE,KAAtB,CAA4BC,KAAzH,CAA5D,YAA4M,qBAAO,KAAKJ,KAAL,CAAWC,UAAX,CAAsBK,UAA7B,EAAyCC,MAAzC,CAAgD,aAAhD,CAA5M,CAPF,CADF,EAUE;AAAK,QAAA,SAAS,EAAC;AAAf,SACE,wCAAK,KAAKP,KAAL,CAAWC,UAAX,CAAsBO,WAAtB,IAAqC,uBAA1C,CADF,CAVF,EAaE;AAAK,QAAA,SAAS,EAAC;AAAf,SAEI,KAAKR,KAAL,CAAWC,UAAX,CAAsBQ,QAAtB,IACE;AAAM,QAAA,SAAS,EAAC;AAAhB,SACE;AAAM,QAAA,SAAS,EAAC;AAAhB,QADF,EAEE;AAAM,QAAA,QAAQ,EAAC;AAAf,SACI,KAAKT,KAAL,CAAWC,UAAX,CAAsBQ,QAD1B,CAFF,CAHN,EAWE;AAAG,QAAA,SAAS,EAAC,gCAAb;AACG,QAAA,IAAI,YAAM,KAAKT,KAAL,CAAWC,UAAX,CAAsBC,QAA5B,gBADP;AAEG,QAAA,GAAG,EAAC,qBAFP;AAGG,QAAA,MAAM,EAAC;AAHV,SAIE,6BAAC,aAAD,OAJF,EAKI,KAAKF,KAAL,CAAWC,UAAX,CAAsBS,gBAAtB,CAAuCC,cAAvC,EALJ,CAXF,EAkBE;AAAG,QAAA,SAAS,EAAC,gCAAb;AACG,QAAA,IAAI,YAAM,KAAKX,KAAL,CAAWC,UAAX,CAAsBC,QAA5B,qBADP;AAEG,QAAA,GAAG,EAAC,qBAFP;AAGG,QAAA,MAAM,EAAC;AAHV,SAIE,6BAAC,aAAD,OAJF,EAKI,KAAKF,KAAL,CAAWC,UAAX,CAAsBW,KAAtB,GAA8B,KAAKZ,KAAL,CAAWC,UAAX,CAAsBW,KAAtB,CAA4BD,cAA5B,EAA9B,GAA6E,CALjF,CAlBF,EAyBE;AAAG,QAAA,SAAS,EAAC,gCAAb;AACG,QAAA,IAAI,YAAM,KAAKX,KAAL,CAAWC,UAAX,CAAsBC,QAA5B,YADP;AAEG,QAAA,GAAG,EAAC,qBAFP;AAGG,QAAA,MAAM,EAAC;AAHV,SAIE,6BAAC,cAAD,OAJF,EAKI,KAAKF,KAAL,CAAWC,UAAX,CAAsBY,WAAtB,GAAoC,KAAKb,KAAL,CAAWC,UAAX,CAAsBY,WAAtB,CAAkCF,cAAlC,EAApC,GAAyF,CAL7F,CAzBF,CAbF,CADF,EAiDE;AAAG,QAAA,IAAI,EAAG,KAAKX,KAAL,CAAWC,UAAX,CAAsBE,KAAtB,CAA4BD,QAAtC;AACG,QAAA,MAAM,EAAC,QADV;AAEG,QAAA,GAAG,EAAC,qBAFP;AAGG,QAAA,SAAS,EAAC;AAHb,SAIE;AAAK,QAAA,SAAS,EAAC,YAAf;AACK,QAAA,GAAG,EAAG,KAAKF,KAAL,CAAWC,UAAX,CAAsBE,KAAtB,CAA4BW,UADvC;AAEK,QAAA,OAAO,EAAG,iBAACC,CAAD,EAAO;AACfA,UAAAA,CAAC,CAACC,MAAF,CAASC,GAAT,GAAe,eAAf;AACD,SAJN;AAKK,QAAA,GAAG,EAAG,KAAKjB,KAAL,CAAWC,UAAX,CAAsBE,KAAtB,CAA4BC;AALvC,QAJF,CAjDF,CADF;AA+DD;;;;EAjEoBc,eAAMC,S;;AAoE7BpB,QAAQ,CAACqB,SAAT,GAAqB;AACnBnB,EAAAA,UAAU,EAAEoB,mBAAUC,MAAV,CAAiBC;AADV,CAArB;eAIexB,Q","sourceRoot":"C:\\Users\\JenniferThorpe\\Desktop\\Nackademin\\JavaScript4\\GitHunt\\githunt\\src\\components\\repository-list\\list-item","sourcesContent":["import React from 'react';\r\nimport PropTypes from 'prop-types';\r\n\r\nimport './styles.css';\r\nimport moment from 'moment';\r\nimport Star from '../../icons/star';\r\nimport Fork from '../../icons/fork';\r\nimport Issue from \"../../icons/issue\";\r\n\r\nclass ListItem extends React.Component {\r\n  render() {\r\n    return (\r\n      <div className=\"col-12 list-item-container\">\r\n        <div className=\"list-item-body\">\r\n          <div className=\"repo-header\">\r\n            <h3>\r\n              <a href={ this.props.repository.html_url } rel=\"noopener noreferrer\" target=\"_blank\">\r\n                <span className=\"text-normal\">{ this.props.repository.owner.login } / </span>\r\n                { this.props.repository.name }\r\n              </a>\r\n            </h3>\r\n            <p className=\"repo-meta text-muted small\">Built by &middot; <a href={ this.props.repository.owner.html_url } rel=\"noopener noreferrer\" target=\"_blank\">{ this.props.repository.owner.login }</a> &middot; { moment(this.props.repository.created_at).format('MMMM D YYYY') }</p>\r\n          </div>\r\n          <div className=\"repo-body\">\r\n            <p>{ this.props.repository.description || 'No description given.' }</p>\r\n          </div>\r\n          <div className=\"repo-footer\">\r\n            {\r\n              this.props.repository.language && (\r\n                <span className=\"d-inline-block mr-3\">\r\n                  <span className=\"repo-language-color ml-0\"></span>\r\n                  <span itemProp=\"programmingLanguage\">\r\n                    { this.props.repository.language }\r\n                  </span>\r\n                </span>\r\n              )\r\n            }\r\n            <a className=\"muted-link d-inline-block mr-3\"\r\n               href={ `${this.props.repository.html_url}/stargazers` }\r\n               rel=\"noopener noreferrer\"\r\n               target=\"_blank\">\r\n              <Star />\r\n              { this.props.repository.stargazers_count.toLocaleString() }\r\n            </a>\r\n            <a className=\"muted-link d-inline-block mr-3\"\r\n               href={ `${this.props.repository.html_url}/network/members` }\r\n               rel=\"noopener noreferrer\"\r\n               target=\"_blank\">\r\n              <Fork />\r\n              { this.props.repository.forks ? this.props.repository.forks.toLocaleString() : 0 }\r\n            </a>\r\n            <a className=\"muted-link d-inline-block mr-3\"\r\n               href={ `${this.props.repository.html_url}/issues` }\r\n               rel=\"noopener noreferrer\"\r\n               target=\"_blank\">\r\n              <Issue />\r\n              { this.props.repository.open_issues ? this.props.repository.open_issues.toLocaleString() : 0 }\r\n            </a>\r\n          </div>\r\n        </div>\r\n\r\n        <a href={ this.props.repository.owner.html_url }\r\n           target=\"_blank\"\r\n           rel=\"noopener noreferrer\"\r\n           className=\"author-link d-none d-lg-block d-xl-block d-md-block\">\r\n          <img className='author-img'\r\n               src={ this.props.repository.owner.avatar_url }\r\n               onError={ (e) => {\r\n                 e.target.src = '/img/logo.svg';\r\n               } }\r\n               alt={ this.props.repository.owner.login } />\r\n        </a>\r\n      </div>\r\n    );\r\n  }\r\n}\r\n\r\nListItem.propTypes = {\r\n  repository: PropTypes.object.isRequired\r\n};\r\n\r\nexport default ListItem;\r\n"]},"_coverageSchema":"1a1c01bbd47fc00a2c39e90264f33305004495a9","hash":"e5496ac6ddfe38e828448395ecd1f143b7ebb316","contentHash":"0387b5c5ca0b53009a3aedd2f5a824e20f3fc2a9cf7a51edd1ca9be93e018dd1"},"C:\\Users\\JenniferThorpe\\Desktop\\Nackademin\\JavaScript4\\GitHunt\\githunt\\src\\redux\\preference\\actions.js":{"path":"C:\\Users\\JenniferThorpe\\Desktop\\Nackademin\\JavaScript4\\GitHunt\\githunt\\src\\redux\\preference\\actions.js","statementMap":{"0":{"start":{"line":3,"column":0},"end":{"line":5,"column":3}},"1":{"start":{"line":6,"column":0},"end":{"line":6,"column":57}},"2":{"start":{"line":8,"column":13},"end":{"line":8,"column":31}},"3":{"start":{"line":18,"column":21},"end":{"line":26,"column":1}},"4":{"start":{"line":19,"column":17},"end":{"line":19,"column":91}},"5":{"start":{"line":20,"column":2},"end":{"line":25,"column":4}},"6":{"start":{"line":21,"column":4},"end":{"line":24,"column":7}},"7":{"start":{"line":36,"column":0},"end":{"line":36,"column":40}},"8":{"start":{"line":38,"column":21},"end":{"line":45,"column":1}},"9":{"start":{"line":39,"column":2},"end":{"line":44,"column":4}},"10":{"start":{"line":40,"column":4},"end":{"line":43,"column":7}},"11":{"start":{"line":47,"column":0},"end":{"line":47,"column":40}}},"fnMap":{"0":{"name":"updateViewType","decl":{"start":{"line":18,"column":30},"end":{"line":18,"column":44}},"loc":{"start":{"line":18,"column":47},"end":{"line":26,"column":1}},"line":18},"1":{"name":"(anonymous_1)","decl":{"start":{"line":20,"column":9},"end":{"line":20,"column":10}},"loc":{"start":{"line":20,"column":29},"end":{"line":25,"column":3}},"line":20},"2":{"name":"updateDateJump","decl":{"start":{"line":38,"column":30},"end":{"line":38,"column":44}},"loc":{"start":{"line":38,"column":55},"end":{"line":45,"column":1}},"line":38},"3":{"name":"(anonymous_3)","decl":{"start":{"line":39,"column":9},"end":{"line":39,"column":10}},"loc":{"start":{"line":39,"column":29},"end":{"line":44,"column":3}},"line":39}},"branchMap":{"0":{"loc":{"start":{"line":19,"column":17},"end":{"line":19,"column":91}},"type":"cond-expr","locations":[{"start":{"line":19,"column":70},"end":{"line":19,"column":82}},{"start":{"line":19,"column":85},"end":{"line":19,"column":91}}],"line":19},"1":{"loc":{"start":{"line":19,"column":17},"end":{"line":19,"column":67}},"type":"binary-expr","locations":[{"start":{"line":19,"column":17},"end":{"line":19,"column":37}},{"start":{"line":19,"column":41},"end":{"line":19,"column":67}}],"line":19}},"s":{"0":1,"1":1,"2":1,"3":1,"4":0,"5":0,"6":0,"7":1,"8":1,"9":0,"10":0,"11":1},"f":{"0":0,"1":0,"2":0,"3":0},"b":{"0":[0,0],"1":[0,0]},"inputSourceMap":{"version":3,"sources":["actions.js"],"names":["updateViewType","viewType","dispatch","type","UPDATE_VIEW_TYPE","payload","updateDateJump","dateJump","UPDATE_DATE_TYPE"],"mappings":";;;;;;;AAAA;;AAEA;AACA;AACA;AACA;AACA;AACA;AACA;AACA;AAEO,IAAMA,cAAc,GAAG,SAAjBA,cAAiB,GAA6B;AAAA,MAAnBC,QAAmB,uEAAR,MAAQ;AACzD,SAAO,UAAAC,QAAQ,EAAI;AACjBA,IAAAA,QAAQ,CAAC;AACPC,MAAAA,IAAI,EAAEC,uBADC;AAEPC,MAAAA,OAAO,EAAEJ;AAFF,KAAD,CAAR;AAID,GALD;AAMD,CAPM,C,CASP;AACA;AACA;AACA;AACA;AACA;AACA;AACA;;;;;AAEO,IAAMK,cAAc,GAAG,SAAjBA,cAAiB,CAAUC,QAAV,EAAoB;AAChD,SAAO,UAAAL,QAAQ,EAAI;AACjBA,IAAAA,QAAQ,CAAC;AACPC,MAAAA,IAAI,EAAEK,uBADC;AAEPH,MAAAA,OAAO,EAAEE;AAFF,KAAD,CAAR;AAID,GALD;AAMD,CAPM","sourceRoot":"C:\\Users\\JenniferThorpe\\Desktop\\Nackademin\\JavaScript4\\GitHunt\\githunt\\src\\redux\\preference","sourcesContent":["import { UPDATE_DATE_TYPE, UPDATE_LANGUAGE, UPDATE_OPTIONS, UPDATE_VIEW_TYPE } from './types';\r\n\r\n// export const updateOptions = function (options) {\r\n//   return dispatch => {\r\n//     dispatch({\r\n//       type: UPDATE_OPTIONS,\r\n//       payload: options,\r\n//     });\r\n//   };\r\n// };\r\n\r\nexport const updateViewType = function (viewType = 'grid') {\r\n  return dispatch => {\r\n    dispatch({\r\n      type: UPDATE_VIEW_TYPE,\r\n      payload: viewType\r\n    });\r\n  };\r\n};\r\n\r\n// export const updateLanguage = function (language) {\r\n//   return dispatch => {\r\n//     dispatch({\r\n//       type: UPDATE_LANGUAGE,\r\n//       payload: language\r\n//     });\r\n//   };\r\n// };\r\n\r\nexport const updateDateJump = function (dateJump) {\r\n  return dispatch => {\r\n    dispatch({\r\n      type: UPDATE_DATE_TYPE,\r\n      payload: dateJump\r\n    });\r\n  };\r\n};\r\n"]},"_coverageSchema":"1a1c01bbd47fc00a2c39e90264f33305004495a9","hash":"7aca7b33eb341a8dcbed1284ee76b372fbdeb734","contentHash":"705d720c7f3b83b3958a23598c0703865cc3ab2faeeeecebe3263380a9b1aeee"},"C:\\Users\\JenniferThorpe\\Desktop\\Nackademin\\JavaScript4\\GitHunt\\githunt\\src\\redux\\preference\\types.js":{"path":"C:\\Users\\JenniferThorpe\\Desktop\\Nackademin\\JavaScript4\\GitHunt\\githunt\\src\\redux\\preference\\types.js","statementMap":{"0":{"start":{"line":3,"column":0},"end":{"line":5,"column":3}},"1":{"start":{"line":6,"column":0},"end":{"line":6,"column":112}},"2":{"start":{"line":7,"column":21},"end":{"line":7,"column":37}},"3":{"start":{"line":8,"column":0},"end":{"line":8,"column":40}},"4":{"start":{"line":9,"column":23},"end":{"line":9,"column":41}},"5":{"start":{"line":10,"column":0},"end":{"line":10,"column":44}},"6":{"start":{"line":11,"column":23},"end":{"line":11,"column":41}},"7":{"start":{"line":12,"column":0},"end":{"line":12,"column":44}},"8":{"start":{"line":13,"column":22},"end":{"line":13,"column":39}},"9":{"start":{"line":14,"column":0},"end":{"line":14,"column":42}}},"fnMap":{},"branchMap":{},"s":{"0":1,"1":1,"2":1,"3":1,"4":1,"5":1,"6":1,"7":1,"8":1,"9":1},"f":{},"b":{},"inputSourceMap":{"version":3,"sources":["types.js"],"names":["UPDATE_OPTIONS","UPDATE_VIEW_TYPE","UPDATE_DATE_TYPE","UPDATE_LANGUAGE"],"mappings":";;;;;;AAAO,IAAMA,cAAc,GAAG,gBAAvB;;AACA,IAAMC,gBAAgB,GAAG,kBAAzB;;AACA,IAAMC,gBAAgB,GAAG,kBAAzB;;AACA,IAAMC,eAAe,GAAG,iBAAxB","sourceRoot":"C:\\Users\\JenniferThorpe\\Desktop\\Nackademin\\JavaScript4\\GitHunt\\githunt\\src\\redux\\preference","sourcesContent":["export const UPDATE_OPTIONS = 'UPDATE_OPTIONS';\r\nexport const UPDATE_VIEW_TYPE = 'UPDATE_VIEW_TYPE';\r\nexport const UPDATE_DATE_TYPE = 'UPDATE_DATE_TYPE';\r\nexport const UPDATE_LANGUAGE = 'UPDATE_LANGUAGE';\r\n"]},"_coverageSchema":"1a1c01bbd47fc00a2c39e90264f33305004495a9","hash":"7603f5d701dd4366c77aee9827ee100e642b107d","contentHash":"7286e6879acc2b2e0dc96fb6c1ad4d1449e869c63b3a3a7b2b7db6601dd23825"}}