{"C:\\Users\\JenniferThorpe\\Desktop\\Nackademin\\JavaScript4\\GitHunt\\githunt\\src\\components\\alert\\index.spec.js":{"path":"C:\\Users\\JenniferThorpe\\Desktop\\Nackademin\\JavaScript4\\GitHunt\\githunt\\src\\components\\alert\\index.spec.js","statementMap":{"0":{"start":{"line":3,"column":13},"end":{"line":3,"column":53}},"1":{"start":{"line":5,"column":13},"end":{"line":5,"column":55}},"2":{"start":{"line":7,"column":16},"end":{"line":7,"column":36}},"3":{"start":{"line":9,"column":39},"end":{"line":9,"column":93}},"4":{"start":{"line":11,"column":0},"end":{"line":29,"column":3}},"5":{"start":{"line":13,"column":2},"end":{"line":22,"column":5}},"6":{"start":{"line":14,"column":4},"end":{"line":16,"column":6}},"7":{"start":{"line":17,"column":4},"end":{"line":17,"column":90}},"8":{"start":{"line":18,"column":4},"end":{"line":21,"column":6}},"9":{"start":{"line":23,"column":2},"end":{"line":25,"column":5}},"10":{"start":{"line":24,"column":4},"end":{"line":24,"column":61}},"11":{"start":{"line":26,"column":2},"end":{"line":28,"column":5}},"12":{"start":{"line":27,"column":4},"end":{"line":27,"column":53}}},"fnMap":{"0":{"name":"_interopRequireDefault","decl":{"start":{"line":9,"column":9},"end":{"line":9,"column":31}},"loc":{"start":{"line":9,"column":37},"end":{"line":9,"column":95}},"line":9},"1":{"name":"(anonymous_1)","decl":{"start":{"line":11,"column":18},"end":{"line":11,"column":19}},"loc":{"start":{"line":11,"column":30},"end":{"line":29,"column":1}},"line":11},"2":{"name":"(anonymous_2)","decl":{"start":{"line":13,"column":9},"end":{"line":13,"column":10}},"loc":{"start":{"line":13,"column":21},"end":{"line":22,"column":3}},"line":13},"3":{"name":"(anonymous_3)","decl":{"start":{"line":23,"column":31},"end":{"line":23,"column":32}},"loc":{"start":{"line":23,"column":43},"end":{"line":25,"column":3}},"line":23},"4":{"name":"(anonymous_4)","decl":{"start":{"line":26,"column":32},"end":{"line":26,"column":33}},"loc":{"start":{"line":26,"column":44},"end":{"line":28,"column":3}},"line":26}},"branchMap":{"0":{"loc":{"start":{"line":9,"column":46},"end":{"line":9,"column":92}},"type":"cond-expr","locations":[{"start":{"line":9,"column":70},"end":{"line":9,"column":73}},{"start":{"line":9,"column":76},"end":{"line":9,"column":92}}],"line":9},"1":{"loc":{"start":{"line":9,"column":46},"end":{"line":9,"column":67}},"type":"binary-expr","locations":[{"start":{"line":9,"column":46},"end":{"line":9,"column":49}},{"start":{"line":9,"column":53},"end":{"line":9,"column":67}}],"line":9}},"s":{"0":1,"1":1,"2":1,"3":2,"4":1,"5":1,"6":1,"7":1,"8":1,"9":1,"10":1,"11":1,"12":1},"f":{"0":2,"1":1,"2":1,"3":1,"4":1},"b":{"0":[1,1],"1":[2,2]},"inputSourceMap":{"version":3,"sources":["index.spec.js"],"names":["describe","props","wrapper","before","type","mount","it","expect","contains","to","equal","have","property"],"mappings":";;AAAA;;AACA;;AACA;;;;AAEAA,QAAQ,CAAC,OAAD,EAAU,YAAM;AACtB,MAAIC,KAAJ,EAAWC,OAAX;AAEAC,EAAAA,MAAM,CAAC,YAAM;AACXF,IAAAA,KAAK,GAAG;AACNG,MAAAA,IAAI,EAAE;AADA,KAAR;AAIAF,IAAAA,OAAO,GAAGG,KAAK,CAAC,6BAAC,cAAD,EAAWJ,KAAX,kBAAD,CAAf;AAEA,WAAO;AACLA,MAAAA,KAAK,EAALA,KADK;AAELC,MAAAA,OAAO,EAAPA;AAFK,KAAP;AAID,GAXK,CAAN;AAcAI,EAAAA,EAAE,CAAC,wBAAD,EAA2B,YAAM;AACjCC,IAAAA,MAAM,CAACL,OAAO,CAACM,QAAR,CAAiB,eAAjB,CAAD,CAAN,CAA0CC,EAA1C,CAA6CC,KAA7C,CAAmD,IAAnD;AACD,GAFC,CAAF;AAIAJ,EAAAA,EAAE,CAAC,yBAAD,EAA4B,YAAM;AAClCC,IAAAA,MAAM,CAACL,OAAO,CAACD,KAAR,EAAD,CAAN,CAAwBQ,EAAxB,CAA2BE,IAA3B,CAAgCC,QAAhC,CAAyC,MAAzC;AACD,GAFC,CAAF;AAGD,CAxBO,CAAR","sourceRoot":"C:\\Users\\JenniferThorpe\\Desktop\\Nackademin\\JavaScript4\\GitHunt\\githunt\\src\\components\\alert","sourcesContent":["import React from 'react';\r\nimport Alert from './index';\r\nimport { unstable_renderSubtreeIntoContainer } from 'react-dom';\r\n\r\ndescribe('Alert', () => {\r\n  let props, wrapper;\r\n\r\n  before(() => {\r\n    props = {\r\n      type: ''\r\n    }\r\n\r\n    wrapper = mount(<Alert {...props}>Prop children</Alert>)\r\n\r\n    return {\r\n      props,\r\n      wrapper\r\n    }\r\n  }\r\n  )\r\n\r\n  it('Includes prop children', () => {\r\n    expect(wrapper.contains('Prop children')).to.equal(true);\r\n  })\r\n\r\n  it('Contains required props', () => {\r\n    expect(wrapper.props()).to.have.property('type');\r\n  })\r\n})"]},"_coverageSchema":"1a1c01bbd47fc00a2c39e90264f33305004495a9","hash":"f18a91bfc5addf03b9119e5eabfdd1799a199edb","contentHash":"f9fde5df8a149bc1a4e19dc9ac1b597cd235b1d14b67afdc8883cb3ec9f19c12"},"C:\\Users\\JenniferThorpe\\Desktop\\Nackademin\\JavaScript4\\GitHunt\\githunt\\src\\components\\alert\\index.js":{"path":"C:\\Users\\JenniferThorpe\\Desktop\\Nackademin\\JavaScript4\\GitHunt\\githunt\\src\\components\\alert\\index.js","statementMap":{"0":{"start":{"line":3,"column":0},"end":{"line":5,"column":3}},"1":{"start":{"line":6,"column":0},"end":{"line":6,"column":25}},"2":{"start":{"line":8,"column":13},"end":{"line":8,"column":53}},"3":{"start":{"line":10,"column":17},"end":{"line":10,"column":62}},"4":{"start":{"line":12,"column":18},"end":{"line":12,"column":63}},"5":{"start":{"line":14,"column":39},"end":{"line":14,"column":93}},"6":{"start":{"line":16,"column":12},"end":{"line":20,"column":1}},"7":{"start":{"line":17,"column":2},"end":{"line":19,"column":21}},"8":{"start":{"line":22,"column":0},"end":{"line":24,"column":2}},"9":{"start":{"line":25,"column":15},"end":{"line":25,"column":20}},"10":{"start":{"line":26,"column":0},"end":{"line":26,"column":27}}},"fnMap":{"0":{"name":"_interopRequireDefault","decl":{"start":{"line":14,"column":9},"end":{"line":14,"column":31}},"loc":{"start":{"line":14,"column":37},"end":{"line":14,"column":95}},"line":14},"1":{"name":"Alert","decl":{"start":{"line":16,"column":21},"end":{"line":16,"column":26}},"loc":{"start":{"line":16,"column":34},"end":{"line":20,"column":1}},"line":16}},"branchMap":{"0":{"loc":{"start":{"line":14,"column":46},"end":{"line":14,"column":92}},"type":"cond-expr","locations":[{"start":{"line":14,"column":70},"end":{"line":14,"column":73}},{"start":{"line":14,"column":76},"end":{"line":14,"column":92}}],"line":14},"1":{"loc":{"start":{"line":14,"column":46},"end":{"line":14,"column":67}},"type":"binary-expr","locations":[{"start":{"line":14,"column":46},"end":{"line":14,"column":49}},{"start":{"line":14,"column":53},"end":{"line":14,"column":67}}],"line":14}},"s":{"0":1,"1":1,"2":1,"3":1,"4":1,"5":3,"6":1,"7":1,"8":1,"9":1,"10":1},"f":{"0":3,"1":1},"b":{"0":[0,3],"1":[3,3]},"inputSourceMap":{"version":3,"sources":["index.js"],"names":["Alert","props","type","children","propTypes","PropTypes","string","isRequired"],"mappings":";;;;;;;AAAA;;AACA;;AACA;;;;AAEA,IAAMA,KAAK,GAAG,SAARA,KAAQ,CAACC,KAAD;AAAA,SACZ;AAAK,IAAA,SAAS,EAAE,yBAAW,OAAX,kBAA6BA,KAAK,CAACC,IAAnC;AAAhB,KAA6DD,KAAK,CAACE,QAAnE,CADY;AAAA,CAAd;;AAIAH,KAAK,CAACI,SAAN,GAAkB;AAChBF,EAAAA,IAAI,EAAEG,mBAAUC,MAAV,CAAiBC;AADP,CAAlB;eAIeP,K","sourceRoot":"C:\\Users\\JenniferThorpe\\Desktop\\Nackademin\\JavaScript4\\GitHunt\\githunt\\src\\components\\alert","sourcesContent":["import React from 'react';\r\nimport PropTypes from 'prop-types';\r\nimport classnames from 'classnames';\r\n\r\nconst Alert = (props) => (\r\n  <div className={classnames('alert', `alert-${props.type}`)}>{props.children}</div>\r\n);\r\n\r\nAlert.propTypes = {\r\n  type: PropTypes.string.isRequired\r\n};\r\n\r\nexport default Alert;\r\n"]},"_coverageSchema":"1a1c01bbd47fc00a2c39e90264f33305004495a9","hash":"1ac80c43d2a509de9c42df7b9da4d6e08e96fa2f","contentHash":"cf9700b365f1f1546b8a2f129e2e572e98d8a55f6a8526cf675146229ac19077"},"C:\\Users\\JenniferThorpe\\Desktop\\Nackademin\\JavaScript4\\GitHunt\\githunt\\src\\components\\filters\\date-jump-filter\\index.spec.js":{"path":"C:\\Users\\JenniferThorpe\\Desktop\\Nackademin\\JavaScript4\\GitHunt\\githunt\\src\\components\\filters\\date-jump-filter\\index.spec.js","statementMap":{"0":{"start":{"line":3,"column":13},"end":{"line":3,"column":53}},"1":{"start":{"line":5,"column":13},"end":{"line":5,"column":55}},"2":{"start":{"line":7,"column":39},"end":{"line":7,"column":93}},"3":{"start":{"line":9,"column":0},"end":{"line":58,"column":3}},"4":{"start":{"line":11,"column":2},"end":{"line":22,"column":5}},"5":{"start":{"line":12,"column":4},"end":{"line":12,"column":38}},"6":{"start":{"line":13,"column":4},"end":{"line":16,"column":6}},"7":{"start":{"line":17,"column":4},"end":{"line":17,"column":75}},"8":{"start":{"line":18,"column":4},"end":{"line":21,"column":6}},"9":{"start":{"line":23,"column":2},"end":{"line":26,"column":5}},"10":{"start":{"line":24,"column":4},"end":{"line":24,"column":46}},"11":{"start":{"line":25,"column":4},"end":{"line":25,"column":48}},"12":{"start":{"line":27,"column":2},"end":{"line":30,"column":5}},"13":{"start":{"line":28,"column":4},"end":{"line":28,"column":46}},"14":{"start":{"line":29,"column":4},"end":{"line":29,"column":47}},"15":{"start":{"line":31,"column":2},"end":{"line":35,"column":5}},"16":{"start":{"line":32,"column":4},"end":{"line":32,"column":57}},"17":{"start":{"line":33,"column":4},"end":{"line":33,"column":32}},"18":{"start":{"line":34,"column":4},"end":{"line":34,"column":56}},"19":{"start":{"line":36,"column":2},"end":{"line":54,"column":5}},"20":{"start":{"line":37,"column":4},"end":{"line":37,"column":72}},"21":{"start":{"line":38,"column":4},"end":{"line":40,"column":7}},"22":{"start":{"line":41,"column":4},"end":{"line":41,"column":71}},"23":{"start":{"line":42,"column":4},"end":{"line":44,"column":7}},"24":{"start":{"line":45,"column":4},"end":{"line":45,"column":73}},"25":{"start":{"line":46,"column":4},"end":{"line":48,"column":7}},"26":{"start":{"line":49,"column":4},"end":{"line":49,"column":72}},"27":{"start":{"line":50,"column":4},"end":{"line":52,"column":7}},"28":{"start":{"line":53,"column":4},"end":{"line":53,"column":72}},"29":{"start":{"line":55,"column":2},"end":{"line":57,"column":5}},"30":{"start":{"line":56,"column":4},"end":{"line":56,"column":61}}},"fnMap":{"0":{"name":"_interopRequireDefault","decl":{"start":{"line":7,"column":9},"end":{"line":7,"column":31}},"loc":{"start":{"line":7,"column":37},"end":{"line":7,"column":95}},"line":7},"1":{"name":"(anonymous_1)","decl":{"start":{"line":9,"column":27},"end":{"line":9,"column":28}},"loc":{"start":{"line":9,"column":39},"end":{"line":58,"column":1}},"line":9},"2":{"name":"(anonymous_2)","decl":{"start":{"line":11,"column":13},"end":{"line":11,"column":14}},"loc":{"start":{"line":11,"column":25},"end":{"line":22,"column":3}},"line":11},"3":{"name":"(anonymous_3)","decl":{"start":{"line":23,"column":34},"end":{"line":23,"column":35}},"loc":{"start":{"line":23,"column":46},"end":{"line":26,"column":3}},"line":23},"4":{"name":"(anonymous_4)","decl":{"start":{"line":27,"column":52},"end":{"line":27,"column":53}},"loc":{"start":{"line":27,"column":64},"end":{"line":30,"column":3}},"line":27},"5":{"name":"(anonymous_5)","decl":{"start":{"line":31,"column":40},"end":{"line":31,"column":41}},"loc":{"start":{"line":31,"column":52},"end":{"line":35,"column":3}},"line":31},"6":{"name":"(anonymous_6)","decl":{"start":{"line":36,"column":33},"end":{"line":36,"column":34}},"loc":{"start":{"line":36,"column":45},"end":{"line":54,"column":3}},"line":36},"7":{"name":"(anonymous_7)","decl":{"start":{"line":55,"column":28},"end":{"line":55,"column":29}},"loc":{"start":{"line":55,"column":40},"end":{"line":57,"column":3}},"line":55}},"branchMap":{"0":{"loc":{"start":{"line":7,"column":46},"end":{"line":7,"column":92}},"type":"cond-expr","locations":[{"start":{"line":7,"column":70},"end":{"line":7,"column":73}},{"start":{"line":7,"column":76},"end":{"line":7,"column":92}}],"line":7},"1":{"loc":{"start":{"line":7,"column":46},"end":{"line":7,"column":67}},"type":"binary-expr","locations":[{"start":{"line":7,"column":46},"end":{"line":7,"column":49}},{"start":{"line":7,"column":53},"end":{"line":7,"column":67}}],"line":7}},"s":{"0":1,"1":1,"2":2,"3":1,"4":1,"5":5,"6":5,"7":5,"8":5,"9":1,"10":1,"11":1,"12":1,"13":1,"14":1,"15":1,"16":1,"17":1,"18":1,"19":1,"20":1,"21":1,"22":1,"23":1,"24":1,"25":1,"26":1,"27":1,"28":1,"29":1,"30":1},"f":{"0":2,"1":1,"2":5,"3":1,"4":1,"5":1,"6":1,"7":1},"b":{"0":[1,1],"1":[2,2]},"inputSourceMap":{"version":3,"sources":["index.spec.js"],"names":["describe","props","wrapper","fakeUpdateDateJump","beforeEach","sinon","fake","updateDateJump","selectedDateJump","shallow","it","instance","assert","calledOnce","notCalled","expect","state","dropdownOpen","to","equal","toggle","getSelectedDateJump","setProps","find","have","lengthOf"],"mappings":";;AAAA;;AACA;;;;AAEAA,QAAQ,CAAC,gBAAD,EAAmB,YAAM;AAC/B,MAAIC,KAAJ,EAAWC,OAAX,EAAoBC,kBAApB;AAEAC,EAAAA,UAAU,CAAC,YAAM;AACfD,IAAAA,kBAAkB,GAAGE,KAAK,CAACC,IAAN,EAArB;AAEAL,IAAAA,KAAK,GAAG;AACNM,MAAAA,cAAc,EAAEJ,kBADV;AAENK,MAAAA,gBAAgB,EAAE;AAFZ,KAAR;AAKAN,IAAAA,OAAO,GAAGO,OAAO,CAAC,6BAAC,cAAD,EAAoBR,KAApB,CAAD,CAAjB;AAEA,WAAO;AACLA,MAAAA,KAAK,EAALA,KADK;AAELC,MAAAA,OAAO,EAAPA;AAFK,KAAP;AAID,GAdS,CAAV;AAiBAQ,EAAAA,EAAE,CAAC,2BAAD,EAA8B,YAAM;AACpCR,IAAAA,OAAO,CAACS,QAAR,GAAmBJ,cAAnB,CAAkC,MAAlC;AACAF,IAAAA,KAAK,CAACO,MAAN,CAAaC,UAAb,CAAwBV,kBAAxB;AACD,GAHC,CAAF;AAKAO,EAAAA,EAAE,CAAC,6CAAD,EAAgD,YAAM;AACtDR,IAAAA,OAAO,CAACS,QAAR,GAAmBJ,cAAnB,CAAkC,MAAlC;AACAF,IAAAA,KAAK,CAACO,MAAN,CAAaE,SAAb,CAAuBX,kBAAvB;AACD,GAHC,CAAF;AAKAO,EAAAA,EAAE,CAAC,iCAAD,EAAoC,YAAM;AAC1CK,IAAAA,MAAM,CAACb,OAAO,CAACc,KAAR,GAAgBC,YAAjB,CAAN,CAAqCC,EAArC,CAAwCC,KAAxC,CAA8C,KAA9C;AACAjB,IAAAA,OAAO,CAACS,QAAR,GAAmBS,MAAnB;AACAL,IAAAA,MAAM,CAACb,OAAO,CAACc,KAAR,GAAgBC,YAAjB,CAAN,CAAqCC,EAArC,CAAwCC,KAAxC,CAA8C,IAA9C;AACD,GAJC,CAAF;AAMAT,EAAAA,EAAE,CAAC,0BAAD,EAA6B,YAAM;AACnCK,IAAAA,MAAM,CAACb,OAAO,CAACS,QAAR,GAAmBU,mBAAnB,EAAD,CAAN,CAAiDH,EAAjD,CAAoDC,KAApD,CAA0D,QAA1D;AACAjB,IAAAA,OAAO,CAACoB,QAAR,CAAiB;AAAEd,MAAAA,gBAAgB,EAAE;AAApB,KAAjB;AACAO,IAAAA,MAAM,CAACb,OAAO,CAACS,QAAR,GAAmBU,mBAAnB,EAAD,CAAN,CAAiDH,EAAjD,CAAoDC,KAApD,CAA0D,OAA1D;AACAjB,IAAAA,OAAO,CAACoB,QAAR,CAAiB;AAAEd,MAAAA,gBAAgB,EAAE;AAApB,KAAjB;AACAO,IAAAA,MAAM,CAACb,OAAO,CAACS,QAAR,GAAmBU,mBAAnB,EAAD,CAAN,CAAiDH,EAAjD,CAAoDC,KAApD,CAA0D,SAA1D;AACAjB,IAAAA,OAAO,CAACoB,QAAR,CAAiB;AAAEd,MAAAA,gBAAgB,EAAE;AAApB,KAAjB;AACAO,IAAAA,MAAM,CAACb,OAAO,CAACS,QAAR,GAAmBU,mBAAnB,EAAD,CAAN,CAAiDH,EAAjD,CAAoDC,KAApD,CAA0D,QAA1D;AACAjB,IAAAA,OAAO,CAACoB,QAAR,CAAiB;AAAEd,MAAAA,gBAAgB,EAAE;AAApB,KAAjB;AACAO,IAAAA,MAAM,CAACb,OAAO,CAACS,QAAR,GAAmBU,mBAAnB,EAAD,CAAN,CAAiDH,EAAjD,CAAoDC,KAApD,CAA0D,QAA1D;AACD,GAVC,CAAF;AAYAT,EAAAA,EAAE,CAAC,qBAAD,EAAwB,YAAM;AAC9BK,IAAAA,MAAM,CAACb,OAAO,CAACqB,IAAR,CAAa,cAAb,CAAD,CAAN,CAAqCL,EAArC,CAAwCM,IAAxC,CAA6CC,QAA7C,CAAsD,CAAtD;AACD,GAFC,CAAF;AAKD,CArDO,CAAR","sourceRoot":"C:\\Users\\JenniferThorpe\\Desktop\\Nackademin\\JavaScript4\\GitHunt\\githunt\\src\\components\\filters\\date-jump-filter","sourcesContent":["import React from 'react';\r\nimport DateJumpFilter from './index';\r\n\r\ndescribe('DateJumpFilter', () => {\r\n  let props, wrapper, fakeUpdateDateJump;\r\n\r\n  beforeEach(() => {\r\n    fakeUpdateDateJump = sinon.fake();\r\n\r\n    props = {\r\n      updateDateJump: fakeUpdateDateJump,\r\n      selectedDateJump: 'week'\r\n    }\r\n\r\n    wrapper = shallow(<DateJumpFilter {...props} />)\r\n\r\n    return {\r\n      props,\r\n      wrapper\r\n    }\r\n  }\r\n  )\r\n\r\n  it('Calls prop updateDateJump', () => {\r\n    wrapper.instance().updateDateJump('year');\r\n    sinon.assert.calledOnce(fakeUpdateDateJump)\r\n  })\r\n\r\n  it('Returns and DO NOT call prop updateDateJump', () => {\r\n    wrapper.instance().updateDateJump('week');\r\n    sinon.assert.notCalled(fakeUpdateDateJump)\r\n  })\r\n\r\n  it('Menue default close and toggles', () => {\r\n    expect(wrapper.state().dropdownOpen).to.equal(false);\r\n    wrapper.instance().toggle();\r\n    expect(wrapper.state().dropdownOpen).to.equal(true);\r\n  })\r\n\r\n  it('Returns selectedDateJump', () => {\r\n    expect(wrapper.instance().getSelectedDateJump()).to.equal('Weekly');\r\n    wrapper.setProps({ selectedDateJump: 'day' })\r\n    expect(wrapper.instance().getSelectedDateJump()).to.equal('Daily');\r\n    wrapper.setProps({ selectedDateJump: 'month' })\r\n    expect(wrapper.instance().getSelectedDateJump()).to.equal('Monthly');\r\n    wrapper.setProps({ selectedDateJump: 'year' })\r\n    expect(wrapper.instance().getSelectedDateJump()).to.equal('Yearly');\r\n    wrapper.setProps({ selectedDateJump: '' })\r\n    expect(wrapper.instance().getSelectedDateJump()).to.equal('Weekly');\r\n  })\r\n\r\n  it('renders all options', () => {\r\n    expect(wrapper.find('DropdownItem')).to.have.lengthOf(4);\r\n  })\r\n\r\n\r\n})"]},"_coverageSchema":"1a1c01bbd47fc00a2c39e90264f33305004495a9","hash":"4b577e7a370397b2cd866c3c1f1d20d342dacb61","contentHash":"7b3126082e04c9f13b0da8e0e4665b434a99f4d5df3d3c169494f642e34e44ec"},"C:\\Users\\JenniferThorpe\\Desktop\\Nackademin\\JavaScript4\\GitHunt\\githunt\\src\\components\\filters\\date-jump-filter\\index.js":{"path":"C:\\Users\\JenniferThorpe\\Desktop\\Nackademin\\JavaScript4\\GitHunt\\githunt\\src\\components\\filters\\date-jump-filter\\index.js","statementMap":{"0":{"start":{"line":3,"column":0},"end":{"line":5,"column":3}},"1":{"start":{"line":6,"column":0},"end":{"line":6,"column":25}},"2":{"start":{"line":8,"column":13},"end":{"line":8,"column":53}},"3":{"start":{"line":10,"column":17},"end":{"line":10,"column":62}},"4":{"start":{"line":12,"column":18},"end":{"line":12,"column":39}},"5":{"start":{"line":14,"column":0},"end":{"line":14,"column":24}},"6":{"start":{"line":16,"column":39},"end":{"line":16,"column":93}},"7":{"start":{"line":18,"column":24},"end":{"line":18,"column":328}},"8":{"start":{"line":18,"column":99},"end":{"line":18,"column":154}},"9":{"start":{"line":18,"column":133},"end":{"line":18,"column":151}},"10":{"start":{"line":18,"column":164},"end":{"line":18,"column":326}},"11":{"start":{"line":18,"column":198},"end":{"line":18,"column":323}},"12":{"start":{"line":18,"column":329},"end":{"line":18,"column":349}},"13":{"start":{"line":20,"column":50},"end":{"line":20,"column":151}},"14":{"start":{"line":20,"column":92},"end":{"line":20,"column":149}},"15":{"start":{"line":22,"column":44},"end":{"line":22,"column":315}},"16":{"start":{"line":22,"column":57},"end":{"line":22,"column":58}},"17":{"start":{"line":22,"column":102},"end":{"line":22,"column":110}},"18":{"start":{"line":22,"column":112},"end":{"line":22,"column":167}},"19":{"start":{"line":22,"column":168},"end":{"line":22,"column":199}},"20":{"start":{"line":22,"column":200},"end":{"line":22,"column":254}},"21":{"start":{"line":22,"column":227},"end":{"line":22,"column":254}},"22":{"start":{"line":22,"column":255},"end":{"line":22,"column":313}},"23":{"start":{"line":24,"column":62},"end":{"line":24,"column":131}},"24":{"start":{"line":24,"column":78},"end":{"line":24,"column":131}},"25":{"start":{"line":24,"column":132},"end":{"line":24,"column":193}},"26":{"start":{"line":24,"column":149},"end":{"line":24,"column":193}},"27":{"start":{"line":24,"column":194},"end":{"line":24,"column":213}},"28":{"start":{"line":26,"column":50},"end":{"line":26,"column":138}},"29":{"start":{"line":26,"column":124},"end":{"line":26,"column":136}},"30":{"start":{"line":26,"column":139},"end":{"line":26,"column":175}},"31":{"start":{"line":28,"column":30},"end":{"line":28,"column":176}},"32":{"start":{"line":28,"column":126},"end":{"line":28,"column":173}},"33":{"start":{"line":28,"column":177},"end":{"line":28,"column":203}},"34":{"start":{"line":30,"column":40},"end":{"line":30,"column":151}},"35":{"start":{"line":30,"column":63},"end":{"line":30,"column":149}},"36":{"start":{"line":30,"column":152},"end":{"line":30,"column":164}},"37":{"start":{"line":32,"column":43},"end":{"line":32,"column":182}},"38":{"start":{"line":32,"column":106},"end":{"line":32,"column":180}},"39":{"start":{"line":32,"column":183},"end":{"line":32,"column":328}},"40":{"start":{"line":32,"column":329},"end":{"line":32,"column":383}},"41":{"start":{"line":32,"column":345},"end":{"line":32,"column":383}},"42":{"start":{"line":34,"column":33},"end":{"line":34,"column":138}},"43":{"start":{"line":34,"column":109},"end":{"line":34,"column":125}},"44":{"start":{"line":34,"column":126},"end":{"line":34,"column":135}},"45":{"start":{"line":34,"column":139},"end":{"line":34,"column":168}},"46":{"start":{"line":36,"column":44},"end":{"line":36,"column":195}},"47":{"start":{"line":36,"column":62},"end":{"line":36,"column":166}},"48":{"start":{"line":36,"column":176},"end":{"line":36,"column":193}},"49":{"start":{"line":36,"column":196},"end":{"line":36,"column":207}},"50":{"start":{"line":40,"column":0},"end":{"line":133,"column":27}},"51":{"start":{"line":41,"column":2},"end":{"line":41,"column":46}},"52":{"start":{"line":48,"column":4},"end":{"line":48,"column":42}},"53":{"start":{"line":50,"column":4},"end":{"line":52,"column":5}},"54":{"start":{"line":50,"column":20},"end":{"line":50,"column":36}},"55":{"start":{"line":50,"column":45},"end":{"line":50,"column":60}},"56":{"start":{"line":50,"column":69},"end":{"line":50,"column":70}},"57":{"start":{"line":51,"column":6},"end":{"line":51,"column":35}},"58":{"start":{"line":54,"column":4},"end":{"line":54,"column":149}},"59":{"start":{"line":56,"column":4},"end":{"line":58,"column":7}},"60":{"start":{"line":60,"column":4},"end":{"line":66,"column":7}},"61":{"start":{"line":61,"column":6},"end":{"line":63,"column":7}},"62":{"start":{"line":62,"column":8},"end":{"line":62,"column":15}},"63":{"start":{"line":65,"column":6},"end":{"line":65,"column":43}},"64":{"start":{"line":68,"column":4},"end":{"line":74,"column":7}},"65":{"start":{"line":69,"column":6},"end":{"line":73,"column":9}},"66":{"start":{"line":70,"column":8},"end":{"line":72,"column":10}},"67":{"start":{"line":76,"column":4},"end":{"line":76,"column":17}},"68":{"start":{"line":79,"column":2},"end":{"line":130,"column":6}},"69":{"start":{"line":82,"column":6},"end":{"line":97,"column":7}},"70":{"start":{"line":84,"column":10},"end":{"line":84,"column":25}},"71":{"start":{"line":87,"column":10},"end":{"line":87,"column":27}},"72":{"start":{"line":90,"column":10},"end":{"line":90,"column":26}},"73":{"start":{"line":93,"column":10},"end":{"line":93,"column":26}},"74":{"start":{"line":96,"column":10},"end":{"line":96,"column":26}},"75":{"start":{"line":102,"column":19},"end":{"line":102,"column":23}},"76":{"start":{"line":104,"column":6},"end":{"line":128,"column":20}},"77":{"start":{"line":114,"column":10},"end":{"line":114,"column":47}},"78":{"start":{"line":118,"column":10},"end":{"line":118,"column":48}},"79":{"start":{"line":122,"column":10},"end":{"line":122,"column":47}},"80":{"start":{"line":126,"column":10},"end":{"line":126,"column":46}},"81":{"start":{"line":132,"column":2},"end":{"line":132,"column":24}},"82":{"start":{"line":135,"column":0},"end":{"line":138,"column":2}},"83":{"start":{"line":139,"column":15},"end":{"line":139,"column":29}},"84":{"start":{"line":140,"column":0},"end":{"line":140,"column":27}}},"fnMap":{"0":{"name":"_interopRequireDefault","decl":{"start":{"line":16,"column":9},"end":{"line":16,"column":31}},"loc":{"start":{"line":16,"column":37},"end":{"line":16,"column":95}},"line":16},"1":{"name":"_typeof","decl":{"start":{"line":18,"column":9},"end":{"line":18,"column":16}},"loc":{"start":{"line":18,"column":22},"end":{"line":18,"column":351}},"line":18},"2":{"name":"_typeof","decl":{"start":{"line":18,"column":118},"end":{"line":18,"column":125}},"loc":{"start":{"line":18,"column":131},"end":{"line":18,"column":153}},"line":18},"3":{"name":"_typeof","decl":{"start":{"line":18,"column":183},"end":{"line":18,"column":190}},"loc":{"start":{"line":18,"column":196},"end":{"line":18,"column":325}},"line":18},"4":{"name":"_classCallCheck","decl":{"start":{"line":20,"column":9},"end":{"line":20,"column":24}},"loc":{"start":{"line":20,"column":48},"end":{"line":20,"column":153}},"line":20},"5":{"name":"_defineProperties","decl":{"start":{"line":22,"column":9},"end":{"line":22,"column":26}},"loc":{"start":{"line":22,"column":42},"end":{"line":22,"column":317}},"line":22},"6":{"name":"_createClass","decl":{"start":{"line":24,"column":9},"end":{"line":24,"column":21}},"loc":{"start":{"line":24,"column":60},"end":{"line":24,"column":215}},"line":24},"7":{"name":"_possibleConstructorReturn","decl":{"start":{"line":26,"column":9},"end":{"line":26,"column":35}},"loc":{"start":{"line":26,"column":48},"end":{"line":26,"column":177}},"line":26},"8":{"name":"_getPrototypeOf","decl":{"start":{"line":28,"column":9},"end":{"line":28,"column":24}},"loc":{"start":{"line":28,"column":28},"end":{"line":28,"column":205}},"line":28},"9":{"name":"_getPrototypeOf","decl":{"start":{"line":28,"column":105},"end":{"line":28,"column":120}},"loc":{"start":{"line":28,"column":124},"end":{"line":28,"column":175}},"line":28},"10":{"name":"_assertThisInitialized","decl":{"start":{"line":30,"column":9},"end":{"line":30,"column":31}},"loc":{"start":{"line":30,"column":38},"end":{"line":30,"column":166}},"line":30},"11":{"name":"_inherits","decl":{"start":{"line":32,"column":9},"end":{"line":32,"column":18}},"loc":{"start":{"line":32,"column":41},"end":{"line":32,"column":385}},"line":32},"12":{"name":"_setPrototypeOf","decl":{"start":{"line":34,"column":9},"end":{"line":34,"column":24}},"loc":{"start":{"line":34,"column":31},"end":{"line":34,"column":170}},"line":34},"13":{"name":"_setPrototypeOf","decl":{"start":{"line":34,"column":85},"end":{"line":34,"column":100}},"loc":{"start":{"line":34,"column":107},"end":{"line":34,"column":137}},"line":34},"14":{"name":"_defineProperty","decl":{"start":{"line":36,"column":9},"end":{"line":36,"column":24}},"loc":{"start":{"line":36,"column":42},"end":{"line":36,"column":209}},"line":36},"15":{"name":"(anonymous_15)","decl":{"start":{"line":40,"column":0},"end":{"line":40,"column":1}},"loc":{"start":{"line":40,"column":28},"end":{"line":133,"column":1}},"line":40},"16":{"name":"DateJumpFilter","decl":{"start":{"line":43,"column":11},"end":{"line":43,"column":25}},"loc":{"start":{"line":43,"column":28},"end":{"line":77,"column":3}},"line":43},"17":{"name":"(anonymous_17)","decl":{"start":{"line":60,"column":69},"end":{"line":60,"column":70}},"loc":{"start":{"line":60,"column":89},"end":{"line":66,"column":5}},"line":60},"18":{"name":"(anonymous_18)","decl":{"start":{"line":68,"column":61},"end":{"line":68,"column":62}},"loc":{"start":{"line":68,"column":73},"end":{"line":74,"column":5}},"line":68},"19":{"name":"(anonymous_19)","decl":{"start":{"line":69,"column":21},"end":{"line":69,"column":22}},"loc":{"start":{"line":69,"column":42},"end":{"line":73,"column":7}},"line":69},"20":{"name":"getSelectedDateJump","decl":{"start":{"line":81,"column":20},"end":{"line":81,"column":39}},"loc":{"start":{"line":81,"column":42},"end":{"line":98,"column":5}},"line":81},"21":{"name":"render","decl":{"start":{"line":101,"column":20},"end":{"line":101,"column":26}},"loc":{"start":{"line":101,"column":29},"end":{"line":129,"column":5}},"line":101},"22":{"name":"onClick","decl":{"start":{"line":113,"column":26},"end":{"line":113,"column":33}},"loc":{"start":{"line":113,"column":36},"end":{"line":115,"column":9}},"line":113},"23":{"name":"onClick","decl":{"start":{"line":117,"column":26},"end":{"line":117,"column":33}},"loc":{"start":{"line":117,"column":36},"end":{"line":119,"column":9}},"line":117},"24":{"name":"onClick","decl":{"start":{"line":121,"column":26},"end":{"line":121,"column":33}},"loc":{"start":{"line":121,"column":36},"end":{"line":123,"column":9}},"line":121},"25":{"name":"onClick","decl":{"start":{"line":125,"column":26},"end":{"line":125,"column":33}},"loc":{"start":{"line":125,"column":36},"end":{"line":127,"column":9}},"line":125}},"branchMap":{"0":{"loc":{"start":{"line":16,"column":46},"end":{"line":16,"column":92}},"type":"cond-expr","locations":[{"start":{"line":16,"column":70},"end":{"line":16,"column":73}},{"start":{"line":16,"column":76},"end":{"line":16,"column":92}}],"line":16},"1":{"loc":{"start":{"line":16,"column":46},"end":{"line":16,"column":67}},"type":"binary-expr","locations":[{"start":{"line":16,"column":46},"end":{"line":16,"column":49}},{"start":{"line":16,"column":53},"end":{"line":16,"column":67}}],"line":16},"2":{"loc":{"start":{"line":18,"column":24},"end":{"line":18,"column":328}},"type":"if","locations":[{"start":{"line":18,"column":24},"end":{"line":18,"column":328}},{"start":{"line":18,"column":24},"end":{"line":18,"column":328}}],"line":18},"3":{"loc":{"start":{"line":18,"column":28},"end":{"line":18,"column":95}},"type":"binary-expr","locations":[{"start":{"line":18,"column":28},"end":{"line":18,"column":56}},{"start":{"line":18,"column":60},"end":{"line":18,"column":95}}],"line":18},"4":{"loc":{"start":{"line":18,"column":205},"end":{"line":18,"column":322}},"type":"cond-expr","locations":[{"start":{"line":18,"column":301},"end":{"line":18,"column":309}},{"start":{"line":18,"column":312},"end":{"line":18,"column":322}}],"line":18},"5":{"loc":{"start":{"line":18,"column":205},"end":{"line":18,"column":298}},"type":"binary-expr","locations":[{"start":{"line":18,"column":205},"end":{"line":18,"column":208}},{"start":{"line":18,"column":212},"end":{"line":18,"column":240}},{"start":{"line":18,"column":244},"end":{"line":18,"column":270}},{"start":{"line":18,"column":274},"end":{"line":18,"column":298}}],"line":18},"6":{"loc":{"start":{"line":20,"column":50},"end":{"line":20,"column":151}},"type":"if","locations":[{"start":{"line":20,"column":50},"end":{"line":20,"column":151}},{"start":{"line":20,"column":50},"end":{"line":20,"column":151}}],"line":20},"7":{"loc":{"start":{"line":22,"column":136},"end":{"line":22,"column":166}},"type":"binary-expr","locations":[{"start":{"line":22,"column":136},"end":{"line":22,"column":157}},{"start":{"line":22,"column":161},"end":{"line":22,"column":166}}],"line":22},"8":{"loc":{"start":{"line":22,"column":200},"end":{"line":22,"column":254}},"type":"if","locations":[{"start":{"line":22,"column":200},"end":{"line":22,"column":254}},{"start":{"line":22,"column":200},"end":{"line":22,"column":254}}],"line":22},"9":{"loc":{"start":{"line":24,"column":62},"end":{"line":24,"column":131}},"type":"if","locations":[{"start":{"line":24,"column":62},"end":{"line":24,"column":131}},{"start":{"line":24,"column":62},"end":{"line":24,"column":131}}],"line":24},"10":{"loc":{"start":{"line":24,"column":132},"end":{"line":24,"column":193}},"type":"if","locations":[{"start":{"line":24,"column":132},"end":{"line":24,"column":193}},{"start":{"line":24,"column":132},"end":{"line":24,"column":193}}],"line":24},"11":{"loc":{"start":{"line":26,"column":50},"end":{"line":26,"column":138}},"type":"if","locations":[{"start":{"line":26,"column":50},"end":{"line":26,"column":138}},{"start":{"line":26,"column":50},"end":{"line":26,"column":138}}],"line":26},"12":{"loc":{"start":{"line":26,"column":54},"end":{"line":26,"column":120}},"type":"binary-expr","locations":[{"start":{"line":26,"column":54},"end":{"line":26,"column":58}},{"start":{"line":26,"column":63},"end":{"line":26,"column":89}},{"start":{"line":26,"column":93},"end":{"line":26,"column":119}}],"line":26},"13":{"loc":{"start":{"line":28,"column":48},"end":{"line":28,"column":175}},"type":"cond-expr","locations":[{"start":{"line":28,"column":72},"end":{"line":28,"column":93}},{"start":{"line":28,"column":96},"end":{"line":28,"column":175}}],"line":28},"14":{"loc":{"start":{"line":28,"column":133},"end":{"line":28,"column":172}},"type":"binary-expr","locations":[{"start":{"line":28,"column":133},"end":{"line":28,"column":144}},{"start":{"line":28,"column":148},"end":{"line":28,"column":172}}],"line":28},"15":{"loc":{"start":{"line":30,"column":40},"end":{"line":30,"column":151}},"type":"if","locations":[{"start":{"line":30,"column":40},"end":{"line":30,"column":151}},{"start":{"line":30,"column":40},"end":{"line":30,"column":151}}],"line":30},"16":{"loc":{"start":{"line":32,"column":43},"end":{"line":32,"column":182}},"type":"if","locations":[{"start":{"line":32,"column":43},"end":{"line":32,"column":182}},{"start":{"line":32,"column":43},"end":{"line":32,"column":182}}],"line":32},"17":{"loc":{"start":{"line":32,"column":47},"end":{"line":32,"column":102}},"type":"binary-expr","locations":[{"start":{"line":32,"column":47},"end":{"line":32,"column":79}},{"start":{"line":32,"column":83},"end":{"line":32,"column":102}}],"line":32},"18":{"loc":{"start":{"line":32,"column":218},"end":{"line":32,"column":252}},"type":"binary-expr","locations":[{"start":{"line":32,"column":218},"end":{"line":32,"column":228}},{"start":{"line":32,"column":232},"end":{"line":32,"column":252}}],"line":32},"19":{"loc":{"start":{"line":32,"column":329},"end":{"line":32,"column":383}},"type":"if","locations":[{"start":{"line":32,"column":329},"end":{"line":32,"column":383}},{"start":{"line":32,"column":329},"end":{"line":32,"column":383}}],"line":32},"20":{"loc":{"start":{"line":34,"column":51},"end":{"line":34,"column":137}},"type":"binary-expr","locations":[{"start":{"line":34,"column":51},"end":{"line":34,"column":72}},{"start":{"line":34,"column":76},"end":{"line":34,"column":137}}],"line":34},"21":{"loc":{"start":{"line":36,"column":44},"end":{"line":36,"column":195}},"type":"if","locations":[{"start":{"line":36,"column":44},"end":{"line":36,"column":195}},{"start":{"line":36,"column":44},"end":{"line":36,"column":195}}],"line":36},"22":{"loc":{"start":{"line":61,"column":6},"end":{"line":63,"column":7}},"type":"if","locations":[{"start":{"line":61,"column":6},"end":{"line":63,"column":7}},{"start":{"line":61,"column":6},"end":{"line":63,"column":7}}],"line":61},"23":{"loc":{"start":{"line":82,"column":6},"end":{"line":97,"column":7}},"type":"switch","locations":[{"start":{"line":83,"column":8},"end":{"line":84,"column":25}},{"start":{"line":86,"column":8},"end":{"line":87,"column":27}},{"start":{"line":89,"column":8},"end":{"line":90,"column":26}},{"start":{"line":92,"column":8},"end":{"line":93,"column":26}},{"start":{"line":95,"column":8},"end":{"line":96,"column":26}}],"line":82}},"s":{"0":1,"1":1,"2":1,"3":1,"4":1,"5":1,"6":2,"7":0,"8":0,"9":0,"10":0,"11":0,"12":0,"13":5,"14":0,"15":1,"16":1,"17":2,"18":2,"19":2,"20":2,"21":2,"22":2,"23":1,"24":1,"25":1,"26":0,"27":1,"28":5,"29":0,"30":5,"31":1,"32":0,"33":1,"34":20,"35":0,"36":20,"37":1,"38":0,"39":1,"40":1,"41":1,"42":1,"43":0,"44":0,"45":1,"46":15,"47":0,"48":15,"49":15,"50":1,"51":1,"52":5,"53":5,"54":5,"55":5,"56":5,"57":15,"58":5,"59":5,"60":5,"61":2,"62":1,"63":1,"64":5,"65":1,"66":1,"67":5,"68":1,"69":15,"70":2,"71":2,"72":2,"73":7,"74":2,"75":10,"76":10,"77":0,"78":0,"79":0,"80":0,"81":1,"82":1,"83":1,"84":1},"f":{"0":2,"1":0,"2":0,"3":0,"4":5,"5":1,"6":1,"7":5,"8":1,"9":0,"10":20,"11":1,"12":1,"13":0,"14":15,"15":1,"16":5,"17":2,"18":1,"19":1,"20":15,"21":10,"22":0,"23":0,"24":0,"25":0},"b":{"0":[0,2],"1":[2,2],"2":[0,0],"3":[0,0],"4":[0,0],"5":[0,0,0,0],"6":[0,5],"7":[2,2],"8":[2,0],"9":[1,0],"10":[0,1],"11":[0,5],"12":[5,0,0],"13":[1,0],"14":[0,0],"15":[0,20],"16":[0,1],"17":[1,0],"18":[1,1],"19":[1,0],"20":[1,0],"21":[0,15],"22":[1,1],"23":[2,2,2,7,2]},"inputSourceMap":{"version":3,"sources":["index.js"],"names":["DateJumpFilter","dropdownOpen","dateJump","props","selectedDateJump","updateDateJump","setState","prevState","state","toggle","getSelectedDateJump","React","Component","propTypes","PropTypes","func","isRequired","string"],"mappings":";;;;;;;AAAA;;AACA;;AACA;;AAEA;;;;;;;;;;;;;;;;;;;;;;;;IAEMA,c;;;;;;;;;;;;;;;;;;4DACI;AACNC,MAAAA,YAAY,EAAE;AADR,K;;qEAIS,UAACC,QAAD,EAAc;AAC7B,UAAIA,QAAQ,KAAK,MAAKC,KAAL,CAAWC,gBAA5B,EAA8C;AAC5C;AACD;;AAED,YAAKD,KAAL,CAAWE,cAAX,CAA0BH,QAA1B;AACD,K;;6DAEQ,YAAM;AACb,YAAKI,QAAL,CAAc,UAAAC,SAAS;AAAA,eAAK;AAC1BN,UAAAA,YAAY,EAAE,CAACM,SAAS,CAACN;AADC,SAAL;AAAA,OAAvB;AAGD,K;;;;;;;0CAEqB;AACpB,cAAQ,KAAKE,KAAL,CAAWC,gBAAnB;AACE,aAAK,KAAL;AACE,iBAAO,OAAP;;AACF,aAAK,OAAL;AACE,iBAAO,SAAP;;AACF,aAAK,MAAL;AACE,iBAAO,QAAP;;AACF,aAAK,MAAL;AACE,iBAAO,QAAP;;AACF;AACE,iBAAO,QAAP;AAVJ;AAYD;;;6BAEQ;AAAA;;AACP,aACE,6BAAC,oBAAD;AAAU,QAAA,SAAS,EAAC,gBAApB;AAAqC,QAAA,MAAM,EAAE,KAAKI,KAAL,CAAWP,YAAxD;AAAsE,QAAA,MAAM,EAAE,KAAKQ;AAAnF,SACE,6BAAC,0BAAD;AAAgB,QAAA,SAAS,EAAC;AAA1B,SACE;AAAG,QAAA,SAAS,EAAC;AAAb,QADF,EAEG,KAAKC,mBAAL,EAFH,CADF,EAKE,6BAAC,wBAAD,QACE,6BAAC,wBAAD;AAAc,QAAA,OAAO,EAAE;AAAA,iBAAM,MAAI,CAACL,cAAL,CAAoB,MAApB,CAAN;AAAA;AAAvB,kBADF,EAEE,6BAAC,wBAAD;AAAc,QAAA,OAAO,EAAE;AAAA,iBAAM,MAAI,CAACA,cAAL,CAAoB,OAApB,CAAN;AAAA;AAAvB,mBAFF,EAGE,6BAAC,wBAAD;AAAc,QAAA,OAAO,EAAE;AAAA,iBAAM,MAAI,CAACA,cAAL,CAAoB,MAApB,CAAN;AAAA;AAAvB,kBAHF,EAIE,6BAAC,wBAAD;AAAc,QAAA,OAAO,EAAE;AAAA,iBAAM,MAAI,CAACA,cAAL,CAAoB,KAApB,CAAN;AAAA;AAAvB,iBAJF,CALF,CADF;AAcD;;;;EAjD0BM,eAAMC,S;;AAoDnCZ,cAAc,CAACa,SAAf,GAA2B;AACzBR,EAAAA,cAAc,EAAES,mBAAUC,IAAV,CAAeC,UADN;AAEzBZ,EAAAA,gBAAgB,EAAEU,mBAAUG;AAFH,CAA3B;eAKejB,c","sourceRoot":"C:\\Users\\JenniferThorpe\\Desktop\\Nackademin\\JavaScript4\\GitHunt\\githunt\\src\\components\\filters\\date-jump-filter","sourcesContent":["import React from 'react';\r\nimport PropTypes from 'prop-types';\r\nimport { Dropdown, DropdownItem, DropdownMenu, DropdownToggle } from 'reactstrap';\r\n\r\nimport './styles.css';\r\n\r\nclass DateJumpFilter extends React.Component {\r\n  state = {\r\n    dropdownOpen: false\r\n  };\r\n\r\n  updateDateJump = (dateJump) => {\r\n    if (dateJump === this.props.selectedDateJump) {\r\n      return;\r\n    }\r\n\r\n    this.props.updateDateJump(dateJump);\r\n  };\r\n\r\n  toggle = () => {\r\n    this.setState(prevState => ({\r\n      dropdownOpen: !prevState.dropdownOpen\r\n    }));\r\n  };\r\n\r\n  getSelectedDateJump() {\r\n    switch (this.props.selectedDateJump) {\r\n      case 'day':\r\n        return 'Daily';\r\n      case 'month':\r\n        return 'Monthly';\r\n      case 'year':\r\n        return 'Yearly';\r\n      case 'week':\r\n        return 'Weekly';\r\n      default:\r\n        return 'Weekly';\r\n    }\r\n  }\r\n\r\n  render() {\r\n    return (\r\n      <Dropdown className='date-jump-wrap' isOpen={this.state.dropdownOpen} toggle={this.toggle}>\r\n        <DropdownToggle className='date-jump-type shadowed'>\r\n          <i className=\"fa fa-calendar mr-2\"></i>\r\n          {this.getSelectedDateJump()}\r\n        </DropdownToggle>\r\n        <DropdownMenu>\r\n          <DropdownItem onClick={() => this.updateDateJump('year')}>Yearly</DropdownItem>\r\n          <DropdownItem onClick={() => this.updateDateJump('month')}>Monthly</DropdownItem>\r\n          <DropdownItem onClick={() => this.updateDateJump('week')}>Weekly</DropdownItem>\r\n          <DropdownItem onClick={() => this.updateDateJump('day')}>Daily</DropdownItem>\r\n        </DropdownMenu>\r\n      </Dropdown>\r\n    );\r\n  }\r\n}\r\n\r\nDateJumpFilter.propTypes = {\r\n  updateDateJump: PropTypes.func.isRequired,\r\n  selectedDateJump: PropTypes.string\r\n};\r\n\r\nexport default DateJumpFilter;\r\n"]},"_coverageSchema":"1a1c01bbd47fc00a2c39e90264f33305004495a9","hash":"94b81bdda28ef17529ceafaed898e4a70b73de1b","contentHash":"3c6f24864b586e56f099482e8ae401d1a54388a7920e4545c1438e124777ec50"},"C:\\Users\\JenniferThorpe\\Desktop\\Nackademin\\JavaScript4\\GitHunt\\githunt\\src\\components\\filters\\index.spec.js":{"path":"C:\\Users\\JenniferThorpe\\Desktop\\Nackademin\\JavaScript4\\GitHunt\\githunt\\src\\components\\filters\\index.spec.js","statementMap":{"0":{"start":{"line":3,"column":13},"end":{"line":3,"column":53}},"1":{"start":{"line":5,"column":13},"end":{"line":5,"column":55}},"2":{"start":{"line":7,"column":39},"end":{"line":7,"column":93}},"3":{"start":{"line":9,"column":0},"end":{"line":46,"column":3}},"4":{"start":{"line":11,"column":2},"end":{"line":28,"column":5}},"5":{"start":{"line":12,"column":4},"end":{"line":12,"column":38}},"6":{"start":{"line":13,"column":4},"end":{"line":13,"column":38}},"7":{"start":{"line":14,"column":4},"end":{"line":14,"column":38}},"8":{"start":{"line":15,"column":4},"end":{"line":22,"column":6}},"9":{"start":{"line":23,"column":4},"end":{"line":23,"column":75}},"10":{"start":{"line":24,"column":4},"end":{"line":27,"column":6}},"11":{"start":{"line":29,"column":2},"end":{"line":37,"column":5}},"12":{"start":{"line":30,"column":4},"end":{"line":30,"column":50}},"13":{"start":{"line":31,"column":4},"end":{"line":31,"column":88}},"14":{"start":{"line":32,"column":4},"end":{"line":32,"column":86}},"15":{"start":{"line":33,"column":4},"end":{"line":33,"column":86}},"16":{"start":{"line":34,"column":4},"end":{"line":34,"column":88}},"17":{"start":{"line":35,"column":4},"end":{"line":35,"column":84}},"18":{"start":{"line":36,"column":4},"end":{"line":36,"column":82}},"19":{"start":{"line":38,"column":2},"end":{"line":45,"column":5}},"20":{"start":{"line":39,"column":4},"end":{"line":39,"column":81}},"21":{"start":{"line":40,"column":4},"end":{"line":40,"column":86}},"22":{"start":{"line":41,"column":4},"end":{"line":41,"column":86}},"23":{"start":{"line":42,"column":4},"end":{"line":42,"column":81}},"24":{"start":{"line":43,"column":4},"end":{"line":43,"column":77}},"25":{"start":{"line":44,"column":4},"end":{"line":44,"column":82}}},"fnMap":{"0":{"name":"_interopRequireDefault","decl":{"start":{"line":7,"column":9},"end":{"line":7,"column":31}},"loc":{"start":{"line":7,"column":37},"end":{"line":7,"column":95}},"line":7},"1":{"name":"(anonymous_1)","decl":{"start":{"line":9,"column":20},"end":{"line":9,"column":21}},"loc":{"start":{"line":9,"column":32},"end":{"line":46,"column":1}},"line":9},"2":{"name":"(anonymous_2)","decl":{"start":{"line":11,"column":13},"end":{"line":11,"column":14}},"loc":{"start":{"line":11,"column":25},"end":{"line":28,"column":3}},"line":11},"3":{"name":"(anonymous_3)","decl":{"start":{"line":29,"column":33},"end":{"line":29,"column":34}},"loc":{"start":{"line":29,"column":45},"end":{"line":37,"column":3}},"line":29},"4":{"name":"(anonymous_4)","decl":{"start":{"line":38,"column":41},"end":{"line":38,"column":42}},"loc":{"start":{"line":38,"column":53},"end":{"line":45,"column":3}},"line":38}},"branchMap":{"0":{"loc":{"start":{"line":7,"column":46},"end":{"line":7,"column":92}},"type":"cond-expr","locations":[{"start":{"line":7,"column":70},"end":{"line":7,"column":73}},{"start":{"line":7,"column":76},"end":{"line":7,"column":92}}],"line":7},"1":{"loc":{"start":{"line":7,"column":46},"end":{"line":7,"column":67}},"type":"binary-expr","locations":[{"start":{"line":7,"column":46},"end":{"line":7,"column":49}},{"start":{"line":7,"column":53},"end":{"line":7,"column":67}}],"line":7}},"s":{"0":1,"1":1,"2":2,"3":1,"4":1,"5":2,"6":2,"7":2,"8":2,"9":2,"10":2,"11":1,"12":1,"13":1,"14":1,"15":1,"16":1,"17":1,"18":1,"19":1,"20":1,"21":1,"22":1,"23":1,"24":1,"25":1},"f":{"0":2,"1":1,"2":2,"3":1,"4":1},"b":{"0":[1,1],"1":[2,2]},"inputSourceMap":{"version":3,"sources":["index.spec.js"],"names":["describe","props","wrapper","fakeUpdateLanguage","fakeUpdateDateJump","fakeUpdateViewType","beforeEach","sinon","fake","updateLanguage","updateDateJump","updateViewType","selectedLanguage","selectedViewType","selectedDateJump","shallow","it","expect","find","to","have","length","property","equal","be","a"],"mappings":";;AAAA;;AACA;;;;AAEAA,QAAQ,CAAC,SAAD,EAAY,YAAM;AAExB,MAAIC,KAAJ,EAAWC,OAAX,EAAoBC,kBAApB,EAAwCC,kBAAxC,EAA4DC,kBAA5D;AAEAC,EAAAA,UAAU,CAAC,YAAM;AAEfH,IAAAA,kBAAkB,GAAGI,KAAK,CAACC,IAAN,EAArB;AACAJ,IAAAA,kBAAkB,GAAGG,KAAK,CAACC,IAAN,EAArB;AACAH,IAAAA,kBAAkB,GAAGE,KAAK,CAACC,IAAN,EAArB;AAEAP,IAAAA,KAAK,GAAG;AACNQ,MAAAA,cAAc,EAAEN,kBADV;AAENO,MAAAA,cAAc,EAAEN,kBAFV;AAGNO,MAAAA,cAAc,EAAEN,kBAHV;AAINO,MAAAA,gBAAgB,EAAE,EAJZ;AAKNC,MAAAA,gBAAgB,EAAE,EALZ;AAMNC,MAAAA,gBAAgB,EAAE;AANZ,KAAR;AASAZ,IAAAA,OAAO,GAAGa,OAAO,CAAC,6BAAC,cAAD,EAAad,KAAb,CAAD,CAAjB;AAEA,WAAO;AACLA,MAAAA,KAAK,EAALA,KADK;AAELC,MAAAA,OAAO,EAAPA;AAFK,KAAP;AAID,GArBS,CAAV;AAwBAc,EAAAA,EAAE,CAAC,0BAAD,EAA6B,YAAM;AACnCC,IAAAA,MAAM,CAACf,OAAO,CAACgB,IAAR,CAAa,KAAb,CAAD,CAAN,CAA4BC,EAA5B,CAA+BC,IAA/B,CAAoCC,MAApC,CAA2C,CAA3C;AACAJ,IAAAA,MAAM,CAACf,OAAO,CAACgB,IAAR,CAAa,gBAAb,EAA+BjB,KAA/B,EAAD,CAAN,CAA+CkB,EAA/C,CAAkDC,IAAlD,CAAuDE,QAAvD,CAAgE,kBAAhE;AACAL,IAAAA,MAAM,CAACf,OAAO,CAACgB,IAAR,CAAa,gBAAb,EAA+BjB,KAA/B,EAAD,CAAN,CAA+CkB,EAA/C,CAAkDC,IAAlD,CAAuDE,QAAvD,CAAgE,gBAAhE;AACAL,IAAAA,MAAM,CAACf,OAAO,CAACgB,IAAR,CAAa,gBAAb,EAA+BjB,KAA/B,EAAD,CAAN,CAA+CkB,EAA/C,CAAkDC,IAAlD,CAAuDE,QAAvD,CAAgE,gBAAhE;AACAL,IAAAA,MAAM,CAACf,OAAO,CAACgB,IAAR,CAAa,gBAAb,EAA+BjB,KAA/B,EAAD,CAAN,CAA+CkB,EAA/C,CAAkDC,IAAlD,CAAuDE,QAAvD,CAAgE,kBAAhE;AACAL,IAAAA,MAAM,CAACf,OAAO,CAACgB,IAAR,CAAa,YAAb,EAA2BjB,KAA3B,EAAD,CAAN,CAA2CkB,EAA3C,CAA8CC,IAA9C,CAAmDE,QAAnD,CAA4D,kBAA5D;AACAL,IAAAA,MAAM,CAACf,OAAO,CAACgB,IAAR,CAAa,YAAb,EAA2BjB,KAA3B,EAAD,CAAN,CAA2CkB,EAA3C,CAA8CC,IAA9C,CAAmDE,QAAnD,CAA4D,gBAA5D;AACD,GARC,CAAF;AAUAN,EAAAA,EAAE,CAAC,kCAAD,EAAqC,YAAM;AAC3CC,IAAAA,MAAM,CAACf,OAAO,CAACgB,IAAR,CAAa,gBAAb,EAA+BjB,KAA/B,GAAuCW,gBAAxC,CAAN,CAAgEO,EAAhE,CAAmEI,KAAnE,CAAyE,EAAzE;AACAN,IAAAA,MAAM,CAACf,OAAO,CAACgB,IAAR,CAAa,gBAAb,EAA+BjB,KAA/B,GAAuCQ,cAAxC,CAAN,CAA8DU,EAA9D,CAAiEK,EAAjE,CAAoEC,CAApE,CAAsE,UAAtE;AACAR,IAAAA,MAAM,CAACf,OAAO,CAACgB,IAAR,CAAa,gBAAb,EAA+BjB,KAA/B,GAAuCS,cAAxC,CAAN,CAA8DS,EAA9D,CAAiEK,EAAjE,CAAoEC,CAApE,CAAsE,UAAtE;AACAR,IAAAA,MAAM,CAACf,OAAO,CAACgB,IAAR,CAAa,gBAAb,EAA+BjB,KAA/B,GAAuCa,gBAAxC,CAAN,CAAgEK,EAAhE,CAAmEI,KAAnE,CAAyE,EAAzE;AACAN,IAAAA,MAAM,CAACf,OAAO,CAACgB,IAAR,CAAa,YAAb,EAA2BjB,KAA3B,GAAmCY,gBAApC,CAAN,CAA4DM,EAA5D,CAA+DI,KAA/D,CAAqE,EAArE;AACAN,IAAAA,MAAM,CAACf,OAAO,CAACgB,IAAR,CAAa,YAAb,EAA2BjB,KAA3B,GAAmCU,cAApC,CAAN,CAA0DQ,EAA1D,CAA6DK,EAA7D,CAAgEC,CAAhE,CAAkE,UAAlE;AACD,GAPC,CAAF;AAQD,CA9CO,CAAR","sourceRoot":"C:\\Users\\JenniferThorpe\\Desktop\\Nackademin\\JavaScript4\\GitHunt\\githunt\\src\\components\\filters","sourcesContent":["import React from 'react';\r\nimport Filters from './index'\r\n\r\ndescribe('Filters', () => {\r\n\r\n  let props, wrapper, fakeUpdateLanguage, fakeUpdateDateJump, fakeUpdateViewType;\r\n\r\n  beforeEach(() => {\r\n\r\n    fakeUpdateLanguage = sinon.fake();\r\n    fakeUpdateDateJump = sinon.fake();\r\n    fakeUpdateViewType = sinon.fake();\r\n\r\n    props = {\r\n      updateLanguage: fakeUpdateLanguage,\r\n      updateDateJump: fakeUpdateDateJump,\r\n      updateViewType: fakeUpdateViewType,\r\n      selectedLanguage: '',\r\n      selectedViewType: '',\r\n      selectedDateJump: ''\r\n    }\r\n\r\n    wrapper = shallow(<Filters {...props}></Filters>)\r\n\r\n    return {\r\n      props,\r\n      wrapper\r\n    }\r\n  }\r\n  )\r\n\r\n  it('Renders 3 filter options', () => {\r\n    expect(wrapper.find('div')).to.have.length(4)\r\n    expect(wrapper.find('LanguageFilter').props()).to.have.property('selectedLanguage')\r\n    expect(wrapper.find('LanguageFilter').props()).to.have.property('updateLanguage')\r\n    expect(wrapper.find('DateJumpFilter').props()).to.have.property('updateDateJump')\r\n    expect(wrapper.find('DateJumpFilter').props()).to.have.property('selectedDateJump')\r\n    expect(wrapper.find('ViewFilter').props()).to.have.property('selectedViewType')\r\n    expect(wrapper.find('ViewFilter').props()).to.have.property('updateViewType')\r\n  })\r\n\r\n  it('Passes props to child components', () => {\r\n    expect(wrapper.find('LanguageFilter').props().selectedLanguage).to.equal('');\r\n    expect(wrapper.find('LanguageFilter').props().updateLanguage).to.be.a('function');\r\n    expect(wrapper.find('DateJumpFilter').props().updateDateJump).to.be.a('function');\r\n    expect(wrapper.find('DateJumpFilter').props().selectedDateJump).to.equal('');\r\n    expect(wrapper.find('ViewFilter').props().selectedViewType).to.equal('');\r\n    expect(wrapper.find('ViewFilter').props().updateViewType).to.be.a('function');\r\n  })\r\n})"]},"_coverageSchema":"1a1c01bbd47fc00a2c39e90264f33305004495a9","hash":"787ac8e35831c0fcaeb542e5a7f0d6a597ad15b2","contentHash":"01b851661223c717a08f0464b1eef26173309282726c550aef67e372cb45786f"},"C:\\Users\\JenniferThorpe\\Desktop\\Nackademin\\JavaScript4\\GitHunt\\githunt\\src\\components\\filters\\index.js":{"path":"C:\\Users\\JenniferThorpe\\Desktop\\Nackademin\\JavaScript4\\GitHunt\\githunt\\src\\components\\filters\\index.js","statementMap":{"0":{"start":{"line":3,"column":0},"end":{"line":5,"column":3}},"1":{"start":{"line":6,"column":0},"end":{"line":6,"column":25}},"2":{"start":{"line":8,"column":13},"end":{"line":8,"column":53}},"3":{"start":{"line":10,"column":17},"end":{"line":10,"column":62}},"4":{"start":{"line":12,"column":22},"end":{"line":12,"column":74}},"5":{"start":{"line":14,"column":18},"end":{"line":14,"column":66}},"6":{"start":{"line":16,"column":0},"end":{"line":16,"column":24}},"7":{"start":{"line":18,"column":22},"end":{"line":18,"column":75}},"8":{"start":{"line":20,"column":39},"end":{"line":20,"column":93}},"9":{"start":{"line":22,"column":14},"end":{"line":41,"column":1}},"10":{"start":{"line":23,"column":2},"end":{"line":40,"column":7}},"11":{"start":{"line":43,"column":0},"end":{"line":50,"column":2}},"12":{"start":{"line":51,"column":15},"end":{"line":51,"column":22}},"13":{"start":{"line":52,"column":0},"end":{"line":52,"column":27}}},"fnMap":{"0":{"name":"_interopRequireDefault","decl":{"start":{"line":20,"column":9},"end":{"line":20,"column":31}},"loc":{"start":{"line":20,"column":37},"end":{"line":20,"column":95}},"line":20},"1":{"name":"Filters","decl":{"start":{"line":22,"column":23},"end":{"line":22,"column":30}},"loc":{"start":{"line":22,"column":38},"end":{"line":41,"column":1}},"line":22}},"branchMap":{"0":{"loc":{"start":{"line":20,"column":46},"end":{"line":20,"column":92}},"type":"cond-expr","locations":[{"start":{"line":20,"column":70},"end":{"line":20,"column":73}},{"start":{"line":20,"column":76},"end":{"line":20,"column":92}}],"line":20},"1":{"loc":{"start":{"line":20,"column":46},"end":{"line":20,"column":67}},"type":"binary-expr","locations":[{"start":{"line":20,"column":46},"end":{"line":20,"column":49}},{"start":{"line":20,"column":53},"end":{"line":20,"column":67}}],"line":20}},"s":{"0":1,"1":1,"2":1,"3":1,"4":1,"5":1,"6":1,"7":1,"8":5,"9":1,"10":2,"11":1,"12":1,"13":1},"f":{"0":5,"1":2},"b":{"0":[3,2],"1":[5,5]},"inputSourceMap":{"version":3,"sources":["index.js"],"names":["Filters","props","selectedLanguage","updateLanguage","updateDateJump","selectedDateJump","selectedViewType","updateViewType","propTypes","PropTypes","func","isRequired","string"],"mappings":";;;;;;;AAAA;;AACA;;AAEA;;AACA;;AACA;;AACA;;;;AAEA,IAAMA,OAAO,GAAG,SAAVA,OAAU,CAACC,KAAD;AAAA,SACd;AAAK,IAAA,SAAS,EAAC;AAAf,KACE;AAAK,IAAA,SAAS,EAAC;AAAf,KACE,6BAAC,uBAAD;AACE,IAAA,gBAAgB,EAAEA,KAAK,CAACC,gBAD1B;AAEE,IAAA,cAAc,EAAED,KAAK,CAACE;AAFxB,IADF,CADF,EAOE;AAAK,IAAA,SAAS,EAAC;AAAf,KACE,6BAAC,uBAAD;AACE,IAAA,cAAc,EAAEF,KAAK,CAACG,cADxB;AAEE,IAAA,gBAAgB,EAAEH,KAAK,CAACI;AAF1B,IADF,CAPF,EAaE;AAAK,IAAA,SAAS,EAAC;AAAf,KACE,6BAAC,mBAAD;AACE,IAAA,gBAAgB,EAAEJ,KAAK,CAACK,gBAD1B;AAEE,IAAA,cAAc,EAAEL,KAAK,CAACM;AAFxB,IADF,CAbF,CADc;AAAA,CAAhB;;AAuBAP,OAAO,CAACQ,SAAR,GAAoB;AAClBL,EAAAA,cAAc,EAAEM,mBAAUC,IAAV,CAAeC,UADb;AAElBJ,EAAAA,cAAc,EAAEE,mBAAUC,IAAV,CAAeC,UAFb;AAGlBP,EAAAA,cAAc,EAAEK,mBAAUC,IAAV,CAAeC,UAHb;AAIlBT,EAAAA,gBAAgB,EAAEO,mBAAUG,MAJV;AAKlBN,EAAAA,gBAAgB,EAAEG,mBAAUG,MALV;AAMlBP,EAAAA,gBAAgB,EAAEI,mBAAUG;AANV,CAApB;eASeZ,O","sourceRoot":"C:\\Users\\JenniferThorpe\\Desktop\\Nackademin\\JavaScript4\\GitHunt\\githunt\\src\\components\\filters","sourcesContent":["import React from 'react';\r\nimport PropTypes from 'prop-types';\r\n\r\nimport LanguageFilter from './language-filter';\r\nimport ViewFilter from './view-filter';\r\nimport './styles.css';\r\nimport DateJumpFilter from './date-jump-filter';\r\n\r\nconst Filters = (props) => (\r\n  <div className=\"filters-wrap mt-3 mt-sm-3 mt-md-0 mt-xl-0 mt-lg-0\">\r\n    <div className=\"filter-item\">\r\n      <LanguageFilter\r\n        selectedLanguage={props.selectedLanguage}\r\n        updateLanguage={props.updateLanguage}\r\n      />\r\n    </div>\r\n    <div className=\"filter-item\">\r\n      <DateJumpFilter\r\n        updateDateJump={props.updateDateJump}\r\n        selectedDateJump={props.selectedDateJump}\r\n      />\r\n    </div>\r\n    <div className=\"filter-item d-none d-sm-none d-md-none d-xl-block d-lg-block\">\r\n      <ViewFilter\r\n        selectedViewType={props.selectedViewType}\r\n        updateViewType={props.updateViewType}\r\n      />\r\n    </div>\r\n  </div>\r\n);\r\n\r\nFilters.propTypes = {\r\n  updateLanguage: PropTypes.func.isRequired,\r\n  updateViewType: PropTypes.func.isRequired,\r\n  updateDateJump: PropTypes.func.isRequired,\r\n  selectedLanguage: PropTypes.string,\r\n  selectedViewType: PropTypes.string,\r\n  selectedDateJump: PropTypes.string\r\n};\r\n\r\nexport default Filters;\r\n"]},"_coverageSchema":"1a1c01bbd47fc00a2c39e90264f33305004495a9","hash":"745aab1ea4c62f347ab42ef3a652c1d249283ab0","contentHash":"8ea05288f6e154bfea177179cf6cbdf93899678805e0d12b88f08624159dc801"},"C:\\Users\\JenniferThorpe\\Desktop\\Nackademin\\JavaScript4\\GitHunt\\githunt\\src\\components\\filters\\language-filter\\index.js":{"path":"C:\\Users\\JenniferThorpe\\Desktop\\Nackademin\\JavaScript4\\GitHunt\\githunt\\src\\components\\filters\\language-filter\\index.js","statementMap":{"0":{"start":{"line":3,"column":0},"end":{"line":5,"column":3}},"1":{"start":{"line":6,"column":0},"end":{"line":6,"column":25}},"2":{"start":{"line":8,"column":13},"end":{"line":8,"column":53}},"3":{"start":{"line":10,"column":16},"end":{"line":10,"column":60}},"4":{"start":{"line":12,"column":17},"end":{"line":12,"column":62}},"5":{"start":{"line":14,"column":18},"end":{"line":14,"column":63}},"6":{"start":{"line":16,"column":0},"end":{"line":16,"column":24}},"7":{"start":{"line":18,"column":17},"end":{"line":18,"column":63}},"8":{"start":{"line":20,"column":39},"end":{"line":20,"column":93}},"9":{"start":{"line":22,"column":24},"end":{"line":22,"column":328}},"10":{"start":{"line":22,"column":99},"end":{"line":22,"column":154}},"11":{"start":{"line":22,"column":133},"end":{"line":22,"column":151}},"12":{"start":{"line":22,"column":164},"end":{"line":22,"column":326}},"13":{"start":{"line":22,"column":198},"end":{"line":22,"column":323}},"14":{"start":{"line":22,"column":329},"end":{"line":22,"column":349}},"15":{"start":{"line":24,"column":22},"end":{"line":24,"column":275}},"16":{"start":{"line":24,"column":70},"end":{"line":24,"column":257}},"17":{"start":{"line":24,"column":83},"end":{"line":24,"column":84}},"18":{"start":{"line":24,"column":128},"end":{"line":24,"column":140}},"19":{"start":{"line":24,"column":142},"end":{"line":24,"column":255}},"20":{"start":{"line":24,"column":168},"end":{"line":24,"column":253}},"21":{"start":{"line":24,"column":225},"end":{"line":24,"column":251}},"22":{"start":{"line":24,"column":258},"end":{"line":24,"column":272}},"23":{"start":{"line":24,"column":276},"end":{"line":24,"column":315}},"24":{"start":{"line":26,"column":35},"end":{"line":26,"column":115}},"25":{"start":{"line":28,"column":32},"end":{"line":28,"column":103}},"26":{"start":{"line":30,"column":34},"end":{"line":30,"column":160}},"27":{"start":{"line":30,"column":136},"end":{"line":30,"column":160}},"28":{"start":{"line":32,"column":35},"end":{"line":32,"column":164}},"29":{"start":{"line":32,"column":61},"end":{"line":32,"column":149}},"30":{"start":{"line":32,"column":74},"end":{"line":32,"column":75}},"31":{"start":{"line":32,"column":84},"end":{"line":32,"column":105}},"32":{"start":{"line":32,"column":130},"end":{"line":32,"column":147}},"33":{"start":{"line":32,"column":150},"end":{"line":32,"column":162}},"34":{"start":{"line":34,"column":50},"end":{"line":34,"column":151}},"35":{"start":{"line":34,"column":92},"end":{"line":34,"column":149}},"36":{"start":{"line":36,"column":44},"end":{"line":36,"column":315}},"37":{"start":{"line":36,"column":57},"end":{"line":36,"column":58}},"38":{"start":{"line":36,"column":102},"end":{"line":36,"column":110}},"39":{"start":{"line":36,"column":112},"end":{"line":36,"column":167}},"40":{"start":{"line":36,"column":168},"end":{"line":36,"column":199}},"41":{"start":{"line":36,"column":200},"end":{"line":36,"column":254}},"42":{"start":{"line":36,"column":227},"end":{"line":36,"column":254}},"43":{"start":{"line":36,"column":255},"end":{"line":36,"column":313}},"44":{"start":{"line":38,"column":62},"end":{"line":38,"column":131}},"45":{"start":{"line":38,"column":78},"end":{"line":38,"column":131}},"46":{"start":{"line":38,"column":132},"end":{"line":38,"column":193}},"47":{"start":{"line":38,"column":149},"end":{"line":38,"column":193}},"48":{"start":{"line":38,"column":194},"end":{"line":38,"column":213}},"49":{"start":{"line":40,"column":50},"end":{"line":40,"column":138}},"50":{"start":{"line":40,"column":124},"end":{"line":40,"column":136}},"51":{"start":{"line":40,"column":139},"end":{"line":40,"column":175}},"52":{"start":{"line":42,"column":30},"end":{"line":42,"column":176}},"53":{"start":{"line":42,"column":126},"end":{"line":42,"column":173}},"54":{"start":{"line":42,"column":177},"end":{"line":42,"column":203}},"55":{"start":{"line":44,"column":40},"end":{"line":44,"column":151}},"56":{"start":{"line":44,"column":63},"end":{"line":44,"column":149}},"57":{"start":{"line":44,"column":152},"end":{"line":44,"column":164}},"58":{"start":{"line":46,"column":43},"end":{"line":46,"column":182}},"59":{"start":{"line":46,"column":106},"end":{"line":46,"column":180}},"60":{"start":{"line":46,"column":183},"end":{"line":46,"column":328}},"61":{"start":{"line":46,"column":329},"end":{"line":46,"column":383}},"62":{"start":{"line":46,"column":345},"end":{"line":46,"column":383}},"63":{"start":{"line":48,"column":33},"end":{"line":48,"column":138}},"64":{"start":{"line":48,"column":109},"end":{"line":48,"column":125}},"65":{"start":{"line":48,"column":126},"end":{"line":48,"column":135}},"66":{"start":{"line":48,"column":139},"end":{"line":48,"column":168}},"67":{"start":{"line":50,"column":44},"end":{"line":50,"column":195}},"68":{"start":{"line":50,"column":62},"end":{"line":50,"column":166}},"69":{"start":{"line":50,"column":176},"end":{"line":50,"column":193}},"70":{"start":{"line":50,"column":196},"end":{"line":50,"column":207}},"71":{"start":{"line":54,"column":0},"end":{"line":273,"column":27}},"72":{"start":{"line":55,"column":2},"end":{"line":55,"column":46}},"73":{"start":{"line":62,"column":4},"end":{"line":62,"column":42}},"74":{"start":{"line":64,"column":4},"end":{"line":66,"column":5}},"75":{"start":{"line":64,"column":20},"end":{"line":64,"column":36}},"76":{"start":{"line":64,"column":45},"end":{"line":64,"column":60}},"77":{"start":{"line":64,"column":69},"end":{"line":64,"column":70}},"78":{"start":{"line":65,"column":6},"end":{"line":65,"column":35}},"79":{"start":{"line":68,"column":4},"end":{"line":68,"column":149}},"80":{"start":{"line":70,"column":4},"end":{"line":70,"column":97}},"81":{"start":{"line":72,"column":4},"end":{"line":76,"column":7}},"82":{"start":{"line":78,"column":4},"end":{"line":80,"column":7}},"83":{"start":{"line":79,"column":6},"end":{"line":79,"column":43}},"84":{"start":{"line":82,"column":4},"end":{"line":111,"column":7}},"85":{"start":{"line":83,"column":26},"end":{"line":83,"column":51}},"86":{"start":{"line":84,"column":23},"end":{"line":84,"column":39}},"87":{"start":{"line":85,"column":20},"end":{"line":85,"column":36}},"88":{"start":{"line":86,"column":22},"end":{"line":86,"column":38}},"89":{"start":{"line":88,"column":6},"end":{"line":90,"column":7}},"90":{"start":{"line":89,"column":8},"end":{"line":89,"column":15}},"91":{"start":{"line":92,"column":30},"end":{"line":92,"column":58}},"92":{"start":{"line":94,"column":6},"end":{"line":94,"column":25}},"93":{"start":{"line":96,"column":6},"end":{"line":110,"column":7}},"94":{"start":{"line":97,"column":8},"end":{"line":101,"column":11}},"95":{"start":{"line":98,"column":10},"end":{"line":100,"column":12}},"96":{"start":{"line":102,"column":13},"end":{"line":110,"column":7}},"97":{"start":{"line":103,"column":8},"end":{"line":107,"column":11}},"98":{"start":{"line":104,"column":10},"end":{"line":106,"column":12}},"99":{"start":{"line":108,"column":13},"end":{"line":110,"column":7}},"100":{"start":{"line":109,"column":8},"end":{"line":109,"column":44}},"101":{"start":{"line":113,"column":4},"end":{"line":128,"column":7}},"102":{"start":{"line":114,"column":30},"end":{"line":114,"column":58}},"103":{"start":{"line":116,"column":29},"end":{"line":116,"column":61}},"104":{"start":{"line":118,"column":6},"end":{"line":120,"column":7}},"105":{"start":{"line":119,"column":8},"end":{"line":119,"column":15}},"106":{"start":{"line":122,"column":6},"end":{"line":125,"column":9}},"107":{"start":{"line":127,"column":6},"end":{"line":127,"column":57}},"108":{"start":{"line":130,"column":4},"end":{"line":135,"column":7}},"109":{"start":{"line":131,"column":6},"end":{"line":134,"column":9}},"110":{"start":{"line":137,"column":4},"end":{"line":143,"column":7}},"111":{"start":{"line":138,"column":6},"end":{"line":142,"column":9}},"112":{"start":{"line":145,"column":4},"end":{"line":151,"column":7}},"113":{"start":{"line":146,"column":6},"end":{"line":150,"column":9}},"114":{"start":{"line":147,"column":8},"end":{"line":149,"column":10}},"115":{"start":{"line":153,"column":4},"end":{"line":153,"column":17}},"116":{"start":{"line":156,"column":2},"end":{"line":270,"column":6}},"117":{"start":{"line":160,"column":6},"end":{"line":162,"column":7}},"118":{"start":{"line":161,"column":8},"end":{"line":161,"column":37}},"119":{"start":{"line":165,"column":6},"end":{"line":167,"column":7}},"120":{"start":{"line":166,"column":8},"end":{"line":166,"column":32}},"121":{"start":{"line":172,"column":26},"end":{"line":172,"column":46}},"122":{"start":{"line":174,"column":6},"end":{"line":176,"column":7}},"123":{"start":{"line":175,"column":8},"end":{"line":175,"column":15}},"124":{"start":{"line":178,"column":20},"end":{"line":178,"column":64}},"125":{"start":{"line":180,"column":6},"end":{"line":182,"column":7}},"126":{"start":{"line":181,"column":8},"end":{"line":181,"column":15}},"127":{"start":{"line":184,"column":6},"end":{"line":186,"column":9}},"128":{"start":{"line":191,"column":19},"end":{"line":191,"column":23}},"129":{"start":{"line":193,"column":31},"end":{"line":193,"column":69}},"130":{"start":{"line":195,"column":6},"end":{"line":203,"column":7}},"131":{"start":{"line":196,"column":8},"end":{"line":202,"column":11}},"132":{"start":{"line":197,"column":29},"end":{"line":197,"column":57}},"133":{"start":{"line":199,"column":29},"end":{"line":199,"column":66}},"134":{"start":{"line":201,"column":10},"end":{"line":201,"column":57}},"135":{"start":{"line":205,"column":6},"end":{"line":205,"column":32}},"136":{"start":{"line":210,"column":19},"end":{"line":210,"column":23}},"137":{"start":{"line":212,"column":31},"end":{"line":212,"column":58}},"138":{"start":{"line":213,"column":6},"end":{"line":231,"column":9}},"139":{"start":{"line":214,"column":30},"end":{"line":214,"column":68}},"140":{"start":{"line":216,"column":22},"end":{"line":218,"column":14}},"141":{"start":{"line":219,"column":8},"end":{"line":230,"column":28}},"142":{"start":{"line":225,"column":12},"end":{"line":225,"column":50}},"143":{"start":{"line":236,"column":6},"end":{"line":256,"column":34}},"144":{"start":{"line":261,"column":6},"end":{"line":268,"column":114}},"145":{"start":{"line":272,"column":2},"end":{"line":272,"column":24}},"146":{"start":{"line":275,"column":0},"end":{"line":278,"column":2}},"147":{"start":{"line":279,"column":15},"end":{"line":279,"column":29}},"148":{"start":{"line":280,"column":0},"end":{"line":280,"column":27}}},"fnMap":{"0":{"name":"_interopRequireDefault","decl":{"start":{"line":20,"column":9},"end":{"line":20,"column":31}},"loc":{"start":{"line":20,"column":37},"end":{"line":20,"column":95}},"line":20},"1":{"name":"_typeof","decl":{"start":{"line":22,"column":9},"end":{"line":22,"column":16}},"loc":{"start":{"line":22,"column":22},"end":{"line":22,"column":351}},"line":22},"2":{"name":"_typeof","decl":{"start":{"line":22,"column":118},"end":{"line":22,"column":125}},"loc":{"start":{"line":22,"column":131},"end":{"line":22,"column":153}},"line":22},"3":{"name":"_typeof","decl":{"start":{"line":22,"column":183},"end":{"line":22,"column":190}},"loc":{"start":{"line":22,"column":196},"end":{"line":22,"column":325}},"line":22},"4":{"name":"_extends","decl":{"start":{"line":24,"column":9},"end":{"line":24,"column":17}},"loc":{"start":{"line":24,"column":20},"end":{"line":24,"column":317}},"line":24},"5":{"name":"(anonymous_5)","decl":{"start":{"line":24,"column":50},"end":{"line":24,"column":51}},"loc":{"start":{"line":24,"column":68},"end":{"line":24,"column":274}},"line":24},"6":{"name":"_toConsumableArray","decl":{"start":{"line":26,"column":9},"end":{"line":26,"column":27}},"loc":{"start":{"line":26,"column":33},"end":{"line":26,"column":117}},"line":26},"7":{"name":"_nonIterableSpread","decl":{"start":{"line":28,"column":9},"end":{"line":28,"column":27}},"loc":{"start":{"line":28,"column":30},"end":{"line":28,"column":105}},"line":28},"8":{"name":"_iterableToArray","decl":{"start":{"line":30,"column":9},"end":{"line":30,"column":25}},"loc":{"start":{"line":30,"column":32},"end":{"line":30,"column":162}},"line":30},"9":{"name":"_arrayWithoutHoles","decl":{"start":{"line":32,"column":9},"end":{"line":32,"column":27}},"loc":{"start":{"line":32,"column":33},"end":{"line":32,"column":166}},"line":32},"10":{"name":"_classCallCheck","decl":{"start":{"line":34,"column":9},"end":{"line":34,"column":24}},"loc":{"start":{"line":34,"column":48},"end":{"line":34,"column":153}},"line":34},"11":{"name":"_defineProperties","decl":{"start":{"line":36,"column":9},"end":{"line":36,"column":26}},"loc":{"start":{"line":36,"column":42},"end":{"line":36,"column":317}},"line":36},"12":{"name":"_createClass","decl":{"start":{"line":38,"column":9},"end":{"line":38,"column":21}},"loc":{"start":{"line":38,"column":60},"end":{"line":38,"column":215}},"line":38},"13":{"name":"_possibleConstructorReturn","decl":{"start":{"line":40,"column":9},"end":{"line":40,"column":35}},"loc":{"start":{"line":40,"column":48},"end":{"line":40,"column":177}},"line":40},"14":{"name":"_getPrototypeOf","decl":{"start":{"line":42,"column":9},"end":{"line":42,"column":24}},"loc":{"start":{"line":42,"column":28},"end":{"line":42,"column":205}},"line":42},"15":{"name":"_getPrototypeOf","decl":{"start":{"line":42,"column":105},"end":{"line":42,"column":120}},"loc":{"start":{"line":42,"column":124},"end":{"line":42,"column":175}},"line":42},"16":{"name":"_assertThisInitialized","decl":{"start":{"line":44,"column":9},"end":{"line":44,"column":31}},"loc":{"start":{"line":44,"column":38},"end":{"line":44,"column":166}},"line":44},"17":{"name":"_inherits","decl":{"start":{"line":46,"column":9},"end":{"line":46,"column":18}},"loc":{"start":{"line":46,"column":41},"end":{"line":46,"column":385}},"line":46},"18":{"name":"_setPrototypeOf","decl":{"start":{"line":48,"column":9},"end":{"line":48,"column":24}},"loc":{"start":{"line":48,"column":31},"end":{"line":48,"column":170}},"line":48},"19":{"name":"_setPrototypeOf","decl":{"start":{"line":48,"column":85},"end":{"line":48,"column":100}},"loc":{"start":{"line":48,"column":107},"end":{"line":48,"column":137}},"line":48},"20":{"name":"_defineProperty","decl":{"start":{"line":50,"column":9},"end":{"line":50,"column":24}},"loc":{"start":{"line":50,"column":42},"end":{"line":50,"column":209}},"line":50},"21":{"name":"(anonymous_21)","decl":{"start":{"line":54,"column":0},"end":{"line":54,"column":1}},"loc":{"start":{"line":54,"column":28},"end":{"line":273,"column":1}},"line":54},"22":{"name":"LanguageFilter","decl":{"start":{"line":57,"column":11},"end":{"line":57,"column":25}},"loc":{"start":{"line":57,"column":28},"end":{"line":154,"column":3}},"line":57},"23":{"name":"(anonymous_23)","decl":{"start":{"line":78,"column":71},"end":{"line":78,"column":72}},"loc":{"start":{"line":78,"column":83},"end":{"line":80,"column":5}},"line":78},"24":{"name":"(anonymous_24)","decl":{"start":{"line":82,"column":64},"end":{"line":82,"column":65}},"loc":{"start":{"line":82,"column":77},"end":{"line":111,"column":5}},"line":82},"25":{"name":"(anonymous_25)","decl":{"start":{"line":97,"column":23},"end":{"line":97,"column":24}},"loc":{"start":{"line":97,"column":44},"end":{"line":101,"column":9}},"line":97},"26":{"name":"(anonymous_26)","decl":{"start":{"line":103,"column":23},"end":{"line":103,"column":24}},"loc":{"start":{"line":103,"column":44},"end":{"line":107,"column":9}},"line":103},"27":{"name":"(anonymous_27)","decl":{"start":{"line":113,"column":69},"end":{"line":113,"column":70}},"loc":{"start":{"line":113,"column":94},"end":{"line":128,"column":5}},"line":113},"28":{"name":"(anonymous_28)","decl":{"start":{"line":130,"column":67},"end":{"line":130,"column":68}},"loc":{"start":{"line":130,"column":79},"end":{"line":135,"column":5}},"line":130},"29":{"name":"(anonymous_29)","decl":{"start":{"line":137,"column":70},"end":{"line":137,"column":71}},"loc":{"start":{"line":137,"column":83},"end":{"line":143,"column":5}},"line":137},"30":{"name":"(anonymous_30)","decl":{"start":{"line":145,"column":69},"end":{"line":145,"column":70}},"loc":{"start":{"line":145,"column":81},"end":{"line":151,"column":5}},"line":145},"31":{"name":"(anonymous_31)","decl":{"start":{"line":146,"column":21},"end":{"line":146,"column":22}},"loc":{"start":{"line":146,"column":42},"end":{"line":150,"column":7}},"line":146},"32":{"name":"componentDidUpdate","decl":{"start":{"line":158,"column":20},"end":{"line":158,"column":38}},"loc":{"start":{"line":158,"column":61},"end":{"line":168,"column":5}},"line":158},"33":{"name":"ensureSelectedVisible","decl":{"start":{"line":171,"column":20},"end":{"line":171,"column":41}},"loc":{"start":{"line":171,"column":44},"end":{"line":187,"column":5}},"line":171},"34":{"name":"getFilteredLanguages","decl":{"start":{"line":190,"column":20},"end":{"line":190,"column":40}},"loc":{"start":{"line":190,"column":43},"end":{"line":206,"column":5}},"line":190},"35":{"name":"(anonymous_35)","decl":{"start":{"line":196,"column":55},"end":{"line":196,"column":56}},"loc":{"start":{"line":196,"column":75},"end":{"line":202,"column":9}},"line":196},"36":{"name":"renderLanguages","decl":{"start":{"line":209,"column":20},"end":{"line":209,"column":35}},"loc":{"start":{"line":209,"column":38},"end":{"line":232,"column":5}},"line":209},"37":{"name":"(anonymous_37)","decl":{"start":{"line":213,"column":36},"end":{"line":213,"column":37}},"loc":{"start":{"line":213,"column":65},"end":{"line":231,"column":7}},"line":213},"38":{"name":"onMouseDown","decl":{"start":{"line":224,"column":32},"end":{"line":224,"column":43}},"loc":{"start":{"line":224,"column":46},"end":{"line":226,"column":11}},"line":224},"39":{"name":"getLanguageDropdown","decl":{"start":{"line":235,"column":20},"end":{"line":235,"column":39}},"loc":{"start":{"line":235,"column":42},"end":{"line":257,"column":5}},"line":235},"40":{"name":"render","decl":{"start":{"line":260,"column":20},"end":{"line":260,"column":26}},"loc":{"start":{"line":260,"column":29},"end":{"line":269,"column":5}},"line":260}},"branchMap":{"0":{"loc":{"start":{"line":20,"column":46},"end":{"line":20,"column":92}},"type":"cond-expr","locations":[{"start":{"line":20,"column":70},"end":{"line":20,"column":73}},{"start":{"line":20,"column":76},"end":{"line":20,"column":92}}],"line":20},"1":{"loc":{"start":{"line":20,"column":46},"end":{"line":20,"column":67}},"type":"binary-expr","locations":[{"start":{"line":20,"column":46},"end":{"line":20,"column":49}},{"start":{"line":20,"column":53},"end":{"line":20,"column":67}}],"line":20},"2":{"loc":{"start":{"line":22,"column":24},"end":{"line":22,"column":328}},"type":"if","locations":[{"start":{"line":22,"column":24},"end":{"line":22,"column":328}},{"start":{"line":22,"column":24},"end":{"line":22,"column":328}}],"line":22},"3":{"loc":{"start":{"line":22,"column":28},"end":{"line":22,"column":95}},"type":"binary-expr","locations":[{"start":{"line":22,"column":28},"end":{"line":22,"column":56}},{"start":{"line":22,"column":60},"end":{"line":22,"column":95}}],"line":22},"4":{"loc":{"start":{"line":22,"column":205},"end":{"line":22,"column":322}},"type":"cond-expr","locations":[{"start":{"line":22,"column":301},"end":{"line":22,"column":309}},{"start":{"line":22,"column":312},"end":{"line":22,"column":322}}],"line":22},"5":{"loc":{"start":{"line":22,"column":205},"end":{"line":22,"column":298}},"type":"binary-expr","locations":[{"start":{"line":22,"column":205},"end":{"line":22,"column":208}},{"start":{"line":22,"column":212},"end":{"line":22,"column":240}},{"start":{"line":22,"column":244},"end":{"line":22,"column":270}},{"start":{"line":22,"column":274},"end":{"line":22,"column":298}}],"line":22},"6":{"loc":{"start":{"line":24,"column":33},"end":{"line":24,"column":274}},"type":"binary-expr","locations":[{"start":{"line":24,"column":33},"end":{"line":24,"column":46}},{"start":{"line":24,"column":50},"end":{"line":24,"column":274}}],"line":24},"7":{"loc":{"start":{"line":24,"column":168},"end":{"line":24,"column":253}},"type":"if","locations":[{"start":{"line":24,"column":168},"end":{"line":24,"column":253}},{"start":{"line":24,"column":168},"end":{"line":24,"column":253}}],"line":24},"8":{"loc":{"start":{"line":26,"column":42},"end":{"line":26,"column":114}},"type":"binary-expr","locations":[{"start":{"line":26,"column":42},"end":{"line":26,"column":65}},{"start":{"line":26,"column":69},"end":{"line":26,"column":90}},{"start":{"line":26,"column":94},"end":{"line":26,"column":114}}],"line":26},"9":{"loc":{"start":{"line":30,"column":34},"end":{"line":30,"column":160}},"type":"if","locations":[{"start":{"line":30,"column":34},"end":{"line":30,"column":160}},{"start":{"line":30,"column":34},"end":{"line":30,"column":160}}],"line":30},"10":{"loc":{"start":{"line":30,"column":38},"end":{"line":30,"column":134}},"type":"binary-expr","locations":[{"start":{"line":30,"column":38},"end":{"line":30,"column":69}},{"start":{"line":30,"column":73},"end":{"line":30,"column":134}}],"line":30},"11":{"loc":{"start":{"line":32,"column":35},"end":{"line":32,"column":164}},"type":"if","locations":[{"start":{"line":32,"column":35},"end":{"line":32,"column":164}},{"start":{"line":32,"column":35},"end":{"line":32,"column":164}}],"line":32},"12":{"loc":{"start":{"line":34,"column":50},"end":{"line":34,"column":151}},"type":"if","locations":[{"start":{"line":34,"column":50},"end":{"line":34,"column":151}},{"start":{"line":34,"column":50},"end":{"line":34,"column":151}}],"line":34},"13":{"loc":{"start":{"line":36,"column":136},"end":{"line":36,"column":166}},"type":"binary-expr","locations":[{"start":{"line":36,"column":136},"end":{"line":36,"column":157}},{"start":{"line":36,"column":161},"end":{"line":36,"column":166}}],"line":36},"14":{"loc":{"start":{"line":36,"column":200},"end":{"line":36,"column":254}},"type":"if","locations":[{"start":{"line":36,"column":200},"end":{"line":36,"column":254}},{"start":{"line":36,"column":200},"end":{"line":36,"column":254}}],"line":36},"15":{"loc":{"start":{"line":38,"column":62},"end":{"line":38,"column":131}},"type":"if","locations":[{"start":{"line":38,"column":62},"end":{"line":38,"column":131}},{"start":{"line":38,"column":62},"end":{"line":38,"column":131}}],"line":38},"16":{"loc":{"start":{"line":38,"column":132},"end":{"line":38,"column":193}},"type":"if","locations":[{"start":{"line":38,"column":132},"end":{"line":38,"column":193}},{"start":{"line":38,"column":132},"end":{"line":38,"column":193}}],"line":38},"17":{"loc":{"start":{"line":40,"column":50},"end":{"line":40,"column":138}},"type":"if","locations":[{"start":{"line":40,"column":50},"end":{"line":40,"column":138}},{"start":{"line":40,"column":50},"end":{"line":40,"column":138}}],"line":40},"18":{"loc":{"start":{"line":40,"column":54},"end":{"line":40,"column":120}},"type":"binary-expr","locations":[{"start":{"line":40,"column":54},"end":{"line":40,"column":58}},{"start":{"line":40,"column":63},"end":{"line":40,"column":89}},{"start":{"line":40,"column":93},"end":{"line":40,"column":119}}],"line":40},"19":{"loc":{"start":{"line":42,"column":48},"end":{"line":42,"column":175}},"type":"cond-expr","locations":[{"start":{"line":42,"column":72},"end":{"line":42,"column":93}},{"start":{"line":42,"column":96},"end":{"line":42,"column":175}}],"line":42},"20":{"loc":{"start":{"line":42,"column":133},"end":{"line":42,"column":172}},"type":"binary-expr","locations":[{"start":{"line":42,"column":133},"end":{"line":42,"column":144}},{"start":{"line":42,"column":148},"end":{"line":42,"column":172}}],"line":42},"21":{"loc":{"start":{"line":44,"column":40},"end":{"line":44,"column":151}},"type":"if","locations":[{"start":{"line":44,"column":40},"end":{"line":44,"column":151}},{"start":{"line":44,"column":40},"end":{"line":44,"column":151}}],"line":44},"22":{"loc":{"start":{"line":46,"column":43},"end":{"line":46,"column":182}},"type":"if","locations":[{"start":{"line":46,"column":43},"end":{"line":46,"column":182}},{"start":{"line":46,"column":43},"end":{"line":46,"column":182}}],"line":46},"23":{"loc":{"start":{"line":46,"column":47},"end":{"line":46,"column":102}},"type":"binary-expr","locations":[{"start":{"line":46,"column":47},"end":{"line":46,"column":79}},{"start":{"line":46,"column":83},"end":{"line":46,"column":102}}],"line":46},"24":{"loc":{"start":{"line":46,"column":218},"end":{"line":46,"column":252}},"type":"binary-expr","locations":[{"start":{"line":46,"column":218},"end":{"line":46,"column":228}},{"start":{"line":46,"column":232},"end":{"line":46,"column":252}}],"line":46},"25":{"loc":{"start":{"line":46,"column":329},"end":{"line":46,"column":383}},"type":"if","locations":[{"start":{"line":46,"column":329},"end":{"line":46,"column":383}},{"start":{"line":46,"column":329},"end":{"line":46,"column":383}}],"line":46},"26":{"loc":{"start":{"line":48,"column":51},"end":{"line":48,"column":137}},"type":"binary-expr","locations":[{"start":{"line":48,"column":51},"end":{"line":48,"column":72}},{"start":{"line":48,"column":76},"end":{"line":48,"column":137}}],"line":48},"27":{"loc":{"start":{"line":50,"column":44},"end":{"line":50,"column":195}},"type":"if","locations":[{"start":{"line":50,"column":44},"end":{"line":50,"column":195}},{"start":{"line":50,"column":44},"end":{"line":50,"column":195}}],"line":50},"28":{"loc":{"start":{"line":88,"column":6},"end":{"line":90,"column":7}},"type":"if","locations":[{"start":{"line":88,"column":6},"end":{"line":90,"column":7}},{"start":{"line":88,"column":6},"end":{"line":90,"column":7}}],"line":88},"29":{"loc":{"start":{"line":88,"column":10},"end":{"line":88,"column":47}},"type":"binary-expr","locations":[{"start":{"line":88,"column":10},"end":{"line":88,"column":18}},{"start":{"line":88,"column":22},"end":{"line":88,"column":32}},{"start":{"line":88,"column":36},"end":{"line":88,"column":47}}],"line":88},"30":{"loc":{"start":{"line":96,"column":6},"end":{"line":110,"column":7}},"type":"if","locations":[{"start":{"line":96,"column":6},"end":{"line":110,"column":7}},{"start":{"line":96,"column":6},"end":{"line":110,"column":7}}],"line":96},"31":{"loc":{"start":{"line":96,"column":10},"end":{"line":96,"column":38}},"type":"binary-expr","locations":[{"start":{"line":96,"column":10},"end":{"line":96,"column":17}},{"start":{"line":96,"column":21},"end":{"line":96,"column":38}}],"line":96},"32":{"loc":{"start":{"line":102,"column":13},"end":{"line":110,"column":7}},"type":"if","locations":[{"start":{"line":102,"column":13},"end":{"line":110,"column":7}},{"start":{"line":102,"column":13},"end":{"line":110,"column":7}}],"line":102},"33":{"loc":{"start":{"line":102,"column":17},"end":{"line":102,"column":74}},"type":"binary-expr","locations":[{"start":{"line":102,"column":17},"end":{"line":102,"column":26}},{"start":{"line":102,"column":30},"end":{"line":102,"column":74}}],"line":102},"34":{"loc":{"start":{"line":108,"column":13},"end":{"line":110,"column":7}},"type":"if","locations":[{"start":{"line":108,"column":13},"end":{"line":110,"column":7}},{"start"
[...]
:{"line":28,"column":175}},"line":28},"10":{"name":"_assertThisInitialized","decl":{"start":{"line":30,"column":9},"end":{"line":30,"column":31}},"loc":{"start":{"line":30,"column":38},"end":{"line":30,"column":166}},"line":30},"11":{"name":"_inherits","decl":{"start":{"line":32,"column":9},"end":{"line":32,"column":18}},"loc":{"start":{"line":32,"column":41},"end":{"line":32,"column":385}},"line":32},"12":{"name":"_setPrototypeOf","decl":{"start":{"line":34,"column":9},"end":{"line":34,"column":24}},"loc":{"start":{"line":34,"column":31},"end":{"line":34,"column":170}},"line":34},"13":{"name":"_setPrototypeOf","decl":{"start":{"line":34,"column":85},"end":{"line":34,"column":100}},"loc":{"start":{"line":34,"column":107},"end":{"line":34,"column":137}},"line":34},"14":{"name":"_defineProperty","decl":{"start":{"line":36,"column":9},"end":{"line":36,"column":24}},"loc":{"start":{"line":36,"column":42},"end":{"line":36,"column":209}},"line":36},"15":{"name":"(anonymous_15)","decl":{"start":{"line":40,"column":0},"end":{"line":40,"column":1}},"loc":{"start":{"line":40,"column":28},"end":{"line":97,"column":1}},"line":40},"16":{"name":"ViewFilter","decl":{"start":{"line":43,"column":11},"end":{"line":43,"column":21}},"loc":{"start":{"line":43,"column":24},"end":{"line":63,"column":3}},"line":43},"17":{"name":"(anonymous_17)","decl":{"start":{"line":58,"column":69},"end":{"line":58,"column":70}},"loc":{"start":{"line":58,"column":89},"end":{"line":60,"column":5}},"line":58},"18":{"name":"render","decl":{"start":{"line":67,"column":20},"end":{"line":67,"column":26}},"loc":{"start":{"line":67,"column":29},"end":{"line":93,"column":5}},"line":67},"19":{"name":"onClick","decl":{"start":{"line":75,"column":26},"end":{"line":75,"column":33}},"loc":{"start":{"line":75,"column":36},"end":{"line":77,"column":9}},"line":75},"20":{"name":"onClick","decl":{"start":{"line":84,"column":26},"end":{"line":84,"column":33}},"loc":{"start":{"line":84,"column":36},"end":{"line":86,"column":9}},"line":84}},"branchMap":{"0":{"loc":{"start":{"line":16,"column":46},"end":{"line":16,"column":92}},"type":"cond-expr","locations":[{"start":{"line":16,"column":70},"end":{"line":16,"column":73}},{"start":{"line":16,"column":76},"end":{"line":16,"column":92}}],"line":16},"1":{"loc":{"start":{"line":16,"column":46},"end":{"line":16,"column":67}},"type":"binary-expr","locations":[{"start":{"line":16,"column":46},"end":{"line":16,"column":49}},{"start":{"line":16,"column":53},"end":{"line":16,"column":67}}],"line":16},"2":{"loc":{"start":{"line":18,"column":24},"end":{"line":18,"column":328}},"type":"if","locations":[{"start":{"line":18,"column":24},"end":{"line":18,"column":328}},{"start":{"line":18,"column":24},"end":{"line":18,"column":328}}],"line":18},"3":{"loc":{"start":{"line":18,"column":28},"end":{"line":18,"column":95}},"type":"binary-expr","locations":[{"start":{"line":18,"column":28},"end":{"line":18,"column":56}},{"start":{"line":18,"column":60},"end":{"line":18,"column":95}}],"line":18},"4":{"loc":{"start":{"line":18,"column":205},"end":{"line":18,"column":322}},"type":"cond-expr","locations":[{"start":{"line":18,"column":301},"end":{"line":18,"column":309}},{"start":{"line":18,"column":312},"end":{"line":18,"column":322}}],"line":18},"5":{"loc":{"start":{"line":18,"column":205},"end":{"line":18,"column":298}},"type":"binary-expr","locations":[{"start":{"line":18,"column":205},"end":{"line":18,"column":208}},{"start":{"line":18,"column":212},"end":{"line":18,"column":240}},{"start":{"line":18,"column":244},"end":{"line":18,"column":270}},{"start":{"line":18,"column":274},"end":{"line":18,"column":298}}],"line":18},"6":{"loc":{"start":{"line":20,"column":50},"end":{"line":20,"column":151}},"type":"if","locations":[{"start":{"line":20,"column":50},"end":{"line":20,"column":151}},{"start":{"line":20,"column":50},"end":{"line":20,"column":151}}],"line":20},"7":{"loc":{"start":{"line":22,"column":136},"end":{"line":22,"column":166}},"type":"binary-expr","locations":[{"start":{"line":22,"column":136},"end":{"line":22,"column":157}},{"start":{"line":22,"column":161},"end":{"line":22,"column":166}}],"line":22},"8":{"loc":{"start":{"line":22,"column":200},"end":{"line":22,"column":254}},"type":"if","locations":[{"start":{"line":22,"column":200},"end":{"line":22,"column":254}},{"start":{"line":22,"column":200},"end":{"line":22,"column":254}}],"line":22},"9":{"loc":{"start":{"line":24,"column":62},"end":{"line":24,"column":131}},"type":"if","locations":[{"start":{"line":24,"column":62},"end":{"line":24,"column":131}},{"start":{"line":24,"column":62},"end":{"line":24,"column":131}}],"line":24},"10":{"loc":{"start":{"line":24,"column":132},"end":{"line":24,"column":193}},"type":"if","locations":[{"start":{"line":24,"column":132},"end":{"line":24,"column":193}},{"start":{"line":24,"column":132},"end":{"line":24,"column":193}}],"line":24},"11":{"loc":{"start":{"line":26,"column":50},"end":{"line":26,"column":138}},"type":"if","locations":[{"start":{"line":26,"column":50},"end":{"line":26,"column":138}},{"start":{"line":26,"column":50},"end":{"line":26,"column":138}}],"line":26},"12":{"loc":{"start":{"line":26,"column":54},"end":{"line":26,"column":120}},"type":"binary-expr","locations":[{"start":{"line":26,"column":54},"end":{"line":26,"column":58}},{"start":{"line":26,"column":63},"end":{"line":26,"column":89}},{"start":{"line":26,"column":93},"end":{"line":26,"column":119}}],"line":26},"13":{"loc":{"start":{"line":28,"column":48},"end":{"line":28,"column":175}},"type":"cond-expr","locations":[{"start":{"line":28,"column":72},"end":{"line":28,"column":93}},{"start":{"line":28,"column":96},"end":{"line":28,"column":175}}],"line":28},"14":{"loc":{"start":{"line":28,"column":133},"end":{"line":28,"column":172}},"type":"binary-expr","locations":[{"start":{"line":28,"column":133},"end":{"line":28,"column":144}},{"start":{"line":28,"column":148},"end":{"line":28,"column":172}}],"line":28},"15":{"loc":{"start":{"line":30,"column":40},"end":{"line":30,"column":151}},"type":"if","locations":[{"start":{"line":30,"column":40},"end":{"line":30,"column":151}},{"start":{"line":30,"column":40},"end":{"line":30,"column":151}}],"line":30},"16":{"loc":{"start":{"line":32,"column":43},"end":{"line":32,"column":182}},"type":"if","locations":[{"start":{"line":32,"column":43},"end":{"line":32,"column":182}},{"start":{"line":32,"column":43},"end":{"line":32,"column":182}}],"line":32},"17":{"loc":{"start":{"line":32,"column":47},"end":{"line":32,"column":102}},"type":"binary-expr","locations":[{"start":{"line":32,"column":47},"end":{"line":32,"column":79}},{"start":{"line":32,"column":83},"end":{"line":32,"column":102}}],"line":32},"18":{"loc":{"start":{"line":32,"column":218},"end":{"line":32,"column":252}},"type":"binary-expr","locations":[{"start":{"line":32,"column":218},"end":{"line":32,"column":228}},{"start":{"line":32,"column":232},"end":{"line":32,"column":252}}],"line":32},"19":{"loc":{"start":{"line":32,"column":329},"end":{"line":32,"column":383}},"type":"if","locations":[{"start":{"line":32,"column":329},"end":{"line":32,"column":383}},{"start":{"line":32,"column":329},"end":{"line":32,"column":383}}],"line":32},"20":{"loc":{"start":{"line":34,"column":51},"end":{"line":34,"column":137}},"type":"binary-expr","locations":[{"start":{"line":34,"column":51},"end":{"line":34,"column":72}},{"start":{"line":34,"column":76},"end":{"line":34,"column":137}}],"line":34},"21":{"loc":{"start":{"line":36,"column":44},"end":{"line":36,"column":195}},"type":"if","locations":[{"start":{"line":36,"column":44},"end":{"line":36,"column":195}},{"start":{"line":36,"column":44},"end":{"line":36,"column":195}}],"line":36}},"s":{"0":1,"1":1,"2":1,"3":1,"4":1,"5":1,"6":3,"7":0,"8":0,"9":0,"10":0,"11":0,"12":0,"13":3,"14":0,"15":1,"16":1,"17":1,"18":1,"19":1,"20":1,"21":1,"22":1,"23":1,"24":1,"25":1,"26":0,"27":1,"28":3,"29":0,"30":3,"31":1,"32":0,"33":1,"34":9,"35":0,"36":9,"37":1,"38":0,"39":1,"40":1,"41":1,"42":1,"43":0,"44":0,"45":1,"46":6,"47":0,"48":6,"49":6,"50":1,"51":1,"52":3,"53":3,"54":3,"55":3,"56":3,"57":9,"58":3,"59":3,"60":3,"61":2,"62":3,"63":1,"64":4,"65":4,"66":1,"67":1,"68":1,"69":1,"70":1,"71":1},"f":{"0":3,"1":0,"2":0,"3":0,"4":3,"5":1,"6":1,"7":3,"8":1,"9":0,"10":9,"11":1,"12":1,"13":0,"14":6,"15":1,"16":3,"17":2,"18":4,"19":1,"20":1},"b":{"0":[0,3],"1":[3,3],"2":[0,0],"3":[0,0],"4":[0,0],"5":[0,0,0,0],"6":[0,3],"7":[1,1],"8":[1,0],"9":[1,0],"10":[0,1],"11":[0,3],"12":[3,0,0],"13":[1,0],"14":[0,0],"15":[0,9],"16":[0,1],"17":[1,0],"18":[1,1],"19":[1,0],"20":[1,0],"21":[0,6]},"inputSourceMap":{"version":3,"sources":["index.js"],"names":["ViewFilter","viewType","props","updateViewType","changeSelected","active","selectedViewType","React","Component","propTypes","PropTypes","func","isRequired","string"],"mappings":";;;;;;;AAAA;;AACA;;AACA;;AAEA;;;;;;;;;;;;;;;;;;;;;;;;IAEMA,U;;;;;;;;;;;;;;;;;;4DACI,E;;qEAES,UAACC,QAAD,EAAc;AAC7B,YAAKC,KAAL,CAAWC,cAAX,CAA0BF,QAA1B;AACD,K;;;;;;;6BAEQ;AAAA;;AACP,aACE;AAAK,QAAA,SAAS,EAAC;AAAf,SACE;AAAK,QAAA,SAAS,EAAC;AAAf,SACE;AAAQ,QAAA,OAAO,EAAE;AAAA,iBAAM,MAAI,CAACG,cAAL,CAAoB,MAApB,CAAN;AAAA,SAAjB;AAAoD,QAAA,SAAS,EAAE,yBAAW;AAAEC,UAAAA,MAAM,EAAE,KAAKH,KAAL,CAAWI,gBAAX,KAAgC;AAA1C,SAAX;AAA/D,SACE;AAAG,QAAA,SAAS,EAAC;AAAb,QADF,SADF,EAKE;AAAQ,QAAA,OAAO,EAAE;AAAA,iBAAM,MAAI,CAACF,cAAL,CAAoB,MAApB,CAAN;AAAA,SAAjB;AAAoD,QAAA,SAAS,EAAE,yBAAW;AAAEC,UAAAA,MAAM,EAAE,KAAKH,KAAL,CAAWI,gBAAX,KAAgC;AAA1C,SAAX;AAA/D,SACE;AAAG,QAAA,SAAS,EAAC;AAAb,QADF,SALF,CADF,CADF;AAcD;;;;EAtBsBC,eAAMC,S;;AAyB/BR,UAAU,CAACS,SAAX,GAAuB;AACrBN,EAAAA,cAAc,EAAEO,mBAAUC,IAAV,CAAeC,UADV;AAErBN,EAAAA,gBAAgB,EAAEI,mBAAUG;AAFP,CAAvB;eAKeb,U","sourceRoot":"C:\\Users\\JenniferThorpe\\Desktop\\Nackademin\\JavaScript4\\GitHunt\\githunt\\src\\components\\filters\\view-filter","sourcesContent":["import React from 'react';\r\nimport classNames from 'classnames';\r\nimport PropTypes from 'prop-types';\r\n\r\nimport './styles.css';\r\n\r\nclass ViewFilter extends React.Component {\r\n  state = {};\r\n\r\n  changeSelected = (viewType) => {\r\n    this.props.updateViewType(viewType);\r\n  };\r\n\r\n  render() {\r\n    return (\r\n      <div className=\"view-type-wrap\">\r\n        <div className=\"view-type btn shadowed cursor-default\">\r\n          <button onClick={() => this.changeSelected('grid')} className={classNames({ active: this.props.selectedViewType === 'grid' })}>\r\n            <i className=\"fa fa-table mr-2\"></i>\r\n            Grid\r\n          </button>\r\n          <button onClick={() => this.changeSelected('list')} className={classNames({ active: this.props.selectedViewType === 'list' })}>\r\n            <i className=\"fa fa-list mr-2\"></i>\r\n            List\r\n          </button>\r\n        </div>\r\n      </div>\r\n    );\r\n  }\r\n}\r\n\r\nViewFilter.propTypes = {\r\n  updateViewType: PropTypes.func.isRequired,\r\n  selectedViewType: PropTypes.string,\r\n};\r\n\r\nexport default ViewFilter;\r\n"]},"_coverageSchema":"1a1c01bbd47fc00a2c39e90264f33305004495a9","hash":"1e84b23046ed9533a9d248d312f1933468a45386","contentHash":"3f2f232581008743e5f1464b4b19acd2e29a890c941027a9e28ca9adae517bc5"},"C:\\Users\\JenniferThorpe\\Desktop\\Nackademin\\JavaScript4\\GitHunt\\githunt\\src\\components\\filters\\language-filter\\index.spec.js":{"path":"C:\\Users\\JenniferThorpe\\Desktop\\Nackademin\\JavaScript4\\GitHunt\\githunt\\src\\components\\filters\\language-filter\\index.spec.js","statementMap":{},"fnMap":{},"branchMap":{},"s":{},"f":{},"b":{},"inputSourceMap":{"version":3,"sources":[],"names":[],"mappings":"","sourceRoot":"C:\\Users\\JenniferThorpe\\Desktop\\Nackademin\\JavaScript4\\GitHunt\\githunt\\src\\components\\filters\\language-filter","sourcesContent":[]},"_coverageSchema":"1a1c01bbd47fc00a2c39e90264f33305004495a9","hash":"8374d9851ae0ddef78d6694a041be7bb479ea283","contentHash":"11f49cccd24111c12bfa8fae16fbd680a7412fbd6606759912b9e4b1a12976d8"},"C:\\Users\\JenniferThorpe\\Desktop\\Nackademin\\JavaScript4\\GitHunt\\githunt\\src\\components\\filters\\view-filter\\index.spec.js":{"path":"C:\\Users\\JenniferThorpe\\Desktop\\Nackademin\\JavaScript4\\GitHunt\\githunt\\src\\components\\filters\\view-filter\\index.spec.js","statementMap":{"0":{"start":{"line":3,"column":13},"end":{"line":3,"column":53}},"1":{"start":{"line":5,"column":13},"end":{"line":5,"column":55}},"2":{"start":{"line":7,"column":39},"end":{"line":7,"column":93}},"3":{"start":{"line":9,"column":0},"end":{"line":46,"column":3}},"4":{"start":{"line":11,"column":2},"end":{"line":22,"column":5}},"5":{"start":{"line":12,"column":4},"end":{"line":12,"column":38}},"6":{"start":{"line":13,"column":4},"end":{"line":16,"column":6}},"7":{"start":{"line":17,"column":4},"end":{"line":17,"column":75}},"8":{"start":{"line":18,"column":4},"end":{"line":21,"column":6}},"9":{"start":{"line":23,"column":2},"end":{"line":27,"column":5}},"10":{"start":{"line":24,"column":4},"end":{"line":24,"column":51}},"11":{"start":{"line":25,"column":4},"end":{"line":25,"column":48}},"12":{"start":{"line":26,"column":4},"end":{"line":26,"column":66}},"13":{"start":{"line":28,"column":2},"end":{"line":32,"column":5}},"14":{"start":{"line":29,"column":4},"end":{"line":29,"column":51}},"15":{"start":{"line":30,"column":4},"end":{"line":30,"column":48}},"16":{"start":{"line":31,"column":4},"end":{"line":31,"column":66}},"17":{"start":{"line":33,"column":2},"end":{"line":45,"column":5}},"18":{"start":{"line":34,"column":4},"end":{"line":34,"column":50}},"19":{"start":{"line":35,"column":4},"end":{"line":35,"column":48}},"20":{"start":{"line":36,"column":15},"end":{"line":36,"column":43}},"21":{"start":{"line":37,"column":4},"end":{"line":37,"column":41}},"22":{"start":{"line":38,"column":15},"end":{"line":38,"column":43}},"23":{"start":{"line":39,"column":4},"end":{"line":39,"column":41}},"24":{"start":{"line":40,"column":4},"end":{"line":40,"column":75}},"25":{"start":{"line":41,"column":4},"end":{"line":43,"column":7}},"26":{"start":{"line":44,"column":4},"end":{"line":44,"column":75}}},"fnMap":{"0":{"name":"_interopRequireDefault","decl":{"start":{"line":7,"column":9},"end":{"line":7,"column":31}},"loc":{"start":{"line":7,"column":37},"end":{"line":7,"column":95}},"line":7},"1":{"name":"(anonymous_1)","decl":{"start":{"line":9,"column":23},"end":{"line":9,"column":24}},"loc":{"start":{"line":9,"column":35},"end":{"line":46,"column":1}},"line":9},"2":{"name":"(anonymous_2)","decl":{"start":{"line":11,"column":13},"end":{"line":11,"column":14}},"loc":{"start":{"line":11,"column":25},"end":{"line":22,"column":3}},"line":11},"3":{"name":"(anonymous_3)","decl":{"start":{"line":23,"column":24},"end":{"line":23,"column":25}},"loc":{"start":{"line":23,"column":36},"end":{"line":27,"column":3}},"line":23},"4":{"name":"(anonymous_4)","decl":{"start":{"line":28,"column":24},"end":{"line":28,"column":25}},"loc":{"start":{"line":28,"column":36},"end":{"line":32,"column":3}},"line":28},"5":{"name":"(anonymous_5)","decl":{"start":{"line":33,"column":24},"end":{"line":33,"column":25}},"loc":{"start":{"line":33,"column":36},"end":{"line":45,"column":3}},"line":33}},"branchMap":{"0":{"loc":{"start":{"line":7,"column":46},"end":{"line":7,"column":92}},"type":"cond-expr","locations":[{"start":{"line":7,"column":70},"end":{"line":7,"column":73}},{"start":{"line":7,"column":76},"end":{"line":7,"column":92}}],"line":7},"1":{"loc":{"start":{"line":7,"column":46},"end":{"line":7,"column":67}},"type":"binary-expr","locations":[{"start":{"line":7,"column":46},"end":{"line":7,"column":49}},{"start":{"line":7,"column":53},"end":{"line":7,"column":67}}],"line":7}},"s":{"0":1,"1":1,"2":2,"3":1,"4":1,"5":3,"6":3,"7":3,"8":3,"9":1,"10":1,"11":1,"12":1,"13":1,"14":1,"15":1,"16":1,"17":1,"18":1,"19":1,"20":1,"21":1,"22":1,"23":1,"24":1,"25":1,"26":1},"f":{"0":2,"1":1,"2":3,"3":1,"4":1,"5":1},"b":{"0":[1,1],"1":[2,2]},"inputSourceMap":{"version":3,"sources":["index.spec.js"],"names":["describe","props","wrapper","fakeUpdateViewType","beforeEach","sinon","fake","updateViewType","selectedViewType","shallow","it","find","at","simulate","assert","calledOnce","calledWith","firstCall","expect","to","have","length","grid","text","equal","list","hasClass","setProps"],"mappings":";;AAAA;;AACA;;;;AAEAA,QAAQ,CAAC,YAAD,EAAe,YAAM;AAE3B,MAAIC,KAAJ,EAAWC,OAAX,EAAoBC,kBAApB;AAEAC,EAAAA,UAAU,CAAC,YAAM;AAEfD,IAAAA,kBAAkB,GAAGE,KAAK,CAACC,IAAN,EAArB;AAEAL,IAAAA,KAAK,GAAG;AACNM,MAAAA,cAAc,EAAEJ,kBADV;AAENK,MAAAA,gBAAgB,EAAE;AAFZ,KAAR;AAKAN,IAAAA,OAAO,GAAGO,OAAO,CAAC,6BAAC,cAAD,EAAgBR,KAAhB,CAAD,CAAjB;AAEA,WAAO;AACLA,MAAAA,KAAK,EAALA,KADK;AAELC,MAAAA,OAAO,EAAPA;AAFK,KAAP;AAID,GAfS,CAAV;AAkBAQ,EAAAA,EAAE,CAAC,iBAAD,EAAoB,YAAM;AAC1BR,IAAAA,OAAO,CAACS,IAAR,CAAa,QAAb,EAAuBC,EAAvB,CAA0B,CAA1B,EAA6BC,QAA7B,CAAsC,OAAtC;AACAR,IAAAA,KAAK,CAACS,MAAN,CAAaC,UAAb,CAAwBZ,kBAAxB;AACAE,IAAAA,KAAK,CAACS,MAAN,CAAaE,UAAb,CAAwBb,kBAAkB,CAACc,SAA3C,EAAsD,MAAtD;AACD,GAJC,CAAF;AAMAP,EAAAA,EAAE,CAAC,iBAAD,EAAoB,YAAM;AAC1BR,IAAAA,OAAO,CAACS,IAAR,CAAa,QAAb,EAAuBC,EAAvB,CAA0B,CAA1B,EAA6BC,QAA7B,CAAsC,OAAtC;AACAR,IAAAA,KAAK,CAACS,MAAN,CAAaC,UAAb,CAAwBZ,kBAAxB;AACAE,IAAAA,KAAK,CAACS,MAAN,CAAaE,UAAb,CAAwBb,kBAAkB,CAACc,SAA3C,EAAsD,MAAtD;AACD,GAJC,CAAF;AAMAP,EAAAA,EAAE,CAAC,iBAAD,EAAoB,YAAM;AAC1BQ,IAAAA,MAAM,CAAChB,OAAO,CAACS,IAAR,CAAa,KAAb,CAAD,CAAN,CAA4BQ,EAA5B,CAA+BC,IAA/B,CAAoCC,MAApC,CAA2C,CAA3C;AACAH,IAAAA,MAAM,CAAChB,OAAO,CAACS,IAAR,CAAa,GAAb,CAAD,CAAN,CAA0BQ,EAA1B,CAA6BC,IAA7B,CAAkCC,MAAlC,CAAyC,CAAzC;AAEA,QAAMC,IAAI,GAAGpB,OAAO,CAACS,IAAR,CAAa,QAAb,EAAuBC,EAAvB,CAA0B,CAA1B,CAAb;AACAM,IAAAA,MAAM,CAACI,IAAI,CAACC,IAAL,EAAD,CAAN,CAAoBJ,EAApB,CAAuBK,KAAvB,CAA6B,MAA7B;AACA,QAAMC,IAAI,GAAGvB,OAAO,CAACS,IAAR,CAAa,QAAb,EAAuBC,EAAvB,CAA0B,CAA1B,CAAb;AACAM,IAAAA,MAAM,CAACO,IAAI,CAACF,IAAL,EAAD,CAAN,CAAoBJ,EAApB,CAAuBK,KAAvB,CAA6B,MAA7B;AAEAN,IAAAA,MAAM,CAAChB,OAAO,CAACS,IAAR,CAAa,QAAb,EAAuBC,EAAvB,CAA0B,CAA1B,EAA6Bc,QAA7B,CAAsC,QAAtC,CAAD,CAAN,CAAwDP,EAAxD,CAA2DK,KAA3D,CAAiE,IAAjE;AACAtB,IAAAA,OAAO,CAACyB,QAAR,CAAiB;AAAEnB,MAAAA,gBAAgB,EAAE;AAApB,KAAjB;AACAU,IAAAA,MAAM,CAAChB,OAAO,CAACS,IAAR,CAAa,QAAb,EAAuBC,EAAvB,CAA0B,CAA1B,EAA6Bc,QAA7B,CAAsC,QAAtC,CAAD,CAAN,CAAwDP,EAAxD,CAA2DK,KAA3D,CAAiE,IAAjE;AACD,GAZC,CAAF;AAcD,CAhDO,CAAR","sourceRoot":"C:\\Users\\JenniferThorpe\\Desktop\\Nackademin\\JavaScript4\\GitHunt\\githunt\\src\\components\\filters\\view-filter","sourcesContent":["import React from 'react';\r\nimport ViewFilter from './index';\r\n\r\ndescribe('ViewFilter', () => {\r\n\r\n  let props, wrapper, fakeUpdateViewType;\r\n\r\n  beforeEach(() => {\r\n\r\n    fakeUpdateViewType = sinon.fake();\r\n\r\n    props = {\r\n      updateViewType: fakeUpdateViewType,\r\n      selectedViewType: 'list'\r\n    }\r\n\r\n    wrapper = shallow(<ViewFilter {...props}></ViewFilter>)\r\n\r\n    return {\r\n      props,\r\n      wrapper\r\n    }\r\n  }\r\n  )\r\n\r\n  it('Changes to grid', () => {\r\n    wrapper.find('button').at(0).simulate('click');\r\n    sinon.assert.calledOnce(fakeUpdateViewType)\r\n    sinon.assert.calledWith(fakeUpdateViewType.firstCall, 'grid')\r\n  })\r\n\r\n  it('Changes to list', () => {\r\n    wrapper.find('button').at(1).simulate('click');\r\n    sinon.assert.calledOnce(fakeUpdateViewType)\r\n    sinon.assert.calledWith(fakeUpdateViewType.firstCall, 'list')\r\n  })\r\n\r\n  it('renders options', () => {\r\n    expect(wrapper.find('div')).to.have.length(2)\r\n    expect(wrapper.find('i')).to.have.length(2)\r\n\r\n    const grid = wrapper.find('button').at(0);\r\n    expect(grid.text()).to.equal('Grid');\r\n    const list = wrapper.find('button').at(1);\r\n    expect(list.text()).to.equal('List');\r\n\r\n    expect(wrapper.find('button').at(1).hasClass('active')).to.equal(true)\r\n    wrapper.setProps({ selectedViewType: 'grid' })\r\n    expect(wrapper.find('button').at(0).hasClass('active')).to.equal(true)\r\n  })\r\n\r\n})"]},"_coverageSchema":"1a1c01bbd47fc00a2c39e90264f33305004495a9","hash":"b93d15f7584df4e7daf5b9ad24687713fb32c2ae","contentHash":"3d0184e52a4c5819b9366f1749807c6d5a714392a2919a1be7931571090ab1f5"}}